Starting a Gradle Daemon, 3 busy and 2 incompatible and 5 stopped Daemons could not be reused, use --status for details
> Task :clean
> Task :compileJava
> Task :processResources
> Task :classes
> Task :resolveMainClassName

> Task :bootRun

  .   ____          _            __ _ _
 /\\ / ___'_ __ _ _(_)_ __  __ _ \ \ \ \
( ( )\___ | '_ | '_| | '_ \/ _` | \ \ \ \
 \\/  ___)| |_)| | | | | || (_| |  ) ) ) )
  '  |____| .__|_| |_|_| |_\__, | / / / /
 =========|_|==============|___/=/_/_/_/

 :: Spring Boot ::                (v3.4.3)

2026-03-15T02:46:20.398-05:00  INFO 39376 --- [back-regalos] [           main] c.r.back_regalos.BackRegalosApplication  : Starting BackRegalosApplication using Java 17.0.17 with PID 39376 (D:\Documentos\Accelwolf\Downloads\Tienda\back-regalos\build\classes\java\main started by accelwolf in D:\Documentos\Accelwolf\Downloads\Tienda\back-regalos)
2026-03-15T02:46:20.401-05:00  INFO 39376 --- [back-regalos] [           main] c.r.back_regalos.BackRegalosApplication  : No active profile set, falling back to 1 default profile: "default"
2026-03-15T02:46:21.904-05:00  INFO 39376 --- [back-regalos] [           main] .s.d.r.c.RepositoryConfigurationDelegate : Bootstrapping Spring Data JPA repositories in DEFAULT mode.
2026-03-15T02:46:22.103-05:00  INFO 39376 --- [back-regalos] [           main] .s.d.r.c.RepositoryConfigurationDelegate : Finished Spring Data repository scanning in 182 ms. Found 17 JPA repository interfaces.
2026-03-15T02:46:22.662-05:00  INFO 39376 --- [back-regalos] [           main] o.s.b.w.embedded.tomcat.TomcatWebServer  : Tomcat initialized with port 8080 (http)
2026-03-15T02:46:22.673-05:00  INFO 39376 --- [back-regalos] [           main] o.apache.catalina.core.StandardService   : Starting service [Tomcat]
2026-03-15T02:46:22.673-05:00  INFO 39376 --- [back-regalos] [           main] o.apache.catalina.core.StandardEngine    : Starting Servlet engine: [Apache Tomcat/10.1.36]
2026-03-15T02:46:22.731-05:00  INFO 39376 --- [back-regalos] [           main] o.a.c.c.C.[Tomcat].[localhost].[/]       : Initializing Spring embedded WebApplicationContext
2026-03-15T02:46:22.732-05:00  INFO 39376 --- [back-regalos] [           main] w.s.c.ServletWebServerApplicationContext : Root WebApplicationContext: initialization completed in 2159 ms
2026-03-15T02:46:22.839-05:00  INFO 39376 --- [back-regalos] [           main] o.hibernate.jpa.internal.util.LogHelper  : HHH000204: Processing PersistenceUnitInfo [name: default]
2026-03-15T02:46:22.885-05:00  INFO 39376 --- [back-regalos] [           main] org.hibernate.Version                    : HHH000412: Hibernate ORM core version 6.6.8.Final
2026-03-15T02:46:22.914-05:00  INFO 39376 --- [back-regalos] [           main] o.h.c.internal.RegionFactoryInitiator    : HHH000026: Second-level cache disabled
2026-03-15T02:46:23.154-05:00  INFO 39376 --- [back-regalos] [           main] o.s.o.j.p.SpringPersistenceUnitInfo      : No LoadTimeWeaver setup: ignoring JPA class transformer
2026-03-15T02:46:23.181-05:00  INFO 39376 --- [back-regalos] [           main] com.zaxxer.hikari.HikariDataSource       : HikariPool-1 - Starting...
2026-03-15T02:46:24.868-05:00  INFO 39376 --- [back-regalos] [           main] com.zaxxer.hikari.HikariDataSource       : HikariPool-1 - Start completed.
2026-03-15T02:46:26.085-05:00  WARN 39376 --- [back-regalos] [           main] org.hibernate.orm.deprecation            : HHH90000025: PostgreSQLDialect does not need to be specified explicitly using 'hibernate.dialect' (remove the property setting and it will be selected by default)
2026-03-15T02:46:26.381-05:00  INFO 39376 --- [back-regalos] [           main] org.hibernate.orm.connections.pooling    : HHH10001005: Database info:
	Database JDBC URL [Connecting through datasource 'HikariDataSource (HikariPool-1)']
	Database driver: undefined/unknown
	Database version: 18.3
	Autocommit mode: undefined/unknown
	Isolation level: undefined/unknown
	Minimum pool size: undefined/unknown
	Maximum pool size: undefined/unknown
2026-03-15T02:46:27.459-05:00  INFO 39376 --- [back-regalos] [           main] o.h.e.t.j.p.i.JtaPlatformInitiator       : HHH000489: No JTA platform available (set 'hibernate.transaction.jta.platform' to enable JTA platform integration)
2026-03-15T02:46:27.461-05:00  INFO 39376 --- [back-regalos] [           main] j.LocalContainerEntityManagerFactoryBean : Initialized JPA EntityManagerFactory for persistence unit 'default'
2026-03-15T02:46:27.887-05:00  INFO 39376 --- [back-regalos] [           main] eAuthenticationProviderManagerConfigurer : Global AuthenticationManager configured with AuthenticationProvider bean with name authenticationProvider
2026-03-15T02:46:27.888-05:00  WARN 39376 --- [back-regalos] [           main] r$InitializeUserDetailsManagerConfigurer : Global AuthenticationManager configured with an AuthenticationProvider bean. UserDetailsService beans will not be used by Spring Security for automatically configuring username/password login. Consider removing the AuthenticationProvider bean. Alternatively, consider using the UserDetailsService in a manually instantiated DaoAuthenticationProvider. If the current configuration is intentional, to turn off this warning, increase the logging level of 'org.springframework.security.config.annotation.authentication.configuration.InitializeUserDetailsBeanManagerConfigurer' to ERROR
2026-03-15T02:46:27.992-05:00  WARN 39376 --- [back-regalos] [           main] JpaBaseConfiguration$JpaWebConfiguration : spring.jpa.open-in-view is enabled by default. Therefore, database queries may be performed during view rendering. Explicitly configure spring.jpa.open-in-view to disable this warning
2026-03-15T02:46:28.399-05:00  INFO 39376 --- [back-regalos] [           main] o.s.d.j.r.query.QueryEnhancerFactory     : Hibernate is in classpath; If applicable, HQL parser will be used.
2026-03-15T02:46:28.787-05:00  INFO 39376 --- [back-regalos] [           main] o.s.b.w.embedded.tomcat.TomcatWebServer  : Tomcat started on port 8080 (http) with context path '/'
2026-03-15T02:46:28.797-05:00  INFO 39376 --- [back-regalos] [           main] c.r.back_regalos.BackRegalosApplication  : Started BackRegalosApplication in 9.189 seconds (process running for 9.727)
? Table store_banners verified/created.
Hibernate: 
    select
        au1_0.id,
        au1_0.created_at,
        au1_0.email,
        au1_0.first_name,
        au1_0.is_active,
        au1_0.last_login,
        au1_0.last_name,
        au1_0.password_hash,
        au1_0.role_id,
        au1_0.updated_at 
    from
        app_users au1_0 
    where
        au1_0.email=?
Hibernate: 
    select
        r1_0.id,
        r1_0.created_at,
        r1_0.description,
        r1_0.is_active,
        r1_0.name,
        r1_0.updated_at 
    from
        roles r1_0 
    where
        r1_0.id=?
Hibernate: 
    select
        au1_0.id,
        au1_0.created_at,
        au1_0.email,
        au1_0.first_name,
        au1_0.is_active,
        au1_0.last_login,
        au1_0.last_name,
        au1_0.password_hash,
        r1_0.id,
        r1_0.created_at,
        r1_0.description,
        r1_0.is_active,
        r1_0.name,
        r1_0.updated_at,
        au1_0.updated_at 
    from
        app_users au1_0 
    left join
        roles r1_0 
            on r1_0.id=au1_0.role_id 
    where
        au1_0.id=?
Hibernate: 
    update
        app_users 
    set
        email=?,
        first_name=?,
        is_active=?,
        last_login=?,
        last_name=?,
        password_hash=?,
        role_id=? 
    where
        id=?
? Password for admin1@regalos.com has been resetted to 'admin123'
Hibernate: 
    select
        au1_0.id,
        au1_0.created_at,
        au1_0.email,
        au1_0.first_name,
        au1_0.is_active,
        au1_0.last_login,
        au1_0.last_name,
        au1_0.password_hash,
        au1_0.role_id,
        au1_0.updated_at 
    from
        app_users au1_0 
    where
        au1_0.email=?
Hibernate: 
    select
        r1_0.id,
        r1_0.created_at,
        r1_0.description,
        r1_0.is_active,
        r1_0.name,
        r1_0.updated_at 
    from
        roles r1_0 
    where
        r1_0.id=?
Hibernate: 
    select
        au1_0.id,
        au1_0.created_at,
        au1_0.email,
        au1_0.first_name,
        au1_0.is_active,
        au1_0.last_login,
        au1_0.last_name,
        au1_0.password_hash,
        r1_0.id,
        r1_0.created_at,
        r1_0.description,
        r1_0.is_active,
        r1_0.name,
        r1_0.updated_at,
        au1_0.updated_at 
    from
        app_users au1_0 
    left join
        roles r1_0 
            on r1_0.id=au1_0.role_id 
    where
        au1_0.id=?
Hibernate: 
    update
        app_users 
    set
        email=?,
        first_name=?,
        is_active=?,
        last_login=?,
        last_name=?,
        password_hash=?,
        role_id=? 
    where
        id=?
Hibernate: 
    select
        count(*) 
    from
        store_settings ss1_0
