Starting a Gradle Daemon, 2 busy and 1 incompatible and 3 stopped Daemons could not be reused, use --status for details
> Task :clean
> Task :compileJava
> Task :processResources
> Task :classes
> Task :resolveMainClassName

> Task :bootRun

  .   ____          _            __ _ _
 /\\ / ___'_ __ _ _(_)_ __  __ _ \ \ \ \
( ( )\___ | '_ | '_| | '_ \/ _` | \ \ \ \
 \\/  ___)| |_)| | | | | || (_| |  ) ) ) )
  '  |____| .__|_| |_|_| |_\__, | / / / /
 =========|_|==============|___/=/_/_/_/

 :: Spring Boot ::                (v3.4.3)

2026-03-15T02:38:30.065-05:00  INFO 39956 --- [back-regalos] [           main] c.r.back_regalos.BackRegalosApplication  : Starting BackRegalosApplication using Java 17.0.17 with PID 39956 (D:\Documentos\Accelwolf\Downloads\Tienda\back-regalos\build\classes\java\main started by accelwolf in D:\Documentos\Accelwolf\Downloads\Tienda\back-regalos)
2026-03-15T02:38:30.069-05:00  INFO 39956 --- [back-regalos] [           main] c.r.back_regalos.BackRegalosApplication  : No active profile set, falling back to 1 default profile: "default"
2026-03-15T02:38:30.977-05:00  INFO 39956 --- [back-regalos] [           main] .s.d.r.c.RepositoryConfigurationDelegate : Bootstrapping Spring Data JPA repositories in DEFAULT mode.
2026-03-15T02:38:31.110-05:00  INFO 39956 --- [back-regalos] [           main] .s.d.r.c.RepositoryConfigurationDelegate : Finished Spring Data repository scanning in 121 ms. Found 16 JPA repository interfaces.
2026-03-15T02:38:31.801-05:00  INFO 39956 --- [back-regalos] [           main] o.s.b.w.embedded.tomcat.TomcatWebServer  : Tomcat initialized with port 8080 (http)
2026-03-15T02:38:31.815-05:00  INFO 39956 --- [back-regalos] [           main] o.apache.catalina.core.StandardService   : Starting service [Tomcat]
2026-03-15T02:38:31.815-05:00  INFO 39956 --- [back-regalos] [           main] o.apache.catalina.core.StandardEngine    : Starting Servlet engine: [Apache Tomcat/10.1.36]
2026-03-15T02:38:31.885-05:00  INFO 39956 --- [back-regalos] [           main] o.a.c.c.C.[Tomcat].[localhost].[/]       : Initializing Spring embedded WebApplicationContext
2026-03-15T02:38:31.886-05:00  INFO 39956 --- [back-regalos] [           main] w.s.c.ServletWebServerApplicationContext : Root WebApplicationContext: initialization completed in 1763 ms
2026-03-15T02:38:32.014-05:00  INFO 39956 --- [back-regalos] [           main] o.hibernate.jpa.internal.util.LogHelper  : HHH000204: Processing PersistenceUnitInfo [name: default]
2026-03-15T02:38:32.089-05:00  INFO 39956 --- [back-regalos] [           main] org.hibernate.Version                    : HHH000412: Hibernate ORM core version 6.6.8.Final
2026-03-15T02:38:32.128-05:00  INFO 39956 --- [back-regalos] [           main] o.h.c.internal.RegionFactoryInitiator    : HHH000026: Second-level cache disabled
2026-03-15T02:38:32.459-05:00  INFO 39956 --- [back-regalos] [           main] o.s.o.j.p.SpringPersistenceUnitInfo      : No LoadTimeWeaver setup: ignoring JPA class transformer
2026-03-15T02:38:32.494-05:00  INFO 39956 --- [back-regalos] [           main] com.zaxxer.hikari.HikariDataSource       : HikariPool-1 - Starting...
2026-03-15T02:38:34.177-05:00  INFO 39956 --- [back-regalos] [           main] com.zaxxer.hikari.HikariDataSource       : HikariPool-1 - Start completed.
2026-03-15T02:38:35.398-05:00  WARN 39956 --- [back-regalos] [           main] org.hibernate.orm.deprecation            : HHH90000025: PostgreSQLDialect does not need to be specified explicitly using 'hibernate.dialect' (remove the property setting and it will be selected by default)
2026-03-15T02:38:35.697-05:00  INFO 39956 --- [back-regalos] [           main] org.hibernate.orm.connections.pooling    : HHH10001005: Database info:
	Database JDBC URL [Connecting through datasource 'HikariDataSource (HikariPool-1)']
	Database driver: undefined/unknown
	Database version: 18.3
	Autocommit mode: undefined/unknown
	Isolation level: undefined/unknown
	Minimum pool size: undefined/unknown
	Maximum pool size: undefined/unknown
2026-03-15T02:38:37.459-05:00  INFO 39956 --- [back-regalos] [           main] o.h.e.t.j.p.i.JtaPlatformInitiator       : HHH000489: No JTA platform available (set 'hibernate.transaction.jta.platform' to enable JTA platform integration)
2026-03-15T02:38:37.462-05:00  INFO 39956 --- [back-regalos] [           main] j.LocalContainerEntityManagerFactoryBean : Initialized JPA EntityManagerFactory for persistence unit 'default'
2026-03-15T02:38:37.916-05:00  INFO 39956 --- [back-regalos] [           main] eAuthenticationProviderManagerConfigurer : Global AuthenticationManager configured with AuthenticationProvider bean with name authenticationProvider
2026-03-15T02:38:37.916-05:00  WARN 39956 --- [back-regalos] [           main] r$InitializeUserDetailsManagerConfigurer : Global AuthenticationManager configured with an AuthenticationProvider bean. UserDetailsService beans will not be used by Spring Security for automatically configuring username/password login. Consider removing the AuthenticationProvider bean. Alternatively, consider using the UserDetailsService in a manually instantiated DaoAuthenticationProvider. If the current configuration is intentional, to turn off this warning, increase the logging level of 'org.springframework.security.config.annotation.authentication.configuration.InitializeUserDetailsBeanManagerConfigurer' to ERROR
2026-03-15T02:38:38.022-05:00  WARN 39956 --- [back-regalos] [           main] JpaBaseConfiguration$JpaWebConfiguration : spring.jpa.open-in-view is enabled by default. Therefore, database queries may be performed during view rendering. Explicitly configure spring.jpa.open-in-view to disable this warning
2026-03-15T02:38:38.463-05:00  INFO 39956 --- [back-regalos] [           main] o.s.d.j.r.query.QueryEnhancerFactory     : Hibernate is in classpath; If applicable, HQL parser will be used.
2026-03-15T02:38:38.923-05:00  INFO 39956 --- [back-regalos] [           main] o.s.b.w.embedded.tomcat.TomcatWebServer  : Tomcat started on port 8080 (http) with context path '/'
2026-03-15T02:38:38.931-05:00  INFO 39956 --- [back-regalos] [           main] c.r.back_regalos.BackRegalosApplication  : Started BackRegalosApplication in 9.572 seconds (process running for 10.061)
Hibernate: 
    select
        au1_0.id,
        au1_0.created_at,
        au1_0.email,
        au1_0.first_name,
        au1_0.is_active,
        au1_0.last_login,
        au1_0.last_name,
        au1_0.password_hash,
        au1_0.role_id,
        au1_0.updated_at 
    from
        app_users au1_0 
    where
        au1_0.email=?
Hibernate: 
    select
        r1_0.id,
        r1_0.created_at,
        r1_0.description,
        r1_0.is_active,
        r1_0.name,
        r1_0.updated_at 
    from
        roles r1_0 
    where
        r1_0.id=?
Hibernate: 
    select
        au1_0.id,
        au1_0.created_at,
        au1_0.email,
        au1_0.first_name,
        au1_0.is_active,
        au1_0.last_login,
        au1_0.last_name,
        au1_0.password_hash,
        r1_0.id,
        r1_0.created_at,
        r1_0.description,
        r1_0.is_active,
        r1_0.name,
        r1_0.updated_at,
        au1_0.updated_at 
    from
        app_users au1_0 
    left join
        roles r1_0 
            on r1_0.id=au1_0.role_id 
    where
        au1_0.id=?
Hibernate: 
    update
        app_users 
    set
        email=?,
        first_name=?,
        is_active=?,
        last_login=?,
        last_name=?,
        password_hash=?,
        role_id=? 
    where
        id=?
? Password for admin1@regalos.com has been resetted to 'admin123'
Hibernate: 
    select
        au1_0.id,
        au1_0.created_at,
        au1_0.email,
        au1_0.first_name,
        au1_0.is_active,
        au1_0.last_login,
        au1_0.last_name,
        au1_0.password_hash,
        au1_0.role_id,
        au1_0.updated_at 
    from
        app_users au1_0 
    where
        au1_0.email=?
Hibernate: 
    select
        r1_0.id,
        r1_0.created_at,
        r1_0.description,
        r1_0.is_active,
        r1_0.name,
        r1_0.updated_at 
    from
        roles r1_0 
    where
        r1_0.id=?
Hibernate: 
    select
        au1_0.id,
        au1_0.created_at,
        au1_0.email,
        au1_0.first_name,
        au1_0.is_active,
        au1_0.last_login,
        au1_0.last_name,
        au1_0.password_hash,
        r1_0.id,
        r1_0.created_at,
        r1_0.description,
        r1_0.is_active,
        r1_0.name,
        r1_0.updated_at,
        au1_0.updated_at 
    from
        app_users au1_0 
    left join
        roles r1_0 
            on r1_0.id=au1_0.role_id 
    where
        au1_0.id=?
Hibernate: 
    update
        app_users 
    set
        email=?,
        first_name=?,
        is_active=?,
        last_login=?,
        last_name=?,
        password_hash=?,
        role_id=? 
    where
        id=?
Hibernate: 
    select
        count(*) 
    from
        store_settings ss1_0
2026-03-15T02:38:44.181-05:00  INFO 39956 --- [back-regalos] [nio-8080-exec-1] o.a.c.c.C.[Tomcat].[localhost].[/]       : Initializing Spring DispatcherServlet 'dispatcherServlet'
2026-03-15T02:38:44.181-05:00  INFO 39956 --- [back-regalos] [nio-8080-exec-1] o.s.web.servlet.DispatcherServlet        : Initializing Servlet 'dispatcherServlet'
2026-03-15T02:38:44.183-05:00  INFO 39956 --- [back-regalos] [nio-8080-exec-1] o.s.web.servlet.DispatcherServlet        : Completed initialization in 2 ms
Hibernate: 
    select
        au1_0.id,
        au1_0.created_at,
        au1_0.email,
        au1_0.first_name,
        au1_0.is_active,
        au1_0.last_login,
        au1_0.last_name,
        au1_0.password_hash,
        au1_0.role_id,
        au1_0.updated_at 
    from
        app_users au1_0 
    where
        au1_0.email=?
Hibernate: 
    select
        r1_0.id,
        r1_0.created_at,
        r1_0.description,
        r1_0.is_active,
        r1_0.name,
        r1_0.updated_at 
    from
        roles r1_0 
    where
        r1_0.id=?
Hibernate: 
    select
        o1_0.id,
        o1_0.bold_transaction_id,
        o1_0.created_at,
        o1_0.currency,
        o1_0.customer_id,
        o1_0.delivery_address,
        o1_0.delivery_city_id,
        o1_0.delivery_cost,
        o1_0.delivery_date,
        o1_0.delivery_instructions,
        o1_0.delivery_neighborhood,
        o1_0.delivery_time_range,
        o1_0.gift_message,
        o1_0.gift_receiver_name,
        o1_0.gift_sender_name,
        o1_0.is_active,
        o1_0.order_status_id,
        o1_0.payment_method,
        o1_0.payment_status,
        o1_0.subtotal_amount,
        o1_0.total_amount,
        o1_0.total_cost_amount,
        o1_0.tracking_code,
        o1_0.updated_at 
    from
        orders o1_0
Hibernate: 
    select
        au1_0.id,
        au1_0.created_at,
        au1_0.email,
        au1_0.first_name,
        au1_0.is_active,
        au1_0.last_login,
        au1_0.last_name,
        au1_0.password_hash,
        au1_0.role_id,
        au1_0.updated_at 
    from
        app_users au1_0 
    where
        au1_0.email=?
Hibernate: 
    select
        r1_0.id,
        r1_0.created_at,
        r1_0.description,
        r1_0.is_active,
        r1_0.name,
        r1_0.updated_at 
    from
        roles r1_0 
    where
        r1_0.id=?
Hibernate: 
    select
        o1_0.id,
        o1_0.bold_transaction_id,
        o1_0.created_at,
        o1_0.currency,
        o1_0.customer_id,
        o1_0.delivery_address,
        o1_0.delivery_city_id,
        o1_0.delivery_cost,
        o1_0.delivery_date,
        o1_0.delivery_instructions,
        o1_0.delivery_neighborhood,
        o1_0.delivery_time_range,
        o1_0.gift_message,
        o1_0.gift_receiver_name,
        o1_0.gift_sender_name,
        o1_0.is_active,
        o1_0.order_status_id,
        o1_0.payment_method,
        o1_0.payment_status,
        o1_0.subtotal_amount,
        o1_0.total_amount,
        o1_0.total_cost_amount,
        o1_0.tracking_code,
        o1_0.updated_at 
    from
        orders o1_0
jakarta.servlet.ServletException: Handler dispatch failed: java.lang.NoClassDefFoundError: com/regalos/back_regalos/dtos/PaymentInitResponseDTO$PaymentInitResponseDTOBuilder
	at org.springframework.web.servlet.DispatcherServlet.doDispatch(DispatcherServlet.java:1103)
	at org.springframework.web.servlet.DispatcherServlet.doService(DispatcherServlet.java:978)
	at org.springframework.web.servlet.FrameworkServlet.processRequest(FrameworkServlet.java:1014)
	at org.springframework.web.servlet.FrameworkServlet.doGet(FrameworkServlet.java:903)
	at jakarta.servlet.http.HttpServlet.service(HttpServlet.java:564)
	at org.springframework.web.servlet.FrameworkServlet.service(FrameworkServlet.java:885)
	at jakarta.servlet.http.HttpServlet.service(HttpServlet.java:658)
	at org.apache.catalina.core.ApplicationFilterChain.internalDoFilter(ApplicationFilterChain.java:195)
	at org.apache.catalina.core.ApplicationFilterChain.doFilter(ApplicationFilterChain.java:140)
	at org.apache.tomcat.websocket.server.WsFilter.doFilter(WsFilter.java:51)
	at org.apache.catalina.core.ApplicationFilterChain.internalDoFilter(ApplicationFilterChain.java:164)
	at org.apache.catalina.core.ApplicationFilterChain.doFilter(ApplicationFilterChain.java:140)
	at org.springframework.web.filter.OncePerRequestFilter.doFilter(OncePerRequestFilter.java:110)
	at org.apache.catalina.core.ApplicationFilterChain.internalDoFilter(ApplicationFilterChain.java:164)
	at org.apache.catalina.core.ApplicationFilterChain.doFilter(ApplicationFilterChain.java:140)
	at org.springframework.web.filter.CompositeFilter$VirtualFilterChain.doFilter(CompositeFilter.java:108)
	at org.springframework.security.web.FilterChainProxy.lambda$doFilterInternal$3(FilterChainProxy.java:231)
	at org.springframework.security.web.FilterChainProxy$VirtualFilterChain.doFilter(FilterChainProxy.java:365)
	at org.springframework.security.web.access.intercept.AuthorizationFilter.doFilter(AuthorizationFilter.java:101)
	at org.springframework.security.web.FilterChainProxy$VirtualFilterChain.doFilter(FilterChainProxy.java:374)
	at org.springframework.security.web.access.ExceptionTranslationFilter.doFilter(ExceptionTranslationFilter.java:126)
	at org.springframework.security.web.access.ExceptionTranslationFilter.doFilter(ExceptionTranslationFilter.java:120)
	at org.springframework.security.web.FilterChainProxy$VirtualFilterChain.doFilter(FilterChainProxy.java:374)
	at org.springframework.security.web.session.SessionManagementFilter.doFilter(SessionManagementFilter.java:131)
	at org.springframework.security.web.session.SessionManagementFilter.doFilter(SessionManagementFilter.java:85)
	at org.springframework.security.web.FilterChainProxy$VirtualFilterChain.doFilter(FilterChainProxy.java:374)
	at org.springframework.security.web.authentication.AnonymousAuthenticationFilter.doFilter(AnonymousAuthenticationFilter.java:100)
	at org.springframework.security.web.FilterChainProxy$VirtualFilterChain.doFilter(FilterChainProxy.java:374)
	at org.springframework.security.web.servletapi.SecurityContextHolderAwareRequestFilter.doFilter(SecurityContextHolderAwareRequestFilter.java:179)
	at org.springframework.security.web.FilterChainProxy$VirtualFilterChain.doFilter(FilterChainProxy.java:374)
	at org.springframework.security.web.savedrequest.RequestCacheAwareFilter.doFilter(RequestCacheAwareFilter.java:63)
	at org.springframework.security.web.FilterChainProxy$VirtualFilterChain.doFilter(FilterChainProxy.java:374)
	at com.regalos.back_regalos.config.JwtAuthenticationFilter.doFilterInternal(JwtAuthenticationFilter.java:33)
	at org.springframework.web.filter.OncePerRequestFilter.doFilter(OncePerRequestFilter.java:116)
	at org.springframework.security.web.FilterChainProxy$VirtualFilterChain.doFilter(FilterChainProxy.java:374)
	at org.springframework.security.web.authentication.logout.LogoutFilter.doFilter(LogoutFilter.java:107)
	at org.springframework.security.web.authentication.logout.LogoutFilter.doFilter(LogoutFilter.java:93)
	at org.springframework.security.web.FilterChainProxy$VirtualFilterChain.doFilter(FilterChainProxy.java:374)
	at org.springframework.web.filter.CorsFilter.doFilterInternal(CorsFilter.java:91)
	at org.springframework.web.filter.OncePerRequestFilter.doFilter(OncePerRequestFilter.java:116)
	at org.springframework.security.web.FilterChainProxy$VirtualFilterChain.doFilter(FilterChainProxy.java:374)
	at org.springframework.security.web.header.HeaderWriterFilter.doHeadersAfter(HeaderWriterFilter.java:90)
	at org.springframework.security.web.header.HeaderWriterFilter.doFilterInternal(HeaderWriterFilter.java:75)
	at org.springframework.web.filter.OncePerRequestFilter.doFilter(OncePerRequestFilter.java:116)
	at org.springframework.security.web.FilterChainProxy$VirtualFilterChain.doFilter(FilterChainProxy.java:374)
	at org.springframework.security.web.context.SecurityContextHolderFilter.doFilter(SecurityContextHolderFilter.java:82)
	at org.springframework.security.web.context.SecurityContextHolderFilter.doFilter(SecurityContextHolderFilter.java:69)
	at org.springframework.security.web.FilterChainProxy$VirtualFilterChain.doFilter(FilterChainProxy.java:374)
	at org.springframework.security.web.context.request.async.WebAsyncManagerIntegrationFilter.doFilterInternal(WebAsyncManagerIntegrationFilter.java:62)
	at org.springframework.web.filter.OncePerRequestFilter.doFilter(OncePerRequestFilter.java:116)
	at org.springframework.security.web.FilterChainProxy$VirtualFilterChain.doFilter(FilterChainProxy.java:374)
	at org.springframework.security.web.session.DisableEncodeUrlFilter.doFilterInternal(DisableEncodeUrlFilter.java:42)
	at org.springframework.web.filter.OncePerRequestFilter.doFilter(OncePerRequestFilter.java:116)
	at org.springframework.security.web.FilterChainProxy$VirtualFilterChain.doFilter(FilterChainProxy.java:374)
	at org.springframework.security.web.FilterChainProxy.doFilterInternal(FilterChainProxy.java:233)
	at org.springframework.security.web.FilterChainProxy.doFilter(FilterChainProxy.java:191)
	at org.springframework.web.filter.CompositeFilter$VirtualFilterChain.doFilter(CompositeFilter.java:113)
	at org.springframework.web.servlet.handler.HandlerMappingIntrospector.lambda$createCacheFilter$3(HandlerMappingIntrospector.java:243)
	at org.springframework.web.filter.CompositeFilter$VirtualFilterChain.doFilter(CompositeFilter.java:113)
	at org.springframework.web.filter.CompositeFilter.doFilter(CompositeFilter.java:74)
	at org.springframework.security.config.annotation.web.configuration.WebMvcSecurityConfiguration$CompositeFilterChainProxy.doFilter(WebMvcSecurityConfiguration.java:238)
	at org.springframework.web.filter.DelegatingFilterProxy.invokeDelegate(DelegatingFilterProxy.java:362)
	at org.springframework.web.filter.DelegatingFilterProxy.doFilter(DelegatingFilterProxy.java:278)
	at org.apache.catalina.core.ApplicationFilterChain.internalDoFilter(ApplicationFilterChain.java:164)
	at org.apache.catalina.core.ApplicationFilterChain.doFilter(ApplicationFilterChain.java:140)
	at org.springframework.web.filter.RequestContextFilter.doFilterInternal(RequestContextFilter.java:100)
	at org.springframework.web.filter.OncePerRequestFilter.doFilter(OncePerRequestFilter.java:116)
	at org.apache.catalina.core.ApplicationFilterChain.internalDoFilter(ApplicationFilterChain.java:164)
	at org.apache.catalina.core.ApplicationFilterChain.doFilter(ApplicationFilterChain.java:140)
	at org.springframework.web.filter.FormContentFilter.doFilterInternal(FormContentFilter.java:93)
	at org.springframework.web.filter.OncePerRequestFilter.doFilter(OncePerRequestFilter.java:116)
	at org.apache.catalina.core.ApplicationFilterChain.internalDoFilter(ApplicationFilterChain.java:164)
	at org.apache.catalina.core.ApplicationFilterChain.doFilter(ApplicationFilterChain.java:140)
	at org.springframework.web.filter.CharacterEncodingFilter.doFilterInternal(CharacterEncodingFilter.java:201)
	at org.springframework.web.filter.OncePerRequestFilter.doFilter(OncePerRequestFilter.java:116)
	at org.apache.catalina.core.ApplicationFilterChain.internalDoFilter(ApplicationFilterChain.java:164)
	at org.apache.catalina.core.ApplicationFilterChain.doFilter(ApplicationFilterChain.java:140)
	at org.apache.catalina.core.StandardWrapperValve.invoke(StandardWrapperValve.java:167)
	at org.apache.catalina.core.StandardContextValve.invoke(StandardContextValve.java:90)
	at org.apache.catalina.authenticator.AuthenticatorBase.invoke(AuthenticatorBase.java:483)
	at org.apache.catalina.core.StandardHostValve.invoke(StandardHostValve.java:115)
	at org.apache.catalina.valves.ErrorReportValve.invoke(ErrorReportValve.java:93)
	at org.apache.catalina.core.StandardEngineValve.invoke(StandardEngineValve.java:74)
	at org.apache.catalina.connector.CoyoteAdapter.service(CoyoteAdapter.java:344)
	at org.apache.coyote.http11.Http11Processor.service(Http11Processor.java:397)
	at org.apache.coyote.AbstractProcessorLight.process(AbstractProcessorLight.java:63)
	at org.apache.coyote.AbstractProtocol$ConnectionHandler.process(AbstractProtocol.java:905)
	at org.apache.tomcat.util.net.NioEndpoint$SocketProcessor.doRun(NioEndpoint.java:1743)
	at org.apache.tomcat.util.net.SocketProcessorBase.run(SocketProcessorBase.java:52)
	at org.apache.tomcat.util.threads.ThreadPoolExecutor.runWorker(ThreadPoolExecutor.java:1190)
	at org.apache.tomcat.util.threads.ThreadPoolExecutor$Worker.run(ThreadPoolExecutor.java:659)
	at org.apache.tomcat.util.threads.TaskThread$WrappingRunnable.run(TaskThread.java:63)
	at java.base/java.lang.Thread.run(Thread.java:840)
Caused by: java.lang.NoClassDefFoundError: com/regalos/back_regalos/dtos/PaymentInitResponseDTO$PaymentInitResponseDTOBuilder
	at java.base/java.lang.Class.getDeclaredMethods0(Native Method)
	at java.base/java.lang.Class.privateGetDeclaredMethods(Class.java:3404)
	at java.base/java.lang.Class.getDeclaredMethods(Class.java:2506)
	at com.fasterxml.jackson.databind.util.ClassUtil.getClassMethods(ClassUtil.java:1317)
	at com.fasterxml.jackson.databind.introspect.AnnotatedMethodCollector._addMemberMethods(AnnotatedMethodCollector.java:115)
	at com.fasterxml.jackson.databind.introspect.AnnotatedMethodCollector.collect(AnnotatedMethodCollector.java:49)
	at com.fasterxml.jackson.databind.introspect.AnnotatedMethodCollector.collectMethods(AnnotatedMethodCollector.java:40)
	at com.fasterxml.jackson.databind.introspect.AnnotatedClass._methods(AnnotatedClass.java:386)
	at com.fasterxml.jackson.databind.introspect.AnnotatedClass.memberMethods(AnnotatedClass.java:326)
	at com.fasterxml.jackson.databind.introspect.POJOPropertiesCollector._addMethods(POJOPropertiesCollector.java:1073)
	at com.fasterxml.jackson.databind.introspect.POJOPropertiesCollector.collectAll(POJOPropertiesCollector.java:444)
	at com.fasterxml.jackson.databind.introspect.POJOPropertiesCollector.getPropertyMap(POJOPropertiesCollector.java:389)
	at com.fasterxml.jackson.databind.introspect.POJOPropertiesCollector.getProperties(POJOPropertiesCollector.java:222)
	at com.fasterxml.jackson.databind.introspect.BasicBeanDescription._properties(BasicBeanDescription.java:161)
	at com.fasterxml.jackson.databind.introspect.BasicBeanDescription.findProperties(BasicBeanDescription.java:236)
	at org.springdoc.core.converters.PolymorphicModelConverter.resolve(PolymorphicModelConverter.java:126)
	at org.springdoc.core.converters.OAS31ModelConverter.resolve(OAS31ModelConverter.java:49)
	at org.springdoc.core.converters.PageableOpenAPIConverter.resolve(PageableOpenAPIConverter.java:97)
	at org.springdoc.core.converters.PageOpenAPIConverter.resolve(PageOpenAPIConverter.java:102)
	at org.springdoc.core.converters.SortOpenAPIConverter.resolve(SortOpenAPIConverter.java:92)
	at io.swagger.v3.core.converter.ModelConverterContextImpl.resolve(ModelConverterContextImpl.java:97)
	at org.springdoc.core.converters.ResponseSupportConverter.resolve(ResponseSupportConverter.java:76)
	at org.springdoc.core.converters.SchemaPropertyDeprecatingConverter.resolve(SchemaPropertyDeprecatingConverter.java:95)
	at org.springdoc.core.converters.PolymorphicModelConverter.resolve(PolymorphicModelConverter.java:154)
	at org.springdoc.core.converters.OAS31ModelConverter.resolve(OAS31ModelConverter.java:49)
	at org.springdoc.core.converters.PageableOpenAPIConverter.resolve(PageableOpenAPIConverter.java:97)
	at org.springdoc.core.converters.PageOpenAPIConverter.resolve(PageOpenAPIConverter.java:102)
	at org.springdoc.core.converters.SortOpenAPIConverter.resolve(SortOpenAPIConverter.java:92)
	at io.swagger.v3.core.converter.ModelConverterContextImpl.resolve(ModelConverterContextImpl.java:97)
	at io.swagger.v3.core.converter.ModelConverters.resolveAsResolvedSchema(ModelConverters.java:192)
	at org.springdoc.core.utils.SpringDocAnnotationsUtils.extractSchema(SpringDocAnnotationsUtils.java:137)
	at org.springdoc.core.service.GenericResponseService.calculateSchema(GenericResponseService.java:564)
	at org.springdoc.core.service.GenericResponseService.buildContent(GenericResponseService.java:542)
	at org.springdoc.core.service.GenericResponseService.buildContent(GenericResponseService.java:523)
	at org.springdoc.core.service.GenericResponseService.buildApiResponses(GenericResponseService.java:596)
	at org.springdoc.core.service.GenericResponseService.buildApiResponses(GenericResponseService.java:477)
	at org.springdoc.core.service.GenericResponseService.build(GenericResponseService.java:265)
	at org.springdoc.api.AbstractOpenApiResource.calculatePath(AbstractOpenApiResource.java:626)
	at org.springdoc.api.AbstractOpenApiResource.calculatePath(AbstractOpenApiResource.java:815)
	at org.springdoc.webmvc.api.OpenApiResource.lambda$calculatePath$13(OpenApiResource.java:227)
	at java.base/java.util.Optional.ifPresent(Optional.java:178)
	at org.springdoc.webmvc.api.OpenApiResource.calculatePath(OpenApiResource.java:208)
	at org.springdoc.webmvc.api.OpenApiResource.lambda$getPaths$4(OpenApiResource.java:178)
	at java.base/java.util.Optional.ifPresent(Optional.java:178)
	at org.springdoc.webmvc.api.OpenApiResource.getPaths(OpenApiResource.java:152)
	at org.springdoc.api.AbstractOpenApiResource.getOpenApi(AbstractOpenApiResource.java:370)
	at org.springdoc.webmvc.api.OpenApiResource.openapiJson(OpenApiResource.java:127)
	at org.springdoc.webmvc.api.OpenApiWebMvcResource.openapiJson(OpenApiWebMvcResource.java:117)
	at java.base/jdk.internal.reflect.NativeMethodAccessorImpl.invoke0(Native Method)
	at java.base/jdk.internal.reflect.NativeMethodAccessorImpl.invoke(NativeMethodAccessorImpl.java:77)
	at java.base/jdk.internal.reflect.DelegatingMethodAccessorImpl.invoke(DelegatingMethodAccessorImpl.java:43)
	at java.base/java.lang.reflect.Method.invoke(Method.java:569)
	at org.springframework.web.method.support.InvocableHandlerMethod.doInvoke(InvocableHandlerMethod.java:257)
	at org.springframework.web.method.support.InvocableHandlerMethod.invokeForRequest(InvocableHandlerMethod.java:190)
	at org.springframework.web.servlet.mvc.method.annotation.ServletInvocableHandlerMethod.invokeAndHandle(ServletInvocableHandlerMethod.java:118)
	at org.springframework.web.servlet.mvc.method.annotation.RequestMappingHandlerAdapter.invokeHandlerMethod(RequestMappingHandlerAdapter.java:986)
	at org.springframework.web.servlet.mvc.method.annotation.RequestMappingHandlerAdapter.handleInternal(RequestMappingHandlerAdapter.java:891)
	at org.springframework.web.servlet.mvc.method.AbstractHandlerMethodAdapter.handle(AbstractHandlerMethodAdapter.java:87)
	at org.springframework.web.servlet.DispatcherServlet.doDispatch(DispatcherServlet.java:1088)
	... 92 more
Caused by: java.lang.ClassNotFoundException: com.regalos.back_regalos.dtos.PaymentInitResponseDTO$PaymentInitResponseDTOBuilder
	at java.base/jdk.internal.loader.BuiltinClassLoader.loadClass(BuiltinClassLoader.java:641)
	at java.base/jdk.internal.loader.ClassLoaders$AppClassLoader.loadClass(ClassLoaders.java:188)
	at java.base/java.lang.ClassLoader.loadClass(ClassLoader.java:525)
	... 151 more
2026-03-15T02:39:31.628-05:00  INFO 39956 --- [back-regalos] [io-8080-exec-10] o.springdoc.api.AbstractOpenApiResource  : Init duration for springdoc-openapi is: 345 ms
Hibernate: 
    select
        au1_0.id,
        au1_0.created_at,
        au1_0.email,
        au1_0.first_name,
        au1_0.is_active,
        au1_0.last_login,
        au1_0.last_name,
        au1_0.password_hash,
        au1_0.role_id,
        au1_0.updated_at 
    from
        app_users au1_0 
    where
        au1_0.email=?
Hibernate: 
    select
        r1_0.id,
        r1_0.created_at,
        r1_0.description,
        r1_0.is_active,
        r1_0.name,
        r1_0.updated_at 
    from
        roles r1_0 
    where
        r1_0.id=?
Hibernate: 
    select
        o1_0.id,
        o1_0.bold_transaction_id,
        o1_0.created_at,
        o1_0.currency,
        o1_0.customer_id,
        o1_0.delivery_address,
        o1_0.delivery_city_id,
        o1_0.delivery_cost,
        o1_0.delivery_date,
        o1_0.delivery_instructions,
        o1_0.delivery_neighborhood,
        o1_0.delivery_time_range,
        o1_0.gift_message,
        o1_0.gift_receiver_name,
        o1_0.gift_sender_name,
        o1_0.is_active,
        o1_0.order_status_id,
        o1_0.payment_method,
        o1_0.payment_status,
        o1_0.subtotal_amount,
        o1_0.total_amount,
        o1_0.total_cost_amount,
        o1_0.tracking_code,
        o1_0.updated_at 
    from
        orders o1_0
Hibernate: 
    select
        au1_0.id,
        au1_0.created_at,
        au1_0.email,
        au1_0.first_name,
        au1_0.is_active,
        au1_0.last_login,
        au1_0.last_name,
        au1_0.password_hash,
        au1_0.role_id,
        au1_0.updated_at 
    from
        app_users au1_0 
    where
        au1_0.email=?
Hibernate: 
    select
        r1_0.id,
        r1_0.created_at,
        r1_0.description,
        r1_0.is_active,
        r1_0.name,
        r1_0.updated_at 
    from
        roles r1_0 
    where
        r1_0.id=?
Hibernate: 
    select
        o1_0.id,
        o1_0.bold_transaction_id,
        o1_0.created_at,
        o1_0.currency,
        o1_0.customer_id,
        o1_0.delivery_address,
        o1_0.delivery_city_id,
        o1_0.delivery_cost,
        o1_0.delivery_date,
        o1_0.delivery_instructions,
        o1_0.delivery_neighborhood,
        o1_0.delivery_time_range,
        o1_0.gift_message,
        o1_0.gift_receiver_name,
        o1_0.gift_sender_name,
        o1_0.is_active,
        o1_0.order_status_id,
        o1_0.payment_method,
        o1_0.payment_status,
        o1_0.subtotal_amount,
        o1_0.total_amount,
        o1_0.total_cost_amount,
        o1_0.tracking_code,
        o1_0.updated_at 
    from
        orders o1_0
Hibernate: 
    select
        au1_0.id,
        au1_0.created_at,
        au1_0.email,
        au1_0.first_name,
        au1_0.is_active,
        au1_0.last_login,
        au1_0.last_name,
        au1_0.password_hash,
        au1_0.role_id,
        au1_0.updated_at 
    from
        app_users au1_0 
    where
        au1_0.email=?
Hibernate: 
    select
        r1_0.id,
        r1_0.created_at,
        r1_0.description,
        r1_0.is_active,
        r1_0.name,
        r1_0.updated_at 
    from
        roles r1_0 
    where
        r1_0.id=?
Hibernate: 
    select
        o1_0.id,
        o1_0.bold_transaction_id,
        o1_0.created_at,
        o1_0.currency,
        o1_0.customer_id,
        o1_0.delivery_address,
        o1_0.delivery_city_id,
        o1_0.delivery_cost,
        o1_0.delivery_date,
        o1_0.delivery_instructions,
        o1_0.delivery_neighborhood,
        o1_0.delivery_time_range,
        o1_0.gift_message,
        o1_0.gift_receiver_name,
        o1_0.gift_sender_name,
        o1_0.is_active,
        o1_0.order_status_id,
        o1_0.payment_method,
        o1_0.payment_status,
        o1_0.subtotal_amount,
        o1_0.total_amount,
        o1_0.total_cost_amount,
        o1_0.tracking_code,
        o1_0.updated_at 
    from
        orders o1_0
Hibernate: 
    select
        au1_0.id,
        au1_0.created_at,
        au1_0.email,
        au1_0.first_name,
        au1_0.is_active,
        au1_0.last_login,
        au1_0.last_name,
        au1_0.password_hash,
        au1_0.role_id,
        au1_0.updated_at 
    from
        app_users au1_0 
    where
        au1_0.email=?
Hibernate: 
    select
        r1_0.id,
        r1_0.created_at,
        r1_0.description,
        r1_0.is_active,
        r1_0.name,
        r1_0.updated_at 
    from
        roles r1_0 
    where
        r1_0.id=?
Hibernate: 
    select
        o1_0.id,
        o1_0.bold_transaction_id,
        o1_0.created_at,
        o1_0.currency,
        o1_0.customer_id,
        o1_0.delivery_address,
        o1_0.delivery_city_id,
        o1_0.delivery_cost,
        o1_0.delivery_date,
        o1_0.delivery_instructions,
        o1_0.delivery_neighborhood,
        o1_0.delivery_time_range,
        o1_0.gift_message,
        o1_0.gift_receiver_name,
        o1_0.gift_sender_name,
        o1_0.is_active,
        o1_0.order_status_id,
        o1_0.payment_method,
        o1_0.payment_status,
        o1_0.subtotal_amount,
        o1_0.total_amount,
        o1_0.total_cost_amount,
        o1_0.tracking_code,
        o1_0.updated_at 
    from
        orders o1_0
Hibernate: 
    select
        au1_0.id,
        au1_0.created_at,
        au1_0.email,
        au1_0.first_name,
        au1_0.is_active,
        au1_0.last_login,
        au1_0.last_name,
        au1_0.password_hash,
        au1_0.role_id,
        au1_0.updated_at 
    from
        app_users au1_0 
    where
        au1_0.email=?
Hibernate: 
    select
        r1_0.id,
        r1_0.created_at,
        r1_0.description,
        r1_0.is_active,
        r1_0.name,
        r1_0.updated_at 
    from
        roles r1_0 
    where
        r1_0.id=?
Hibernate: 
    select
        o1_0.id,
        o1_0.bold_transaction_id,
        o1_0.created_at,
        o1_0.currency,
        o1_0.customer_id,
        o1_0.delivery_address,
        o1_0.delivery_city_id,
        o1_0.delivery_cost,
        o1_0.delivery_date,
        o1_0.delivery_instructions,
        o1_0.delivery_neighborhood,
        o1_0.delivery_time_range,
        o1_0.gift_message,
        o1_0.gift_receiver_name,
        o1_0.gift_sender_name,
        o1_0.is_active,
        o1_0.order_status_id,
        o1_0.payment_method,
        o1_0.payment_status,
        o1_0.subtotal_amount,
        o1_0.total_amount,
        o1_0.total_cost_amount,
        o1_0.tracking_code,
        o1_0.updated_at 
    from
        orders o1_0
Hibernate: 
    select
        au1_0.id,
        au1_0.created_at,
        au1_0.email,
        au1_0.first_name,
        au1_0.is_active,
        au1_0.last_login,
        au1_0.last_name,
        au1_0.password_hash,
        au1_0.role_id,
        au1_0.updated_at 
    from
        app_users au1_0 
    where
        au1_0.email=?
Hibernate: 
    select
        r1_0.id,
        r1_0.created_at,
        r1_0.description,
        r1_0.is_active,
        r1_0.name,
        r1_0.updated_at 
    from
        roles r1_0 
    where
        r1_0.id=?
Hibernate: 
    select
        o1_0.id,
        o1_0.bold_transaction_id,
        o1_0.created_at,
        o1_0.currency,
        o1_0.customer_id,
        o1_0.delivery_address,
        o1_0.delivery_city_id,
        o1_0.delivery_cost,
        o1_0.delivery_date,
        o1_0.delivery_instructions,
        o1_0.delivery_neighborhood,
        o1_0.delivery_time_range,
        o1_0.gift_message,
        o1_0.gift_receiver_name,
        o1_0.gift_sender_name,
        o1_0.is_active,
        o1_0.order_status_id,
        o1_0.payment_method,
        o1_0.payment_status,
        o1_0.subtotal_amount,
        o1_0.total_amount,
        o1_0.total_cost_amount,
        o1_0.tracking_code,
        o1_0.updated_at 
    from
        orders o1_0
Hibernate: 
    select
        p1_0.id,
        p1_0.category_id,
        p1_0.cost_price,
        p1_0.created_at,
        p1_0.description,
        p1_0.is_active,
        p1_0.name,
        p1_0.price,
        p1_0.stock,
        p1_0.supplier_id,
        p1_0.updated_at 
    from
        products p1_0 
    where
        p1_0.is_active=?
Hibernate: 
    select
        ss1_0.id,
        ss1_0.config_group,
        ss1_0.config_key,
        ss1_0.config_value,
        ss1_0.created_at,
        ss1_0.description,
        ss1_0.is_active,
        ss1_0.updated_at 
    from
        store_settings ss1_0 
    where
        ss1_0.config_key=?
Hibernate: 
    select
        ss1_0.id,
        ss1_0.config_group,
        ss1_0.config_key,
        ss1_0.config_value,
        ss1_0.created_at,
        ss1_0.description,
        ss1_0.is_active,
        ss1_0.updated_at 
    from
        store_settings ss1_0
Hibernate: 
    select
        au1_0.id,
        au1_0.created_at,
        au1_0.email,
        au1_0.first_name,
        au1_0.is_active,
        au1_0.last_login,
        au1_0.last_name,
        au1_0.password_hash,
        au1_0.role_id,
        au1_0.updated_at 
    from
        app_users au1_0 
    where
        au1_0.email=?
Hibernate: 
    select
        r1_0.id,
        r1_0.created_at,
        r1_0.description,
        r1_0.is_active,
        r1_0.name,
        r1_0.updated_at 
    from
        roles r1_0 
    where
        r1_0.id=?
Hibernate: 
    select
        au1_0.id,
        au1_0.created_at,
        au1_0.email,
        au1_0.first_name,
        au1_0.is_active,
        au1_0.last_login,
        au1_0.last_name,
        au1_0.password_hash,
        au1_0.role_id,
        au1_0.updated_at 
    from
        app_users au1_0 
    where
        au1_0.email=?
Hibernate: 
    select
        au1_0.id,
        au1_0.created_at,
        au1_0.email,
        au1_0.first_name,
        au1_0.is_active,
        au1_0.last_login,
        au1_0.last_name,
        au1_0.password_hash,
        au1_0.role_id,
        au1_0.updated_at 
    from
        app_users au1_0 
    where
        au1_0.email=?
Hibernate: 
    select
        au1_0.id,
        au1_0.created_at,
        au1_0.email,
        au1_0.first_name,
        au1_0.is_active,
        au1_0.last_login,
        au1_0.last_name,
        au1_0.password_hash,
        au1_0.role_id,
        au1_0.updated_at 
    from
        app_users au1_0 
    where
        au1_0.email=?
Hibernate: 
    select
        r1_0.id,
        r1_0.created_at,
        r1_0.description,
        r1_0.is_active,
        r1_0.name,
        r1_0.updated_at 
    from
        roles r1_0 
    where
        r1_0.id=?
Hibernate: 
    select
        o1_0.id,
        o1_0.bold_transaction_id,
        o1_0.created_at,
        o1_0.currency,
        o1_0.customer_id,
        o1_0.delivery_address,
        o1_0.delivery_city_id,
        o1_0.delivery_cost,
        o1_0.delivery_date,
        o1_0.delivery_instructions,
        o1_0.delivery_neighborhood,
        o1_0.delivery_time_range,
        o1_0.gift_message,
        o1_0.gift_receiver_name,
        o1_0.gift_sender_name,
        o1_0.is_active,
        o1_0.order_status_id,
        o1_0.payment_method,
        o1_0.payment_status,
        o1_0.subtotal_amount,
        o1_0.total_amount,
        o1_0.total_cost_amount,
        o1_0.tracking_code,
        o1_0.updated_at 
    from
        orders o1_0
Hibernate: 
    select
        au1_0.id,
        au1_0.created_at,
        au1_0.email,
        au1_0.first_name,
        au1_0.is_active,
        au1_0.last_login,
        au1_0.last_name,
        au1_0.password_hash,
        au1_0.role_id,
        au1_0.updated_at 
    from
        app_users au1_0 
    where
        au1_0.email=?
Hibernate: 
    select
        r1_0.id,
        r1_0.created_at,
        r1_0.description,
        r1_0.is_active,
        r1_0.name,
        r1_0.updated_at 
    from
        roles r1_0 
    where
        r1_0.id=?
org.springframework.web.servlet.resource.NoResourceFoundException: No static resource api/settings/admin/banners.
	at org.springframework.web.servlet.resource.ResourceHttpRequestHandler.handleRequest(ResourceHttpRequestHandler.java:585)
	at org.springframework.web.servlet.mvc.HttpRequestHandlerAdapter.handle(HttpRequestHandlerAdapter.java:52)
	at org.springframework.web.servlet.DispatcherServlet.doDispatch(DispatcherServlet.java:1088)
	at org.springframework.web.servlet.DispatcherServlet.doService(DispatcherServlet.java:978)
	at org.springframework.web.servlet.FrameworkServlet.processRequest(FrameworkServlet.java:1014)
	at org.springframework.web.servlet.FrameworkServlet.doGet(FrameworkServlet.java:903)
	at jakarta.servlet.http.HttpServlet.service(HttpServlet.java:564)
	at org.springframework.web.servlet.FrameworkServlet.service(FrameworkServlet.java:885)
	at jakarta.servlet.http.HttpServlet.service(HttpServlet.java:658)
	at org.apache.catalina.core.ApplicationFilterChain.internalDoFilter(ApplicationFilterChain.java:195)
	at org.apache.catalina.core.ApplicationFilterChain.doFilter(ApplicationFilterChain.java:140)
	at org.apache.tomcat.websocket.server.WsFilter.doFilter(WsFilter.java:51)
	at org.apache.catalina.core.ApplicationFilterChain.internalDoFilter(ApplicationFilterChain.java:164)
	at org.apache.catalina.core.ApplicationFilterChain.doFilter(ApplicationFilterChain.java:140)
	at org.springframework.web.filter.OncePerRequestFilter.doFilter(OncePerRequestFilter.java:110)
	at org.apache.catalina.core.ApplicationFilterChain.internalDoFilter(ApplicationFilterChain.java:164)
	at org.apache.catalina.core.ApplicationFilterChain.doFilter(ApplicationFilterChain.java:140)
	at org.springframework.web.filter.CompositeFilter$VirtualFilterChain.doFilter(CompositeFilter.java:108)
	at org.springframework.security.web.FilterChainProxy.lambda$doFilterInternal$3(FilterChainProxy.java:231)
	at org.springframework.security.web.FilterChainProxy$VirtualFilterChain.doFilter(FilterChainProxy.java:365)
	at org.springframework.security.web.access.intercept.AuthorizationFilter.doFilter(AuthorizationFilter.java:101)
	at org.springframework.security.web.FilterChainProxy$VirtualFilterChain.doFilter(FilterChainProxy.java:374)
	at org.springframework.security.web.access.ExceptionTranslationFilter.doFilter(ExceptionTranslationFilter.java:126)
	at org.springframework.security.web.access.ExceptionTranslationFilter.doFilter(ExceptionTranslationFilter.java:120)
	at org.springframework.security.web.FilterChainProxy$VirtualFilterChain.doFilter(FilterChainProxy.java:374)
	at org.springframework.security.web.session.SessionManagementFilter.doFilter(SessionManagementFilter.java:131)
	at org.springframework.security.web.session.SessionManagementFilter.doFilter(SessionManagementFilter.java:85)
	at org.springframework.security.web.FilterChainProxy$VirtualFilterChain.doFilter(FilterChainProxy.java:374)
	at org.springframework.security.web.authentication.AnonymousAuthenticationFilter.doFilter(AnonymousAuthenticationFilter.java:100)
	at org.springframework.security.web.FilterChainProxy$VirtualFilterChain.doFilter(FilterChainProxy.java:374)
	at org.springframework.security.web.servletapi.SecurityContextHolderAwareRequestFilter.doFilter(SecurityContextHolderAwareRequestFilter.java:179)
	at org.springframework.security.web.FilterChainProxy$VirtualFilterChain.doFilter(FilterChainProxy.java:374)
	at org.springframework.security.web.savedrequest.RequestCacheAwareFilter.doFilter(RequestCacheAwareFilter.java:63)
	at org.springframework.security.web.FilterChainProxy$VirtualFilterChain.doFilter(FilterChainProxy.java:374)
	at com.regalos.back_regalos.config.JwtAuthenticationFilter.doFilterInternal(JwtAuthenticationFilter.java:50)
	at org.springframework.web.filter.OncePerRequestFilter.doFilter(OncePerRequestFilter.java:116)
	at org.springframework.security.web.FilterChainProxy$VirtualFilterChain.doFilter(FilterChainProxy.java:374)
	at org.springframework.security.web.authentication.logout.LogoutFilter.doFilter(LogoutFilter.java:107)
	at org.springframework.security.web.authentication.logout.LogoutFilter.doFilter(LogoutFilter.java:93)
	at org.springframework.security.web.FilterChainProxy$VirtualFilterChain.doFilter(FilterChainProxy.java:374)
	at org.springframework.web.filter.CorsFilter.doFilterInternal(CorsFilter.java:91)
	at org.springframework.web.filter.OncePerRequestFilter.doFilter(OncePerRequestFilter.java:116)
	at org.springframework.security.web.FilterChainProxy$VirtualFilterChain.doFilter(FilterChainProxy.java:374)
	at org.springframework.security.web.header.HeaderWriterFilter.doHeadersAfter(HeaderWriterFilter.java:90)
	at org.springframework.security.web.header.HeaderWriterFilter.doFilterInternal(HeaderWriterFilter.java:75)
	at org.springframework.web.filter.OncePerRequestFilter.doFilter(OncePerRequestFilter.java:116)
	at org.springframework.security.web.FilterChainProxy$VirtualFilterChain.doFilter(FilterChainProxy.java:374)
	at org.springframework.security.web.context.SecurityContextHolderFilter.doFilter(SecurityContextHolderFilter.java:82)
	at org.springframework.security.web.context.SecurityContextHolderFilter.doFilter(SecurityContextHolderFilter.java:69)
	at org.springframework.security.web.FilterChainProxy$VirtualFilterChain.doFilter(FilterChainProxy.java:374)
	at org.springframework.security.web.context.request.async.WebAsyncManagerIntegrationFilter.doFilterInternal(WebAsyncManagerIntegrationFilter.java:62)
	at org.springframework.web.filter.OncePerRequestFilter.doFilter(OncePerRequestFilter.java:116)
	at org.springframework.security.web.FilterChainProxy$VirtualFilterChain.doFilter(FilterChainProxy.java:374)
	at org.springframework.security.web.session.DisableEncodeUrlFilter.doFilterInternal(DisableEncodeUrlFilter.java:42)
	at org.springframework.web.filter.OncePerRequestFilter.doFilter(OncePerRequestFilter.java:116)
	at org.springframework.security.web.FilterChainProxy$VirtualFilterChain.doFilter(FilterChainProxy.java:374)
	at org.springframework.security.web.FilterChainProxy.doFilterInternal(FilterChainProxy.java:233)
	at org.springframework.security.web.FilterChainProxy.doFilter(FilterChainProxy.java:191)
	at org.springframework.web.filter.CompositeFilter$VirtualFilterChain.doFilter(CompositeFilter.java:113)
	at org.springframework.web.servlet.handler.HandlerMappingIntrospector.lambda$createCacheFilter$3(HandlerMappingIntrospector.java:243)
	at org.springframework.web.filter.CompositeFilter$VirtualFilterChain.doFilter(CompositeFilter.java:113)
	at org.springframework.web.filter.CompositeFilter.doFilter(CompositeFilter.java:74)
	at org.springframework.security.config.annotation.web.configuration.WebMvcSecurityConfiguration$CompositeFilterChainProxy.doFilter(WebMvcSecurityConfiguration.java:238)
	at org.springframework.web.filter.DelegatingFilterProxy.invokeDelegate(DelegatingFilterProxy.java:362)
	at org.springframework.web.filter.DelegatingFilterProxy.doFilter(DelegatingFilterProxy.java:278)
	at org.apache.catalina.core.ApplicationFilterChain.internalDoFilter(ApplicationFilterChain.java:164)
	at org.apache.catalina.core.ApplicationFilterChain.doFilter(ApplicationFilterChain.java:140)
	at org.springframework.web.filter.RequestContextFilter.doFilterInternal(RequestContextFilter.java:100)
	at org.springframework.web.filter.OncePerRequestFilter.doFilter(OncePerRequestFilter.java:116)
	at org.apache.catalina.core.ApplicationFilterChain.internalDoFilter(ApplicationFilterChain.java:164)
	at org.apache.catalina.core.ApplicationFilterChain.doFilter(ApplicationFilterChain.java:140)
	at org.springframework.web.filter.FormContentFilter.doFilterInternal(FormContentFilter.java:93)
	at org.springframework.web.filter.OncePerRequestFilter.doFilter(OncePerRequestFilter.java:116)
	at org.apache.catalina.core.ApplicationFilterChain.internalDoFilter(ApplicationFilterChain.java:164)
	at org.apache.catalina.core.ApplicationFilterChain.doFilter(ApplicationFilterChain.java:140)
	at org.springframework.web.filter.CharacterEncodingFilter.doFilterInternal(CharacterEncodingFilter.java:201)
	at org.springframework.web.filter.OncePerRequestFilter.doFilter(OncePerRequestFilter.java:116)
	at org.apache.catalina.core.ApplicationFilterChain.internalDoFilter(ApplicationFilterChain.java:164)
	at org.apache.catalina.core.ApplicationFilterChain.doFilter(ApplicationFilterChain.java:140)
	at org.apache.catalina.core.StandardWrapperValve.invoke(StandardWrapperValve.java:167)
	at org.apache.catalina.core.StandardContextValve.invoke(StandardContextValve.java:90)
	at org.apache.catalina.authenticator.AuthenticatorBase.invoke(AuthenticatorBase.java:483)
	at org.apache.catalina.core.StandardHostValve.invoke(StandardHostValve.java:115)
	at org.apache.catalina.valves.ErrorReportValve.invoke(ErrorReportValve.java:93)
	at org.apache.catalina.core.StandardEngineValve.invoke(StandardEngineValve.java:74)
	at org.apache.catalina.connector.CoyoteAdapter.service(CoyoteAdapter.java:344)
	at org.apache.coyote.http11.Http11Processor.service(Http11Processor.java:397)
	at org.apache.coyote.AbstractProcessorLight.process(AbstractProcessorLight.java:63)
	at org.apache.coyote.AbstractProtocol$ConnectionHandler.process(AbstractProtocol.java:905)
	at org.apache.tomcat.util.net.NioEndpoint$SocketProcessor.doRun(NioEndpoint.java:1743)
	at org.apache.tomcat.util.net.SocketProcessorBase.run(SocketProcessorBase.java:52)
	at org.apache.tomcat.util.threads.ThreadPoolExecutor.runWorker(ThreadPoolExecutor.java:1190)
	at org.apache.tomcat.util.threads.ThreadPoolExecutor$Worker.run(ThreadPoolExecutor.java:659)
	at org.apache.tomcat.util.threads.TaskThread$WrappingRunnable.run(TaskThread.java:63)
	at java.base/java.lang.Thread.run(Thread.java:840)
Hibernate: 
    select
        au1_0.id,
        au1_0.created_at,
        au1_0.email,
        au1_0.first_name,
        au1_0.is_active,
        au1_0.last_login,
        au1_0.last_name,
        au1_0.password_hash,
        au1_0.role_id,
        au1_0.updated_at 
    from
        app_users au1_0 
    where
        au1_0.email=?
Hibernate: 
    select
        r1_0.id,
        r1_0.created_at,
        r1_0.description,
        r1_0.is_active,
        r1_0.name,
        r1_0.updated_at 
    from
        roles r1_0 
    where
        r1_0.id=?
org.springframework.web.servlet.resource.NoResourceFoundException: No static resource api/settings/admin/banners.
	at org.springframework.web.servlet.resource.ResourceHttpRequestHandler.handleRequest(ResourceHttpRequestHandler.java:585)
	at org.springframework.web.servlet.mvc.HttpRequestHandlerAdapter.handle(HttpRequestHandlerAdapter.java:52)
	at org.springframework.web.servlet.DispatcherServlet.doDispatch(DispatcherServlet.java:1088)
	at org.springframework.web.servlet.DispatcherServlet.doService(DispatcherServlet.java:978)
	at org.springframework.web.servlet.FrameworkServlet.processRequest(FrameworkServlet.java:1014)
	at org.springframework.web.servlet.FrameworkServlet.doPost(FrameworkServlet.java:914)
	at jakarta.servlet.http.HttpServlet.service(HttpServlet.java:590)
	at org.springframework.web.servlet.FrameworkServlet.service(FrameworkServlet.java:885)
	at jakarta.servlet.http.HttpServlet.service(HttpServlet.java:658)
	at org.apache.catalina.core.ApplicationFilterChain.internalDoFilter(ApplicationFilterChain.java:195)
	at org.apache.catalina.core.ApplicationFilterChain.doFilter(ApplicationFilterChain.java:140)
	at org.apache.tomcat.websocket.server.WsFilter.doFilter(WsFilter.java:51)
	at org.apache.catalina.core.ApplicationFilterChain.internalDoFilter(ApplicationFilterChain.java:164)
	at org.apache.catalina.core.ApplicationFilterChain.doFilter(ApplicationFilterChain.java:140)
	at org.springframework.web.filter.OncePerRequestFilter.doFilter(OncePerRequestFilter.java:110)
	at org.apache.catalina.core.ApplicationFilterChain.internalDoFilter(ApplicationFilterChain.java:164)
	at org.apache.catalina.core.ApplicationFilterChain.doFilter(ApplicationFilterChain.java:140)
	at org.springframework.web.filter.CompositeFilter$VirtualFilterChain.doFilter(CompositeFilter.java:108)
	at org.springframework.security.web.FilterChainProxy.lambda$doFilterInternal$3(FilterChainProxy.java:231)
	at org.springframework.security.web.FilterChainProxy$VirtualFilterChain.doFilter(FilterChainProxy.java:365)
	at org.springframework.security.web.access.intercept.AuthorizationFilter.doFilter(AuthorizationFilter.java:101)
	at org.springframework.security.web.FilterChainProxy$VirtualFilterChain.doFilter(FilterChainProxy.java:374)
	at org.springframework.security.web.access.ExceptionTranslationFilter.doFilter(ExceptionTranslationFilter.java:126)
	at org.springframework.security.web.access.ExceptionTranslationFilter.doFilter(ExceptionTranslationFilter.java:120)
	at org.springframework.security.web.FilterChainProxy$VirtualFilterChain.doFilter(FilterChainProxy.java:374)
	at org.springframework.security.web.session.SessionManagementFilter.doFilter(SessionManagementFilter.java:131)
	at org.springframework.security.web.session.SessionManagementFilter.doFilter(SessionManagementFilter.java:85)
	at org.springframework.security.web.FilterChainProxy$VirtualFilterChain.doFilter(FilterChainProxy.java:374)
	at org.springframework.security.web.authentication.AnonymousAuthenticationFilter.doFilter(AnonymousAuthenticationFilter.java:100)
	at org.springframework.security.web.FilterChainProxy$VirtualFilterChain.doFilter(FilterChainProxy.java:374)
	at org.springframework.security.web.servletapi.SecurityContextHolderAwareRequestFilter.doFilter(SecurityContextHolderAwareRequestFilter.java:179)
	at org.springframework.security.web.FilterChainProxy$VirtualFilterChain.doFilter(FilterChainProxy.java:374)
	at org.springframework.security.web.savedrequest.RequestCacheAwareFilter.doFilter(RequestCacheAwareFilter.java:63)
	at org.springframework.security.web.FilterChainProxy$VirtualFilterChain.doFilter(FilterChainProxy.java:374)
	at com.regalos.back_regalos.config.JwtAuthenticationFilter.doFilterInternal(JwtAuthenticationFilter.java:50)
	at org.springframework.web.filter.OncePerRequestFilter.doFilter(OncePerRequestFilter.java:116)
	at org.springframework.security.web.FilterChainProxy$VirtualFilterChain.doFilter(FilterChainProxy.java:374)
	at org.springframework.security.web.authentication.logout.LogoutFilter.doFilter(LogoutFilter.java:107)
	at org.springframework.security.web.authentication.logout.LogoutFilter.doFilter(LogoutFilter.java:93)
	at org.springframework.security.web.FilterChainProxy$VirtualFilterChain.doFilter(FilterChainProxy.java:374)
	at org.springframework.web.filter.CorsFilter.doFilterInternal(CorsFilter.java:91)
	at org.springframework.web.filter.OncePerRequestFilter.doFilter(OncePerRequestFilter.java:116)
	at org.springframework.security.web.FilterChainProxy$VirtualFilterChain.doFilter(FilterChainProxy.java:374)
	at org.springframework.security.web.header.HeaderWriterFilter.doHeadersAfter(HeaderWriterFilter.java:90)
	at org.springframework.security.web.header.HeaderWriterFilter.doFilterInternal(HeaderWriterFilter.java:75)
	at org.springframework.web.filter.OncePerRequestFilter.doFilter(OncePerRequestFilter.java:116)
	at org.springframework.security.web.FilterChainProxy$VirtualFilterChain.doFilter(FilterChainProxy.java:374)
	at org.springframework.security.web.context.SecurityContextHolderFilter.doFilter(SecurityContextHolderFilter.java:82)
	at org.springframework.security.web.context.SecurityContextHolderFilter.doFilter(SecurityContextHolderFilter.java:69)
	at org.springframework.security.web.FilterChainProxy$VirtualFilterChain.doFilter(FilterChainProxy.java:374)
	at org.springframework.security.web.context.request.async.WebAsyncManagerIntegrationFilter.doFilterInternal(WebAsyncManagerIntegrationFilter.java:62)
	at org.springframework.web.filter.OncePerRequestFilter.doFilter(OncePerRequestFilter.java:116)
	at org.springframework.security.web.FilterChainProxy$VirtualFilterChain.doFilter(FilterChainProxy.java:374)
	at org.springframework.security.web.session.DisableEncodeUrlFilter.doFilterInternal(DisableEncodeUrlFilter.java:42)
	at org.springframework.web.filter.OncePerRequestFilter.doFilter(OncePerRequestFilter.java:116)
	at org.springframework.security.web.FilterChainProxy$VirtualFilterChain.doFilter(FilterChainProxy.java:374)
	at org.springframework.security.web.FilterChainProxy.doFilterInternal(FilterChainProxy.java:233)
	at org.springframework.security.web.FilterChainProxy.doFilter(FilterChainProxy.java:191)
	at org.springframework.web.filter.CompositeFilter$VirtualFilterChain.doFilter(CompositeFilter.java:113)
	at org.springframework.web.servlet.handler.HandlerMappingIntrospector.lambda$createCacheFilter$3(HandlerMappingIntrospector.java:243)
	at org.springframework.web.filter.CompositeFilter$VirtualFilterChain.doFilter(CompositeFilter.java:113)
	at org.springframework.web.filter.CompositeFilter.doFilter(CompositeFilter.java:74)
	at org.springframework.security.config.annotation.web.configuration.WebMvcSecurityConfiguration$CompositeFilterChainProxy.doFilter(WebMvcSecurityConfiguration.java:238)
	at org.springframework.web.filter.DelegatingFilterProxy.invokeDelegate(DelegatingFilterProxy.java:362)
	at org.springframework.web.filter.DelegatingFilterProxy.doFilter(DelegatingFilterProxy.java:278)
	at org.apache.catalina.core.ApplicationFilterChain.internalDoFilter(ApplicationFilterChain.java:164)
	at org.apache.catalina.core.ApplicationFilterChain.doFilter(ApplicationFilterChain.java:140)
	at org.springframework.web.filter.RequestContextFilter.doFilterInternal(RequestContextFilter.java:100)
	at org.springframework.web.filter.OncePerRequestFilter.doFilter(OncePerRequestFilter.java:116)
	at org.apache.catalina.core.ApplicationFilterChain.internalDoFilter(ApplicationFilterChain.java:164)
	at org.apache.catalina.core.ApplicationFilterChain.doFilter(ApplicationFilterChain.java:140)
	at org.springframework.web.filter.FormContentFilter.doFilterInternal(FormContentFilter.java:93)
	at org.springframework.web.filter.OncePerRequestFilter.doFilter(OncePerRequestFilter.java:116)
	at org.apache.catalina.core.ApplicationFilterChain.internalDoFilter(ApplicationFilterChain.java:164)
	at org.apache.catalina.core.ApplicationFilterChain.doFilter(ApplicationFilterChain.java:140)
	at org.springframework.web.filter.CharacterEncodingFilter.doFilterInternal(CharacterEncodingFilter.java:201)
	at org.springframework.web.filter.OncePerRequestFilter.doFilter(OncePerRequestFilter.java:116)
	at org.apache.catalina.core.ApplicationFilterChain.internalDoFilter(ApplicationFilterChain.java:164)
	at org.apache.catalina.core.ApplicationFilterChain.doFilter(ApplicationFilterChain.java:140)
	at org.apache.catalina.core.StandardWrapperValve.invoke(StandardWrapperValve.java:167)
	at org.apache.catalina.core.StandardContextValve.invoke(StandardContextValve.java:90)
	at org.apache.catalina.authenticator.AuthenticatorBase.invoke(AuthenticatorBase.java:483)
	at org.apache.catalina.core.StandardHostValve.invoke(StandardHostValve.java:115)
	at org.apache.catalina.valves.ErrorReportValve.invoke(ErrorReportValve.java:93)
	at org.apache.catalina.core.StandardEngineValve.invoke(StandardEngineValve.java:74)
	at org.apache.catalina.connector.CoyoteAdapter.service(CoyoteAdapter.java:344)
	at org.apache.coyote.http11.Http11Processor.service(Http11Processor.java:397)
	at org.apache.coyote.AbstractProcessorLight.process(AbstractProcessorLight.java:63)
	at org.apache.coyote.AbstractProtocol$ConnectionHandler.process(AbstractProtocol.java:905)
	at org.apache.tomcat.util.net.NioEndpoint$SocketProcessor.doRun(NioEndpoint.java:1743)
	at org.apache.tomcat.util.net.SocketProcessorBase.run(SocketProcessorBase.java:52)
	at org.apache.tomcat.util.threads.ThreadPoolExecutor.runWorker(ThreadPoolExecutor.java:1190)
	at org.apache.tomcat.util.threads.ThreadPoolExecutor$Worker.run(ThreadPoolExecutor.java:659)
	at org.apache.tomcat.util.threads.TaskThread$WrappingRunnable.run(TaskThread.java:63)
	at java.base/java.lang.Thread.run(Thread.java:840)
Hibernate: 
    select
        au1_0.id,
        au1_0.created_at,
        au1_0.email,
        au1_0.first_name,
        au1_0.is_active,
        au1_0.last_login,
        au1_0.last_name,
        au1_0.password_hash,
        au1_0.role_id,
        au1_0.updated_at 
    from
        app_users au1_0 
    where
        au1_0.email=?
Hibernate: 
    select
        r1_0.id,
        r1_0.created_at,
        r1_0.description,
        r1_0.is_active,
        r1_0.name,
        r1_0.updated_at 
    from
        roles r1_0 
    where
        r1_0.id=?
org.springframework.web.servlet.resource.NoResourceFoundException: No static resource api/settings/admin/banners.
	at org.springframework.web.servlet.resource.ResourceHttpRequestHandler.handleRequest(ResourceHttpRequestHandler.java:585)
	at org.springframework.web.servlet.mvc.HttpRequestHandlerAdapter.handle(HttpRequestHandlerAdapter.java:52)
	at org.springframework.web.servlet.DispatcherServlet.doDispatch(DispatcherServlet.java:1088)
	at org.springframework.web.servlet.DispatcherServlet.doService(DispatcherServlet.java:978)
	at org.springframework.web.servlet.FrameworkServlet.processRequest(FrameworkServlet.java:1014)
	at org.springframework.web.servlet.FrameworkServlet.doPost(FrameworkServlet.java:914)
	at jakarta.servlet.http.HttpServlet.service(HttpServlet.java:590)
	at org.springframework.web.servlet.FrameworkServlet.service(FrameworkServlet.java:885)
	at jakarta.servlet.http.HttpServlet.service(HttpServlet.java:658)
	at org.apache.catalina.core.ApplicationFilterChain.internalDoFilter(ApplicationFilterChain.java:195)
	at org.apache.catalina.core.ApplicationFilterChain.doFilter(ApplicationFilterChain.java:140)
	at org.apache.tomcat.websocket.server.WsFilter.doFilter(WsFilter.java:51)
	at org.apache.catalina.core.ApplicationFilterChain.internalDoFilter(ApplicationFilterChain.java:164)
	at org.apache.catalina.core.ApplicationFilterChain.doFilter(ApplicationFilterChain.java:140)
	at org.springframework.web.filter.OncePerRequestFilter.doFilter(OncePerRequestFilter.java:110)
	at org.apache.catalina.core.ApplicationFilterChain.internalDoFilter(ApplicationFilterChain.java:164)
	at org.apache.catalina.core.ApplicationFilterChain.doFilter(ApplicationFilterChain.java:140)
	at org.springframework.web.filter.CompositeFilter$VirtualFilterChain.doFilter(CompositeFilter.java:108)
	at org.springframework.security.web.FilterChainProxy.lambda$doFilterInternal$3(FilterChainProxy.java:231)
	at org.springframework.security.web.FilterChainProxy$VirtualFilterChain.doFilter(FilterChainProxy.java:365)
	at org.springframework.security.web.access.intercept.AuthorizationFilter.doFilter(AuthorizationFilter.java:101)
	at org.springframework.security.web.FilterChainProxy$VirtualFilterChain.doFilter(FilterChainProxy.java:374)
	at org.springframework.security.web.access.ExceptionTranslationFilter.doFilter(ExceptionTranslationFilter.java:126)
	at org.springframework.security.web.access.ExceptionTranslationFilter.doFilter(ExceptionTranslationFilter.java:120)
	at org.springframework.security.web.FilterChainProxy$VirtualFilterChain.doFilter(FilterChainProxy.java:374)
	at org.springframework.security.web.session.SessionManagementFilter.doFilter(SessionManagementFilter.java:131)
	at org.springframework.security.web.session.SessionManagementFilter.doFilter(SessionManagementFilter.java:85)
	at org.springframework.security.web.FilterChainProxy$VirtualFilterChain.doFilter(FilterChainProxy.java:374)
	at org.springframework.security.web.authentication.AnonymousAuthenticationFilter.doFilter(AnonymousAuthenticationFilter.java:100)
	at org.springframework.security.web.FilterChainProxy$VirtualFilterChain.doFilter(FilterChainProxy.java:374)
	at org.springframework.security.web.servletapi.SecurityContextHolderAwareRequestFilter.doFilter(SecurityContextHolderAwareRequestFilter.java:179)
	at org.springframework.security.web.FilterChainProxy$VirtualFilterChain.doFilter(FilterChainProxy.java:374)
	at org.springframework.security.web.savedrequest.RequestCacheAwareFilter.doFilter(RequestCacheAwareFilter.java:63)
	at org.springframework.security.web.FilterChainProxy$VirtualFilterChain.doFilter(FilterChainProxy.java:374)
	at com.regalos.back_regalos.config.JwtAuthenticationFilter.doFilterInternal(JwtAuthenticationFilter.java:50)
	at org.springframework.web.filter.OncePerRequestFilter.doFilter(OncePerRequestFilter.java:116)
	at org.springframework.security.web.FilterChainProxy$VirtualFilterChain.doFilter(FilterChainProxy.java:374)
	at org.springframework.security.web.authentication.logout.LogoutFilter.doFilter(LogoutFilter.java:107)
	at org.springframework.security.web.authentication.logout.LogoutFilter.doFilter(LogoutFilter.java:93)
	at org.springframework.security.web.FilterChainProxy$VirtualFilterChain.doFilter(FilterChainProxy.java:374)
	at org.springframework.web.filter.CorsFilter.doFilterInternal(CorsFilter.java:91)
	at org.springframework.web.filter.OncePerRequestFilter.doFilter(OncePerRequestFilter.java:116)
	at org.springframework.security.web.FilterChainProxy$VirtualFilterChain.doFilter(FilterChainProxy.java:374)
	at org.springframework.security.web.header.HeaderWriterFilter.doHeadersAfter(HeaderWriterFilter.java:90)
	at org.springframework.security.web.header.HeaderWriterFilter.doFilterInternal(HeaderWriterFilter.java:75)
	at org.springframework.web.filter.OncePerRequestFilter.doFilter(OncePerRequestFilter.java:116)
	at org.springframework.security.web.FilterChainProxy$VirtualFilterChain.doFilter(FilterChainProxy.java:374)
	at org.springframework.security.web.context.SecurityContextHolderFilter.doFilter(SecurityContextHolderFilter.java:82)
	at org.springframework.security.web.context.SecurityContextHolderFilter.doFilter(SecurityContextHolderFilter.java:69)
	at org.springframework.security.web.FilterChainProxy$VirtualFilterChain.doFilter(FilterChainProxy.java:374)
	at org.springframework.security.web.context.request.async.WebAsyncManagerIntegrationFilter.doFilterInternal(WebAsyncManagerIntegrationFilter.java:62)
	at org.springframework.web.filter.OncePerRequestFilter.doFilter(OncePerRequestFilter.java:116)
	at org.springframework.security.web.FilterChainProxy$VirtualFilterChain.doFilter(FilterChainProxy.java:374)
	at org.springframework.security.web.session.DisableEncodeUrlFilter.doFilterInternal(DisableEncodeUrlFilter.java:42)
	at org.springframework.web.filter.OncePerRequestFilter.doFilter(OncePerRequestFilter.java:116)
	at org.springframework.security.web.FilterChainProxy$VirtualFilterChain.doFilter(FilterChainProxy.java:374)
	at org.springframework.security.web.FilterChainProxy.doFilterInternal(FilterChainProxy.java:233)
	at org.springframework.security.web.FilterChainProxy.doFilter(FilterChainProxy.java:191)
	at org.springframework.web.filter.CompositeFilter$VirtualFilterChain.doFilter(CompositeFilter.java:113)
	at org.springframework.web.servlet.handler.HandlerMappingIntrospector.lambda$createCacheFilter$3(HandlerMappingIntrospector.java:243)
	at org.springframework.web.filter.CompositeFilter$VirtualFilterChain.doFilter(CompositeFilter.java:113)
	at org.springframework.web.filter.CompositeFilter.doFilter(CompositeFilter.java:74)
	at org.springframework.security.config.annotation.web.configuration.WebMvcSecurityConfiguration$CompositeFilterChainProxy.doFilter(WebMvcSecurityConfiguration.java:238)
	at org.springframework.web.filter.DelegatingFilterProxy.invokeDelegate(DelegatingFilterProxy.java:362)
	at org.springframework.web.filter.DelegatingFilterProxy.doFilter(DelegatingFilterProxy.java:278)
	at org.apache.catalina.core.ApplicationFilterChain.internalDoFilter(ApplicationFilterChain.java:164)
	at org.apache.catalina.core.ApplicationFilterChain.doFilter(ApplicationFilterChain.java:140)
	at org.springframework.web.filter.RequestContextFilter.doFilterInternal(RequestContextFilter.java:100)
	at org.springframework.web.filter.OncePerRequestFilter.doFilter(OncePerRequestFilter.java:116)
	at org.apache.catalina.core.ApplicationFilterChain.internalDoFilter(ApplicationFilterChain.java:164)
	at org.apache.catalina.core.ApplicationFilterChain.doFilter(ApplicationFilterChain.java:140)
	at org.springframework.web.filter.FormContentFilter.doFilterInternal(FormContentFilter.java:93)
	at org.springframework.web.filter.OncePerRequestFilter.doFilter(OncePerRequestFilter.java:116)
	at org.apache.catalina.core.ApplicationFilterChain.internalDoFilter(ApplicationFilterChain.java:164)
	at org.apache.catalina.core.ApplicationFilterChain.doFilter(ApplicationFilterChain.java:140)
	at org.springframework.web.filter.CharacterEncodingFilter.doFilterInternal(CharacterEncodingFilter.java:201)
	at org.springframework.web.filter.OncePerRequestFilter.doFilter(OncePerRequestFilter.java:116)
	at org.apache.catalina.core.ApplicationFilterChain.internalDoFilter(ApplicationFilterChain.java:164)
	at org.apache.catalina.core.ApplicationFilterChain.doFilter(ApplicationFilterChain.java:140)
	at org.apache.catalina.core.StandardWrapperValve.invoke(StandardWrapperValve.java:167)
	at org.apache.catalina.core.StandardContextValve.invoke(StandardContextValve.java:90)
	at org.apache.catalina.authenticator.AuthenticatorBase.invoke(AuthenticatorBase.java:483)
	at org.apache.catalina.core.StandardHostValve.invoke(StandardHostValve.java:115)
	at org.apache.catalina.valves.ErrorReportValve.invoke(ErrorReportValve.java:93)
	at org.apache.catalina.core.StandardEngineValve.invoke(StandardEngineValve.java:74)
	at org.apache.catalina.connector.CoyoteAdapter.service(CoyoteAdapter.java:344)
	at org.apache.coyote.http11.Http11Processor.service(Http11Processor.java:397)
	at org.apache.coyote.AbstractProcessorLight.process(AbstractProcessorLight.java:63)
	at org.apache.coyote.AbstractProtocol$ConnectionHandler.process(AbstractProtocol.java:905)
	at org.apache.tomcat.util.net.NioEndpoint$SocketProcessor.doRun(NioEndpoint.java:1743)
	at org.apache.tomcat.util.net.SocketProcessorBase.run(SocketProcessorBase.java:52)
	at org.apache.tomcat.util.threads.ThreadPoolExecutor.runWorker(ThreadPoolExecutor.java:1190)
	at org.apache.tomcat.util.threads.ThreadPoolExecutor$Worker.run(ThreadPoolExecutor.java:659)
	at org.apache.tomcat.util.threads.TaskThread$WrappingRunnable.run(TaskThread.java:63)
	at java.base/java.lang.Thread.run(Thread.java:840)
Hibernate: 
    select
        au1_0.id,
        au1_0.created_at,
        au1_0.email,
        au1_0.first_name,
        au1_0.is_active,
        au1_0.last_login,
        au1_0.last_name,
        au1_0.password_hash,
        au1_0.role_id,
        au1_0.updated_at 
    from
        app_users au1_0 
    where
        au1_0.email=?
Hibernate: 
    select
        r1_0.id,
        r1_0.created_at,
        r1_0.description,
        r1_0.is_active,
        r1_0.name,
        r1_0.updated_at 
    from
        roles r1_0 
    where
        r1_0.id=?
Hibernate: 
    select
        ss1_0.id,
        ss1_0.config_group,
        ss1_0.config_key,
        ss1_0.config_value,
        ss1_0.created_at,
        ss1_0.description,
        ss1_0.is_active,
        ss1_0.updated_at 
    from
        store_settings ss1_0 
    where
        ss1_0.config_key=?
