> Task :clean
> Task :compileJava
> Task :processResources
> Task :classes
> Task :resolveMainClassName

> Task :bootRun

  .   ____          _            __ _ _
 /\\ / ___'_ __ _ _(_)_ __  __ _ \ \ \ \
( ( )\___ | '_ | '_| | '_ \/ _` | \ \ \ \
 \\/  ___)| |_)| | | | | || (_| |  ) ) ) )
  '  |____| .__|_| |_|_| |_\__, | / / / /
 =========|_|==============|___/=/_/_/_/

 :: Spring Boot ::                (v3.4.3)

2026-03-15T09:06:27.777-05:00  INFO 17044 --- [back-regalos] [           main] c.r.back_regalos.BackRegalosApplication  : Starting BackRegalosApplication using Java 17.0.17 with PID 17044 (D:\Documentos\Accelwolf\Downloads\Tienda\back-regalos\build\classes\java\main started by accelwolf in D:\Documentos\Accelwolf\Downloads\Tienda\back-regalos)
2026-03-15T09:06:27.779-05:00  INFO 17044 --- [back-regalos] [           main] c.r.back_regalos.BackRegalosApplication  : No active profile set, falling back to 1 default profile: "default"
2026-03-15T09:06:28.456-05:00  INFO 17044 --- [back-regalos] [           main] .s.d.r.c.RepositoryConfigurationDelegate : Bootstrapping Spring Data JPA repositories in DEFAULT mode.
2026-03-15T09:06:28.536-05:00  INFO 17044 --- [back-regalos] [           main] .s.d.r.c.RepositoryConfigurationDelegate : Finished Spring Data repository scanning in 71 ms. Found 17 JPA repository interfaces.
2026-03-15T09:06:29.012-05:00  INFO 17044 --- [back-regalos] [           main] o.s.b.w.embedded.tomcat.TomcatWebServer  : Tomcat initialized with port 8080 (http)
2026-03-15T09:06:29.024-05:00  INFO 17044 --- [back-regalos] [           main] o.apache.catalina.core.StandardService   : Starting service [Tomcat]
2026-03-15T09:06:29.025-05:00  INFO 17044 --- [back-regalos] [           main] o.apache.catalina.core.StandardEngine    : Starting Servlet engine: [Apache Tomcat/10.1.36]
2026-03-15T09:06:29.081-05:00  INFO 17044 --- [back-regalos] [           main] o.a.c.c.C.[Tomcat].[localhost].[/]       : Initializing Spring embedded WebApplicationContext
2026-03-15T09:06:29.081-05:00  INFO 17044 --- [back-regalos] [           main] w.s.c.ServletWebServerApplicationContext : Root WebApplicationContext: initialization completed in 1268 ms
2026-03-15T09:06:29.184-05:00  INFO 17044 --- [back-regalos] [           main] o.hibernate.jpa.internal.util.LogHelper  : HHH000204: Processing PersistenceUnitInfo [name: default]
2026-03-15T09:06:29.232-05:00  INFO 17044 --- [back-regalos] [           main] org.hibernate.Version                    : HHH000412: Hibernate ORM core version 6.6.8.Final
2026-03-15T09:06:29.263-05:00  INFO 17044 --- [back-regalos] [           main] o.h.c.internal.RegionFactoryInitiator    : HHH000026: Second-level cache disabled
2026-03-15T09:06:29.536-05:00  INFO 17044 --- [back-regalos] [           main] o.s.o.j.p.SpringPersistenceUnitInfo      : No LoadTimeWeaver setup: ignoring JPA class transformer
2026-03-15T09:06:29.563-05:00  INFO 17044 --- [back-regalos] [           main] com.zaxxer.hikari.HikariDataSource       : HikariPool-1 - Starting...
2026-03-15T09:06:31.362-05:00  INFO 17044 --- [back-regalos] [           main] com.zaxxer.hikari.HikariDataSource       : HikariPool-1 - Start completed.
2026-03-15T09:06:32.581-05:00  WARN 17044 --- [back-regalos] [           main] org.hibernate.orm.deprecation            : HHH90000025: PostgreSQLDialect does not need to be specified explicitly using 'hibernate.dialect' (remove the property setting and it will be selected by default)
2026-03-15T09:06:32.887-05:00  INFO 17044 --- [back-regalos] [           main] org.hibernate.orm.connections.pooling    : HHH10001005: Database info:
	Database JDBC URL [Connecting through datasource 'HikariDataSource (HikariPool-1)']
	Database driver: undefined/unknown
	Database version: 18.3
	Autocommit mode: undefined/unknown
	Isolation level: undefined/unknown
	Minimum pool size: undefined/unknown
	Maximum pool size: undefined/unknown
2026-03-15T09:06:33.947-05:00  INFO 17044 --- [back-regalos] [           main] o.h.e.t.j.p.i.JtaPlatformInitiator       : HHH000489: No JTA platform available (set 'hibernate.transaction.jta.platform' to enable JTA platform integration)
2026-03-15T09:06:33.950-05:00  INFO 17044 --- [back-regalos] [           main] j.LocalContainerEntityManagerFactoryBean : Initialized JPA EntityManagerFactory for persistence unit 'default'
2026-03-15T09:06:34.358-05:00  INFO 17044 --- [back-regalos] [           main] eAuthenticationProviderManagerConfigurer : Global AuthenticationManager configured with AuthenticationProvider bean with name authenticationProvider
2026-03-15T09:06:34.358-05:00  WARN 17044 --- [back-regalos] [           main] r$InitializeUserDetailsManagerConfigurer : Global AuthenticationManager configured with an AuthenticationProvider bean. UserDetailsService beans will not be used by Spring Security for automatically configuring username/password login. Consider removing the AuthenticationProvider bean. Alternatively, consider using the UserDetailsService in a manually instantiated DaoAuthenticationProvider. If the current configuration is intentional, to turn off this warning, increase the logging level of 'org.springframework.security.config.annotation.authentication.configuration.InitializeUserDetailsBeanManagerConfigurer' to ERROR
2026-03-15T09:06:34.470-05:00  WARN 17044 --- [back-regalos] [           main] JpaBaseConfiguration$JpaWebConfiguration : spring.jpa.open-in-view is enabled by default. Therefore, database queries may be performed during view rendering. Explicitly configure spring.jpa.open-in-view to disable this warning
2026-03-15T09:06:34.910-05:00  INFO 17044 --- [back-regalos] [           main] o.s.d.j.r.query.QueryEnhancerFactory     : Hibernate is in classpath; If applicable, HQL parser will be used.
2026-03-15T09:06:35.292-05:00  INFO 17044 --- [back-regalos] [           main] o.s.b.w.embedded.tomcat.TomcatWebServer  : Tomcat started on port 8080 (http) with context path '/'
2026-03-15T09:06:35.302-05:00  INFO 17044 --- [back-regalos] [           main] c.r.back_regalos.BackRegalosApplication  : Started BackRegalosApplication in 7.914 seconds (process running for 8.281)
? Starting Data Initialization...
? Table store_banners verified.
Hibernate: 
    select
        count(*) 
    from
        roles r1_0
Hibernate: 
    select
        au1_0.id,
        au1_0.created_at,
        au1_0.email,
        au1_0.first_name,
        au1_0.is_active,
        au1_0.last_login,
        au1_0.last_name,
        au1_0.password_hash,
        au1_0.role_id,
        au1_0.updated_at 
    from
        app_users au1_0 
    where
        au1_0.email=?
Hibernate: 
    select
        r1_0.id,
        r1_0.created_at,
        r1_0.description,
        r1_0.is_active,
        r1_0.name,
        r1_0.updated_at 
    from
        roles r1_0 
    where
        r1_0.id=?
Hibernate: 
    select
        r1_0.id,
        r1_0.created_at,
        r1_0.description,
        r1_0.is_active,
        r1_0.name,
        r1_0.updated_at 
    from
        roles r1_0 
    where
        r1_0.name=?
Hibernate: 
    select
        au1_0.id,
        au1_0.created_at,
        au1_0.email,
        au1_0.first_name,
        au1_0.is_active,
        au1_0.last_login,
        au1_0.last_name,
        au1_0.password_hash,
        r1_0.id,
        r1_0.created_at,
        r1_0.description,
        r1_0.is_active,
        r1_0.name,
        r1_0.updated_at,
        au1_0.updated_at 
    from
        app_users au1_0 
    left join
        roles r1_0 
            on r1_0.id=au1_0.role_id 
    where
        au1_0.id=?
Hibernate: 
    update
        app_users 
    set
        email=?,
        first_name=?,
        is_active=?,
        last_login=?,
        last_name=?,
        password_hash=?,
        role_id=? 
    where
        id=?
? User admin1@regalos.com password reset successfully to: admin123
Hibernate: 
    select
        au1_0.id,
        au1_0.created_at,
        au1_0.email,
        au1_0.first_name,
        au1_0.is_active,
        au1_0.last_login,
        au1_0.last_name,
        au1_0.password_hash,
        au1_0.role_id,
        au1_0.updated_at 
    from
        app_users au1_0 
    where
        au1_0.email=?
Hibernate: 
    select
        r1_0.id,
        r1_0.created_at,
        r1_0.description,
        r1_0.is_active,
        r1_0.name,
        r1_0.updated_at 
    from
        roles r1_0 
    where
        r1_0.id=?
Hibernate: 
    select
        r1_0.id,
        r1_0.created_at,
        r1_0.description,
        r1_0.is_active,
        r1_0.name,
        r1_0.updated_at 
    from
        roles r1_0 
    where
        r1_0.name=?
Hibernate: 
    select
        au1_0.id,
        au1_0.created_at,
        au1_0.email,
        au1_0.first_name,
        au1_0.is_active,
        au1_0.last_login,
        au1_0.last_name,
        au1_0.password_hash,
        r1_0.id,
        r1_0.created_at,
        r1_0.description,
        r1_0.is_active,
        r1_0.name,
        r1_0.updated_at,
        au1_0.updated_at 
    from
        app_users au1_0 
    left join
        roles r1_0 
            on r1_0.id=au1_0.role_id 
    where
        au1_0.id=?
Hibernate: 
    update
        app_users 
    set
        email=?,
        first_name=?,
        is_active=?,
        last_login=?,
        last_name=?,
        password_hash=?,
        role_id=? 
    where
        id=?
? User admin2@regalos.com password reset successfully to: admin123
Hibernate: 
    select
        count(*) 
    from
        store_settings ss1_0
? Data Initialization Finished.
2026-03-15T09:08:06.260-05:00  INFO 17044 --- [back-regalos] [nio-8080-exec-1] o.a.c.c.C.[Tomcat].[localhost].[/]       : Initializing Spring DispatcherServlet 'dispatcherServlet'
2026-03-15T09:08:06.260-05:00  INFO 17044 --- [back-regalos] [nio-8080-exec-1] o.s.web.servlet.DispatcherServlet        : Initializing Servlet 'dispatcherServlet'
2026-03-15T09:08:06.261-05:00  INFO 17044 --- [back-regalos] [nio-8080-exec-1] o.s.web.servlet.DispatcherServlet        : Completed initialization in 1 ms
Hibernate: 
    select
        au1_0.id,
        au1_0.created_at,
        au1_0.email,
        au1_0.first_name,
        au1_0.is_active,
        au1_0.last_login,
        au1_0.last_name,
        au1_0.password_hash,
        au1_0.role_id,
        au1_0.updated_at 
    from
        app_users au1_0 
    where
        au1_0.email=?
Hibernate: 
    select
        r1_0.id,
        r1_0.created_at,
        r1_0.description,
        r1_0.is_active,
        r1_0.name,
        r1_0.updated_at 
    from
        roles r1_0 
    where
        r1_0.id=?
Hibernate: 
    select
        au1_0.id,
        au1_0.created_at,
        au1_0.email,
        au1_0.first_name,
        au1_0.is_active,
        au1_0.last_login,
        au1_0.last_name,
        au1_0.password_hash,
        au1_0.role_id,
        au1_0.updated_at 
    from
        app_users au1_0 
    where
        au1_0.email=?
Hibernate: 
    select
        au1_0.id,
        au1_0.created_at,
        au1_0.email,
        au1_0.first_name,
        au1_0.is_active,
        au1_0.last_login,
        au1_0.last_name,
        au1_0.password_hash,
        au1_0.role_id,
        au1_0.updated_at 
    from
        app_users au1_0 
    where
        au1_0.email=?
Hibernate: 
    select
        p1_0.id,
        p1_0.category_id,
        p1_0.cost_price,
        p1_0.created_at,
        p1_0.description,
        p1_0.is_active,
        p1_0.name,
        p1_0.price,
        p1_0.stock,
        p1_0.supplier_id,
        p1_0.updated_at 
    from
        products p1_0 
    where
        p1_0.is_active=?
Hibernate: 
    select
        sb1_0.id,
        sb1_0.created_at,
        sb1_0.display_order,
        sb1_0.image_base64,
        sb1_0.is_active,
        sb1_0.subtitle,
        sb1_0.title 
    from
        store_banners sb1_0 
    where
        sb1_0.is_active=? 
    order by
        sb1_0.display_order
Hibernate: 
    select
        ss1_0.id,
        ss1_0.config_group,
        ss1_0.config_key,
        ss1_0.config_value,
        ss1_0.created_at,
        ss1_0.description,
        ss1_0.is_active,
        ss1_0.updated_at 
    from
        store_settings ss1_0
Hibernate: 
    select
        au1_0.id,
        au1_0.created_at,
        au1_0.email,
        au1_0.first_name,
        au1_0.is_active,
        au1_0.last_login,
        au1_0.last_name,
        au1_0.password_hash,
        au1_0.role_id,
        au1_0.updated_at 
    from
        app_users au1_0 
    where
        au1_0.email=?
Hibernate: 
    select
        r1_0.id,
        r1_0.created_at,
        r1_0.description,
        r1_0.is_active,
        r1_0.name,
        r1_0.updated_at 
    from
        roles r1_0 
    where
        r1_0.id=?
Hibernate: 
    select
        au1_0.id,
        au1_0.created_at,
        au1_0.email,
        au1_0.first_name,
        au1_0.is_active,
        au1_0.last_login,
        au1_0.last_name,
        au1_0.password_hash,
        au1_0.role_id,
        au1_0.updated_at 
    from
        app_users au1_0 
    where
        au1_0.email=?
Hibernate: 
    select
        au1_0.id,
        au1_0.created_at,
        au1_0.email,
        au1_0.first_name,
        au1_0.is_active,
        au1_0.last_login,
        au1_0.last_name,
        au1_0.password_hash,
        au1_0.role_id,
        au1_0.updated_at 
    from
        app_users au1_0 
    where
        au1_0.email=?
Hibernate: 
    select
        au1_0.id,
        au1_0.created_at,
        au1_0.email,
        au1_0.first_name,
        au1_0.is_active,
        au1_0.last_login,
        au1_0.last_name,
        au1_0.password_hash,
        au1_0.role_id,
        au1_0.updated_at 
    from
        app_users au1_0 
    where
        au1_0.email=?
Hibernate: 
    select
        r1_0.id,
        r1_0.created_at,
        r1_0.description,
        r1_0.is_active,
        r1_0.name,
        r1_0.updated_at 
    from
        roles r1_0 
    where
        r1_0.id=?
Hibernate: 
    select
        o1_0.id,
        o1_0.bold_transaction_id,
        o1_0.created_at,
        o1_0.currency,
        o1_0.customer_id,
        o1_0.delivery_address,
        o1_0.delivery_city_id,
        o1_0.delivery_cost,
        o1_0.delivery_date,
        o1_0.delivery_instructions,
        o1_0.delivery_neighborhood,
        o1_0.delivery_time_range,
        o1_0.gift_message,
        o1_0.gift_receiver_name,
        o1_0.gift_sender_name,
        o1_0.is_active,
        o1_0.order_status_id,
        o1_0.payment_method,
        o1_0.payment_status,
        o1_0.subtotal_amount,
        o1_0.total_amount,
        o1_0.total_cost_amount,
        o1_0.tracking_code,
        o1_0.updated_at 
    from
        orders o1_0
Hibernate: 
    select
        au1_0.id,
        au1_0.created_at,
        au1_0.email,
        au1_0.first_name,
        au1_0.is_active,
        au1_0.last_login,
        au1_0.last_name,
        au1_0.password_hash,
        au1_0.role_id,
        au1_0.updated_at 
    from
        app_users au1_0 
    where
        au1_0.email=?
Hibernate: 
    select
        au1_0.id,
        au1_0.created_at,
        au1_0.email,
        au1_0.first_name,
        au1_0.is_active,
        au1_0.last_login,
        au1_0.last_name,
        au1_0.password_hash,
        au1_0.role_id,
        au1_0.updated_at 
    from
        app_users au1_0 
    where
        au1_0.email=?
Hibernate: 
    select
        r1_0.id,
        r1_0.created_at,
        r1_0.description,
        r1_0.is_active,
        r1_0.name,
        r1_0.updated_at 
    from
        roles r1_0 
    where
        r1_0.id=?
Hibernate: 
    select
        r1_0.id,
        r1_0.created_at,
        r1_0.description,
        r1_0.is_active,
        r1_0.name,
        r1_0.updated_at 
    from
        roles r1_0 
    where
        r1_0.id=?
Hibernate: 
    select
        o1_0.id,
        o1_0.bold_transaction_id,
        o1_0.created_at,
        o1_0.currency,
        o1_0.customer_id,
        o1_0.delivery_address,
        o1_0.delivery_city_id,
        o1_0.delivery_cost,
        o1_0.delivery_date,
        o1_0.delivery_instructions,
        o1_0.delivery_neighborhood,
        o1_0.delivery_time_range,
        o1_0.gift_message,
        o1_0.gift_receiver_name,
        o1_0.gift_sender_name,
        o1_0.is_active,
        o1_0.order_status_id,
        o1_0.payment_method,
        o1_0.payment_status,
        o1_0.subtotal_amount,
        o1_0.total_amount,
        o1_0.total_cost_amount,
        o1_0.tracking_code,
        o1_0.updated_at 
    from
        orders o1_0
Hibernate: 
    select
        os1_0.id,
        os1_0.created_at,
        os1_0.description,
        os1_0.display_order,
        os1_0.is_active,
        os1_0.name 
    from
        order_statuses os1_0
Hibernate: 
    select
        au1_0.id,
        au1_0.created_at,
        au1_0.email,
        au1_0.first_name,
        au1_0.is_active,
        au1_0.last_login,
        au1_0.last_name,
        au1_0.password_hash,
        au1_0.role_id,
        au1_0.updated_at 
    from
        app_users au1_0 
    where
        au1_0.email=?
Hibernate: 
    select
        r1_0.id,
        r1_0.created_at,
        r1_0.description,
        r1_0.is_active,
        r1_0.name,
        r1_0.updated_at 
    from
        roles r1_0 
    where
        r1_0.id=?
Hibernate: 
    select
        p1_0.id,
        p1_0.category_id,
        p1_0.cost_price,
        p1_0.created_at,
        p1_0.description,
        p1_0.is_active,
        p1_0.name,
        p1_0.price,
        p1_0.stock,
        p1_0.supplier_id,
        p1_0.updated_at 
    from
        products p1_0
Hibernate: 
    select
        au1_0.id,
        au1_0.created_at,
        au1_0.email,
        au1_0.first_name,
        au1_0.is_active,
        au1_0.last_login,
        au1_0.last_name,
        au1_0.password_hash,
        au1_0.role_id,
        au1_0.updated_at 
    from
        app_users au1_0 
    where
        au1_0.email=?
Hibernate: 
    select
        r1_0.id,
        r1_0.created_at,
        r1_0.description,
        r1_0.is_active,
        r1_0.name,
        r1_0.updated_at 
    from
        roles r1_0 
    where
        r1_0.id=?
Hibernate: 
    select
        c1_0.id,
        c1_0.created_at,
        c1_0.description,
        c1_0.image_url,
        c1_0.is_active,
        c1_0.name,
        c1_0.updated_at 
    from
        categories c1_0
Hibernate: 
    select
        au1_0.id,
        au1_0.created_at,
        au1_0.email,
        au1_0.first_name,
        au1_0.is_active,
        au1_0.last_login,
        au1_0.last_name,
        au1_0.password_hash,
        au1_0.role_id,
        au1_0.updated_at 
    from
        app_users au1_0 
    where
        au1_0.email=?
Hibernate: 
    select
        r1_0.id,
        r1_0.created_at,
        r1_0.description,
        r1_0.is_active,
        r1_0.name,
        r1_0.updated_at 
    from
        roles r1_0 
    where
        r1_0.id=?
Hibernate: 
    select
        sb1_0.id,
        sb1_0.created_at,
        sb1_0.display_order,
        sb1_0.image_base64,
        sb1_0.is_active,
        sb1_0.subtitle,
        sb1_0.title 
    from
        store_banners sb1_0
Hibernate: 
    select
        au1_0.id,
        au1_0.created_at,
        au1_0.email,
        au1_0.first_name,
        au1_0.is_active,
        au1_0.last_login,
        au1_0.last_name,
        au1_0.password_hash,
        au1_0.role_id,
        au1_0.updated_at 
    from
        app_users au1_0 
    where
        au1_0.email=?
Hibernate: 
    select
        r1_0.id,
        r1_0.created_at,
        r1_0.description,
        r1_0.is_active,
        r1_0.name,
        r1_0.updated_at 
    from
        roles r1_0 
    where
        r1_0.id=?
Hibernate: 
    select
        count(*) 
    from
        store_banners sb1_0
Hibernate: 
    insert 
    into
        store_banners
        (display_order, image_base64, is_active, subtitle, title) 
    values
        (?, ?, ?, ?, ?)
Hibernate: 
    select
        au1_0.id,
        au1_0.created_at,
        au1_0.email,
        au1_0.first_name,
        au1_0.is_active,
        au1_0.last_login,
        au1_0.last_name,
        au1_0.password_hash,
        au1_0.role_id,
        au1_0.updated_at 
    from
        app_users au1_0 
    where
        au1_0.email=?
Hibernate: 
    select
        r1_0.id,
        r1_0.created_at,
        r1_0.description,
        r1_0.is_active,
        r1_0.name,
        r1_0.updated_at 
    from
        roles r1_0 
    where
        r1_0.id=?
Hibernate: 
    select
        sb1_0.id,
        sb1_0.created_at,
        sb1_0.display_order,
        sb1_0.image_base64,
        sb1_0.is_active,
        sb1_0.subtitle,
        sb1_0.title 
    from
        store_banners sb1_0
Hibernate: 
    select
        sb1_0.id,
        sb1_0.created_at,
        sb1_0.display_order,
        sb1_0.image_base64,
        sb1_0.is_active,
        sb1_0.subtitle,
        sb1_0.title 
    from
        store_banners sb1_0 
    where
        sb1_0.is_active=? 
    order by
        sb1_0.display_order
Hibernate: 
    select
        p1_0.id,
        p1_0.category_id,
        p1_0.cost_price,
        p1_0.created_at,
        p1_0.description,
        p1_0.is_active,
        p1_0.name,
        p1_0.price,
        p1_0.stock,
        p1_0.supplier_id,
        p1_0.updated_at 
    from
        products p1_0 
    where
        p1_0.is_active=?
Hibernate: 
    select
        ss1_0.id,
        ss1_0.config_group,
        ss1_0.config_key,
        ss1_0.config_value,
        ss1_0.created_at,
        ss1_0.description,
        ss1_0.is_active,
        ss1_0.updated_at 
    from
        store_settings ss1_0
Hibernate: 
    select
        au1_0.id,
        au1_0.created_at,
        au1_0.email,
        au1_0.first_name,
        au1_0.is_active,
        au1_0.last_login,
        au1_0.last_name,
        au1_0.password_hash,
        au1_0.role_id,
        au1_0.updated_at 
    from
        app_users au1_0 
    where
        au1_0.email=?
Hibernate: 
    select
        r1_0.id,
        r1_0.created_at,
        r1_0.description,
        r1_0.is_active,
        r1_0.name,
        r1_0.updated_at 
    from
        roles r1_0 
    where
        r1_0.id=?
Hibernate: 
    select
        o1_0.id,
        o1_0.bold_transaction_id,
        o1_0.created_at,
        o1_0.currency,
        o1_0.customer_id,
        o1_0.delivery_address,
        o1_0.delivery_city_id,
        o1_0.delivery_cost,
        o1_0.delivery_date,
        o1_0.delivery_instructions,
        o1_0.delivery_neighborhood,
        o1_0.delivery_time_range,
        o1_0.gift_message,
        o1_0.gift_receiver_name,
        o1_0.gift_sender_name,
        o1_0.is_active,
        o1_0.order_status_id,
        o1_0.payment_method,
        o1_0.payment_status,
        o1_0.subtotal_amount,
        o1_0.total_amount,
        o1_0.total_cost_amount,
        o1_0.tracking_code,
        o1_0.updated_at 
    from
        orders o1_0
Hibernate: 
    select
        au1_0.id,
        au1_0.created_at,
        au1_0.email,
        au1_0.first_name,
        au1_0.is_active,
        au1_0.last_login,
        au1_0.last_name,
        au1_0.password_hash,
        au1_0.role_id,
        au1_0.updated_at 
    from
        app_users au1_0 
    where
        au1_0.email=?
Hibernate: 
    select
        r1_0.id,
        r1_0.created_at,
        r1_0.description,
        r1_0.is_active,
        r1_0.name,
        r1_0.updated_at 
    from
        roles r1_0 
    where
        r1_0.id=?
Hibernate: 
    select
        ss1_0.id,
        ss1_0.config_group,
        ss1_0.config_key,
        ss1_0.config_value,
        ss1_0.created_at,
        ss1_0.description,
        ss1_0.is_active,
        ss1_0.updated_at 
    from
        store_settings ss1_0
Hibernate: 
    select
        au1_0.id,
        au1_0.created_at,
        au1_0.email,
        au1_0.first_name,
        au1_0.is_active,
        au1_0.last_login,
        au1_0.last_name,
        au1_0.password_hash,
        au1_0.role_id,
        au1_0.updated_at 
    from
        app_users au1_0 
    where
        au1_0.email=?
Hibernate: 
    select
        r1_0.id,
        r1_0.created_at,
        r1_0.description,
        r1_0.is_active,
        r1_0.name,
        r1_0.updated_at 
    from
        roles r1_0 
    where
        r1_0.id=?
Hibernate: 
    select
        ss1_0.id,
        ss1_0.config_group,
        ss1_0.config_key,
        ss1_0.config_value,
        ss1_0.created_at,
        ss1_0.description,
        ss1_0.is_active,
        ss1_0.updated_at 
    from
        store_settings ss1_0 
    where
        ss1_0.config_key=?
Hibernate: 
    update
        store_settings 
    set
        config_group=?,
        config_key=?,
        config_value=?,
        description=?,
        is_active=? 
    where
        id=?
Hibernate: 
    select
        ss1_0.id,
        ss1_0.config_group,
        ss1_0.config_key,
        ss1_0.config_value,
        ss1_0.created_at,
        ss1_0.description,
        ss1_0.is_active,
        ss1_0.updated_at 
    from
        store_settings ss1_0 
    where
        ss1_0.config_key=?
Hibernate: 
    select
        ss1_0.id,
        ss1_0.config_group,
        ss1_0.config_key,
        ss1_0.config_value,
        ss1_0.created_at,
        ss1_0.description,
        ss1_0.is_active,
        ss1_0.updated_at 
    from
        store_settings ss1_0 
    where
        ss1_0.config_key=?
Hibernate: 
    select
        ss1_0.id,
        ss1_0.config_group,
        ss1_0.config_key,
        ss1_0.config_value,
        ss1_0.created_at,
        ss1_0.description,
        ss1_0.is_active,
        ss1_0.updated_at 
    from
        store_settings ss1_0 
    where
        ss1_0.config_key=?
Hibernate: 
    select
        ss1_0.id,
        ss1_0.config_group,
        ss1_0.config_key,
        ss1_0.config_value,
        ss1_0.created_at,
        ss1_0.description,
        ss1_0.is_active,
        ss1_0.updated_at 
    from
        store_settings ss1_0 
    where
        ss1_0.config_key=?
Hibernate: 
    select
        ss1_0.id,
        ss1_0.config_group,
        ss1_0.config_key,
        ss1_0.config_value,
        ss1_0.created_at,
        ss1_0.description,
        ss1_0.is_active,
        ss1_0.updated_at 
    from
        store_settings ss1_0 
    where
        ss1_0.config_key=?
Hibernate: 
    select
        ss1_0.id,
        ss1_0.config_group,
        ss1_0.config_key,
        ss1_0.config_value,
        ss1_0.created_at,
        ss1_0.description,
        ss1_0.is_active,
        ss1_0.updated_at 
    from
        store_settings ss1_0 
    where
        ss1_0.config_key=?
Hibernate: 
    select
        ss1_0.id,
        ss1_0.config_group,
        ss1_0.config_key,
        ss1_0.config_value,
        ss1_0.created_at,
        ss1_0.description,
        ss1_0.is_active,
        ss1_0.updated_at 
    from
        store_settings ss1_0 
    where
        ss1_0.config_key=?
Hibernate: 
    select
        ss1_0.id,
        ss1_0.config_group,
        ss1_0.config_key,
        ss1_0.config_value,
        ss1_0.created_at,
        ss1_0.description,
        ss1_0.is_active,
        ss1_0.updated_at 
    from
        store_settings ss1_0 
    where
        ss1_0.config_key=?
Hibernate: 
    select
        au1_0.id,
        au1_0.created_at,
        au1_0.email,
        au1_0.first_name,
        au1_0.is_active,
        au1_0.last_login,
        au1_0.last_name,
        au1_0.password_hash,
        au1_0.role_id,
        au1_0.updated_at 
    from
        app_users au1_0 
    where
        au1_0.email=?
Hibernate: 
    select
        r1_0.id,
        r1_0.created_at,
        r1_0.description,
        r1_0.is_active,
        r1_0.name,
        r1_0.updated_at 
    from
        roles r1_0 
    where
        r1_0.id=?
Hibernate: 
    select
        o1_0.id,
        o1_0.bold_transaction_id,
        o1_0.created_at,
        o1_0.currency,
        o1_0.customer_id,
        o1_0.delivery_address,
        o1_0.delivery_city_id,
        o1_0.delivery_cost,
        o1_0.delivery_date,
        o1_0.delivery_instructions,
        o1_0.delivery_neighborhood,
        o1_0.delivery_time_range,
        o1_0.gift_message,
        o1_0.gift_receiver_name,
        o1_0.gift_sender_name,
        o1_0.is_active,
        o1_0.order_status_id,
        o1_0.payment_method,
        o1_0.payment_status,
        o1_0.subtotal_amount,
        o1_0.total_amount,
        o1_0.total_cost_amount,
        o1_0.tracking_code,
        o1_0.updated_at 
    from
        orders o1_0
Hibernate: 
    select
        au1_0.id,
        au1_0.created_at,
        au1_0.email,
        au1_0.first_name,
        au1_0.is_active,
        au1_0.last_login,
        au1_0.last_name,
        au1_0.password_hash,
        au1_0.role_id,
        au1_0.updated_at 
    from
        app_users au1_0 
    where
        au1_0.email=?
Hibernate: 
    select
        r1_0.id,
        r1_0.created_at,
        r1_0.description,
        r1_0.is_active,
        r1_0.name,
        r1_0.updated_at 
    from
        roles r1_0 
    where
        r1_0.id=?
Hibernate: 
    select
        ss1_0.id,
        ss1_0.config_group,
        ss1_0.config_key,
        ss1_0.config_value,
        ss1_0.created_at,
        ss1_0.description,
        ss1_0.is_active,
        ss1_0.updated_at 
    from
        store_settings ss1_0
Hibernate: 
    select
        p1_0.id,
        p1_0.category_id,
        p1_0.cost_price,
        p1_0.created_at,
        p1_0.description,
        p1_0.is_active,
        p1_0.name,
        p1_0.price,
        p1_0.stock,
        p1_0.supplier_id,
        p1_0.updated_at 
    from
        products p1_0 
    where
        p1_0.is_active=?
Hibernate: 
    select
        sb1_0.id,
        sb1_0.created_at,
        sb1_0.display_order,
        sb1_0.image_base64,
        sb1_0.is_active,
        sb1_0.subtitle,
        sb1_0.title 
    from
        store_banners sb1_0 
    where
        sb1_0.is_active=? 
    order by
        sb1_0.display_order
Hibernate: 
    select
        ss1_0.id,
        ss1_0.config_group,
        ss1_0.config_key,
        ss1_0.config_value,
        ss1_0.created_at,
        ss1_0.description,
        ss1_0.is_active,
        ss1_0.updated_at 
    from
        store_settings ss1_0
Hibernate: 
    select
        au1_0.id,
        au1_0.created_at,
        au1_0.email,
        au1_0.first_name,
        au1_0.is_active,
        au1_0.last_login,
        au1_0.last_name,
        au1_0.password_hash,
        au1_0.role_id,
        au1_0.updated_at 
    from
        app_users au1_0 
    where
        au1_0.email=?
Hibernate: 
    select
        r1_0.id,
        r1_0.created_at,
        r1_0.description,
        r1_0.is_active,
        r1_0.name,
        r1_0.updated_at 
    from
        roles r1_0 
    where
        r1_0.id=?
Hibernate: 
    select
        o1_0.id,
        o1_0.bold_transaction_id,
        o1_0.created_at,
        o1_0.currency,
        o1_0.customer_id,
        o1_0.delivery_address,
        o1_0.delivery_city_id,
        o1_0.delivery_cost,
        o1_0.delivery_date,
        o1_0.delivery_instructions,
        o1_0.delivery_neighborhood,
        o1_0.delivery_time_range,
        o1_0.gift_message,
        o1_0.gift_receiver_name,
        o1_0.gift_sender_name,
        o1_0.is_active,
        o1_0.order_status_id,
        o1_0.payment_method,
        o1_0.payment_status,
        o1_0.subtotal_amount,
        o1_0.total_amount,
        o1_0.total_cost_amount,
        o1_0.tracking_code,
        o1_0.updated_at 
    from
        orders o1_0
Hibernate: 
    select
        au1_0.id,
        au1_0.created_at,
        au1_0.email,
        au1_0.first_name,
        au1_0.is_active,
        au1_0.last_login,
        au1_0.last_name,
        au1_0.password_hash,
        au1_0.role_id,
        au1_0.updated_at 
    from
        app_users au1_0 
    where
        au1_0.email=?
Hibernate: 
    select
        r1_0.id,
        r1_0.created_at,
        r1_0.description,
        r1_0.is_active,
        r1_0.name,
        r1_0.updated_at 
    from
        roles r1_0 
    where
        r1_0.id=?
Hibernate: 
    select
        ss1_0.id,
        ss1_0.config_group,
        ss1_0.config_key,
        ss1_0.config_value,
        ss1_0.created_at,
        ss1_0.description,
        ss1_0.is_active,
        ss1_0.updated_at 
    from
        store_settings ss1_0
Hibernate: 
    select
        sb1_0.id,
        sb1_0.created_at,
        sb1_0.display_order,
        sb1_0.image_base64,
        sb1_0.is_active,
        sb1_0.subtitle,
        sb1_0.title 
    from
        store_banners sb1_0 
    where
        sb1_0.is_active=? 
    order by
        sb1_0.display_order
Hibernate: 
    select
        p1_0.id,
        p1_0.category_id,
        p1_0.cost_price,
        p1_0.created_at,
        p1_0.description,
        p1_0.is_active,
        p1_0.name,
        p1_0.price,
        p1_0.stock,
        p1_0.supplier_id,
        p1_0.updated_at 
    from
        products p1_0 
    where
        p1_0.is_active=?
Hibernate: 
    select
        ss1_0.id,
        ss1_0.config_group,
        ss1_0.config_key,
        ss1_0.config_value,
        ss1_0.created_at,
        ss1_0.description,
        ss1_0.is_active,
        ss1_0.updated_at 
    from
        store_settings ss1_0
Hibernate: 
    select
        p1_0.id,
        p1_0.category_id,
        p1_0.cost_price,
        p1_0.created_at,
        p1_0.description,
        p1_0.is_active,
        p1_0.name,
        p1_0.price,
        p1_0.stock,
        p1_0.supplier_id,
        p1_0.updated_at 
    from
        products p1_0 
    where
        p1_0.is_active=?
Hibernate: 
    select
        sb1_0.id,
        sb1_0.created_at,
        sb1_0.display_order,
        sb1_0.image_base64,
        sb1_0.is_active,
        sb1_0.subtitle,
        sb1_0.title 
    from
        store_banners sb1_0 
    where
        sb1_0.is_active=? 
    order by
        sb1_0.display_order
Hibernate: 
    select
        ss1_0.id,
        ss1_0.config_group,
        ss1_0.config_key,
        ss1_0.config_value,
        ss1_0.created_at,
        ss1_0.description,
        ss1_0.is_active,
        ss1_0.updated_at 
    from
        store_settings ss1_0
Hibernate: 
    select
        au1_0.id,
        au1_0.created_at,
        au1_0.email,
        au1_0.first_name,
        au1_0.is_active,
        au1_0.last_login,
        au1_0.last_name,
        au1_0.password_hash,
        au1_0.role_id,
        au1_0.updated_at 
    from
        app_users au1_0 
    where
        au1_0.email=?
Hibernate: 
    select
        r1_0.id,
        r1_0.created_at,
        r1_0.description,
        r1_0.is_active,
        r1_0.name,
        r1_0.updated_at 
    from
        roles r1_0 
    where
        r1_0.id=?
Hibernate: 
    select
        o1_0.id,
        o1_0.bold_transaction_id,
        o1_0.created_at,
        o1_0.currency,
        o1_0.customer_id,
        o1_0.delivery_address,
        o1_0.delivery_city_id,
        o1_0.delivery_cost,
        o1_0.delivery_date,
        o1_0.delivery_instructions,
        o1_0.delivery_neighborhood,
        o1_0.delivery_time_range,
        o1_0.gift_message,
        o1_0.gift_receiver_name,
        o1_0.gift_sender_name,
        o1_0.is_active,
        o1_0.order_status_id,
        o1_0.payment_method,
        o1_0.payment_status,
        o1_0.subtotal_amount,
        o1_0.total_amount,
        o1_0.total_cost_amount,
        o1_0.tracking_code,
        o1_0.updated_at 
    from
        orders o1_0
Hibernate: 
    select
        p1_0.id,
        p1_0.category_id,
        p1_0.cost_price,
        p1_0.created_at,
        p1_0.description,
        p1_0.is_active,
        p1_0.name,
        p1_0.price,
        p1_0.stock,
        p1_0.supplier_id,
        p1_0.updated_at 
    from
        products p1_0 
    where
        p1_0.is_active=?
Hibernate: 
    select
        sb1_0.id,
        sb1_0.created_at,
        sb1_0.display_order,
        sb1_0.image_base64,
        sb1_0.is_active,
        sb1_0.subtitle,
        sb1_0.title 
    from
        store_banners sb1_0 
    where
        sb1_0.is_active=? 
    order by
        sb1_0.display_order
Hibernate: 
    select
        ss1_0.id,
        ss1_0.config_group,
        ss1_0.config_key,
        ss1_0.config_value,
        ss1_0.created_at,
        ss1_0.description,
        ss1_0.is_active,
        ss1_0.updated_at 
    from
        store_settings ss1_0
Hibernate: 
    select
        au1_0.id,
        au1_0.created_at,
        au1_0.email,
        au1_0.first_name,
        au1_0.is_active,
        au1_0.last_login,
        au1_0.last_name,
        au1_0.password_hash,
        au1_0.role_id,
        au1_0.updated_at 
    from
        app_users au1_0 
    where
        au1_0.email=?
Hibernate: 
    select
        r1_0.id,
        r1_0.created_at,
        r1_0.description,
        r1_0.is_active,
        r1_0.name,
        r1_0.updated_at 
    from
        roles r1_0 
    where
        r1_0.id=?
Hibernate: 
    select
        o1_0.id,
        o1_0.bold_transaction_id,
        o1_0.created_at,
        o1_0.currency,
        o1_0.customer_id,
        o1_0.delivery_address,
        o1_0.delivery_city_id,
        o1_0.delivery_cost,
        o1_0.delivery_date,
        o1_0.delivery_instructions,
        o1_0.delivery_neighborhood,
        o1_0.delivery_time_range,
        o1_0.gift_message,
        o1_0.gift_receiver_name,
        o1_0.gift_sender_name,
        o1_0.is_active,
        o1_0.order_status_id,
        o1_0.payment_method,
        o1_0.payment_status,
        o1_0.subtotal_amount,
        o1_0.total_amount,
        o1_0.total_cost_amount,
        o1_0.tracking_code,
        o1_0.updated_at 
    from
        orders o1_0
Hibernate: 
    select
        au1_0.id,
        au1_0.created_at,
        au1_0.email,
        au1_0.first_name,
        au1_0.is_active,
        au1_0.last_login,
        au1_0.last_name,
        au1_0.password_hash,
        au1_0.role_id,
        au1_0.updated_at 
    from
        app_users au1_0 
    where
        au1_0.email=?
Hibernate: 
    select
        r1_0.id,
        r1_0.created_at,
        r1_0.description,
        r1_0.is_active,
        r1_0.name,
        r1_0.updated_at 
    from
        roles r1_0 
    where
        r1_0.id=?
Hibernate: 
    select
        ss1_0.id,
        ss1_0.config_group,
        ss1_0.config_key,
        ss1_0.config_value,
        ss1_0.created_at,
        ss1_0.description,
        ss1_0.is_active,
        ss1_0.updated_at 
    from
        store_settings ss1_0
Hibernate: 
    select
        p1_0.id,
        p1_0.category_id,
        p1_0.cost_price,
        p1_0.created_at,
        p1_0.description,
        p1_0.is_active,
        p1_0.name,
        p1_0.price,
        p1_0.stock,
        p1_0.supplier_id,
        p1_0.updated_at 
    from
        products p1_0 
    where
        p1_0.is_active=?
Hibernate: 
    select
        sb1_0.id,
        sb1_0.created_at,
        sb1_0.display_order,
        sb1_0.image_base64,
        sb1_0.is_active,
        sb1_0.subtitle,
        sb1_0.title 
    from
        store_banners sb1_0 
    where
        sb1_0.is_active=? 
    order by
        sb1_0.display_order
Hibernate: 
    select
        ss1_0.id,
        ss1_0.config_group,
        ss1_0.config_key,
        ss1_0.config_value,
        ss1_0.created_at,
        ss1_0.description,
        ss1_0.is_active,
        ss1_0.updated_at 
    from
        store_settings ss1_0
Hibernate: 
    select
        p1_0.id,
        p1_0.category_id,
        p1_0.cost_price,
        p1_0.created_at,
        p1_0.description,
        p1_0.is_active,
        p1_0.name,
        p1_0.price,
        p1_0.stock,
        p1_0.supplier_id,
        p1_0.updated_at 
    from
        products p1_0 
    where
        p1_0.is_active=?
Hibernate: 
    select
        sb1_0.id,
        sb1_0.created_at,
        sb1_0.display_order,
        sb1_0.image_base64,
        sb1_0.is_active,
        sb1_0.subtitle,
        sb1_0.title 
    from
        store_banners sb1_0 
    where
        sb1_0.is_active=? 
    order by
        sb1_0.display_order
org.springframework.web.context.request.async.AsyncRequestNotUsableException: ServletOutputStream failed to write: java.io.IOException: Se ha anulado una conexión establecida por el software en su equipo host.
	at org.springframework.web.context.request.async.StandardServletAsyncWebRequest$LifecycleHttpServletResponse.handleIOException(StandardServletAsyncWebRequest.java:346)
	at org.springframework.web.context.request.async.StandardServletAsyncWebRequest$LifecycleServletOutputStream.write(StandardServletAsyncWebRequest.java:404)
	at org.springframework.util.StreamUtils$NonClosingOutputStream.write(StreamUtils.java:263)
	at com.fasterxml.jackson.core.json.UTF8JsonGenerator._flushBuffer(UTF8JsonGenerator.java:2241)
	at com.fasterxml.jackson.core.json.UTF8JsonGenerator._writeStringSegments(UTF8JsonGenerator.java:1348)
	at com.fasterxml.jackson.core.json.UTF8JsonGenerator.writeString(UTF8JsonGenerator.java:522)
	at com.fasterxml.jackson.databind.ser.std.StringSerializer.serialize(StringSerializer.java:41)
	at com.fasterxml.jackson.databind.ser.BeanPropertyWriter.serializeAsField(BeanPropertyWriter.java:732)
	at com.fasterxml.jackson.databind.ser.std.BeanSerializerBase.serializeFields(BeanSerializerBase.java:770)
	at com.fasterxml.jackson.databind.ser.BeanSerializer.serialize(BeanSerializer.java:184)
	at com.fasterxml.jackson.databind.ser.std.CollectionSerializer.serializeContents(CollectionSerializer.java:145)
	at com.fasterxml.jackson.databind.ser.std.CollectionSerializer.serialize(CollectionSerializer.java:107)
	at com.fasterxml.jackson.databind.ser.std.CollectionSerializer.serialize(CollectionSerializer.java:25)
	at com.fasterxml.jackson.databind.ser.DefaultSerializerProvider._serialize(DefaultSerializerProvider.java:502)
	at com.fasterxml.jackson.databind.ser.DefaultSerializerProvider.serializeValue(DefaultSerializerProvider.java:422)
	at com.fasterxml.jackson.databind.ObjectWriter$Prefetch.serialize(ObjectWriter.java:1579)
	at com.fasterxml.jackson.databind.ObjectWriter.writeValue(ObjectWriter.java:1061)
	at org.springframework.http.converter.json.AbstractJackson2HttpMessageConverter.writeInternal(AbstractJackson2HttpMessageConverter.java:486)
	at org.springframework.http.converter.AbstractGenericHttpMessageConverter.write(AbstractGenericHttpMessageConverter.java:126)
	at org.springframework.web.servlet.mvc.method.annotation.AbstractMessageConverterMethodProcessor.writeWithMessageConverters(AbstractMessageConverterMethodProcessor.java:345)
	at org.springframework.web.servlet.mvc.method.annotation.HttpEntityMethodProcessor.handleReturnValue(HttpEntityMethodProcessor.java:263)
	at org.springframework.web.method.support.HandlerMethodReturnValueHandlerComposite.handleReturnValue(HandlerMethodReturnValueHandlerComposite.java:78)
	at org.springframework.web.servlet.mvc.method.annotation.ServletInvocableHandlerMethod.invokeAndHandle(ServletInvocableHandlerMethod.java:136)
	at org.springframework.web.servlet.mvc.method.annotation.RequestMappingHandlerAdapter.invokeHandlerMethod(RequestMappingHandlerAdapter.java:986)
	at org.springframework.web.servlet.mvc.method.annotation.RequestMappingHandlerAdapter.handleInternal(RequestMappingHandlerAdapter.java:891)
	at org.springframework.web.servlet.mvc.method.AbstractHandlerMethodAdapter.handle(AbstractHandlerMethodAdapter.java:87)
	at org.springframework.web.servlet.DispatcherServlet.doDispatch(DispatcherServlet.java:1088)
	at org.springframework.web.servlet.DispatcherServlet.doService(DispatcherServlet.java:978)
	at org.springframework.web.servlet.FrameworkServlet.processRequest(FrameworkServlet.java:1014)
	at org.springframework.web.servlet.FrameworkServlet.doGet(FrameworkServlet.java:903)
	at jakarta.servlet.http.HttpServlet.service(HttpServlet.java:564)
	at org.springframework.web.servlet.FrameworkServlet.service(FrameworkServlet.java:885)
	at jakarta.servlet.http.HttpServlet.service(HttpServlet.java:658)
	at org.apache.catalina.core.ApplicationFilterChain.internalDoFilter(ApplicationFilterChain.java:195)
	at org.apache.catalina.core.ApplicationFilterChain.doFilter(ApplicationFilterChain.java:140)
	at org.apache.tomcat.websocket.server.WsFilter.doFilter(WsFilter.java:51)
	at org.apache.catalina.core.ApplicationFilterChain.internalDoFilter(ApplicationFilterChain.java:164)
	at org.apache.catalina.core.ApplicationFilterChain.doFilter(ApplicationFilterChain.java:140)
	at org.springframework.web.filter.OncePerRequestFilter.doFilter(OncePerRequestFilter.java:110)
	at org.apache.catalina.core.ApplicationFilterChain.internalDoFilter(ApplicationFilterChain.java:164)
	at org.apache.catalina.core.ApplicationFilterChain.doFilter(ApplicationFilterChain.java:140)
	at org.springframework.web.filter.CompositeFilter$VirtualFilterChain.doFilter(CompositeFilter.java:108)
	at org.springframework.security.web.FilterChainProxy.lambda$doFilterInternal$3(FilterChainProxy.java:231)
	at org.springframework.security.web.FilterChainProxy$VirtualFilterChain.doFilter(FilterChainProxy.java:365)
	at org.springframework.security.web.access.intercept.AuthorizationFilter.doFilter(AuthorizationFilter.java:101)
	at org.springframework.security.web.FilterChainProxy$VirtualFilterChain.doFilter(FilterChainProxy.java:374)
	at org.springframework.security.web.access.ExceptionTranslationFilter.doFilter(ExceptionTranslationFilter.java:126)
	at org.springframework.security.web.access.ExceptionTranslationFilter.doFilter(ExceptionTranslationFilter.java:120)
	at org.springframework.security.web.FilterChainProxy$VirtualFilterChain.doFilter(FilterChainProxy.java:374)
	at org.springframework.security.web.session.SessionManagementFilter.doFilter(SessionManagementFilter.java:131)
	at org.springframework.security.web.session.SessionManagementFilter.doFilter(SessionManagementFilter.java:85)
	at org.springframework.security.web.FilterChainProxy$VirtualFilterChain.doFilter(FilterChainProxy.java:374)
	at org.springframework.security.web.authentication.AnonymousAuthenticationFilter.doFilter(AnonymousAuthenticationFilter.java:100)
	at org.springframework.security.web.FilterChainProxy$VirtualFilterChain.doFilter(FilterChainProxy.java:374)
	at org.springframework.security.web.servletapi.SecurityContextHolderAwareRequestFilter.doFilter(SecurityContextHolderAwareRequestFilter.java:179)
	at org.springframework.security.web.FilterChainProxy$VirtualFilterChain.doFilter(FilterChainProxy.java:374)
	at org.springframework.security.web.savedrequest.RequestCacheAwareFilter.doFilter(RequestCacheAwareFilter.java:63)
	at org.springframework.security.web.FilterChainProxy$VirtualFilterChain.doFilter(FilterChainProxy.java:374)
	at com.regalos.back_regalos.config.JwtAuthenticationFilter.doFilterInternal(JwtAuthenticationFilter.java:33)
	at org.springframework.web.filter.OncePerRequestFilter.doFilter(OncePerRequestFilter.java:116)
	at org.springframework.security.web.FilterChainProxy$VirtualFilterChain.doFilter(FilterChainProxy.java:374)
	at org.springframework.security.web.authentication.logout.LogoutFilter.doFilter(LogoutFilter.java:107)
	at org.springframework.security.web.authentication.logout.LogoutFilter.doFilter(LogoutFilter.java:93)
	at org.springframework.security.web.FilterChainProxy$VirtualFilterChain.doFilter(FilterChainProxy.java:374)
	at org.springframework.web.filter.CorsFilter.doFilterInternal(CorsFilter.java:91)
	at org.springframework.web.filter.OncePerRequestFilter.doFilter(OncePerRequestFilter.java:116)
	at org.springframework.security.web.FilterChainProxy$VirtualFilterChain.doFilter(FilterChainProxy.java:374)
	at org.springframework.security.web.header.HeaderWriterFilter.doHeadersAfter(HeaderWriterFilter.java:90)
	at org.springframework.security.web.header.HeaderWriterFilter.doFilterInternal(HeaderWriterFilter.java:75)
	at org.springframework.web.filter.OncePerRequestFilter.doFilter(OncePerRequestFilter.java:116)
	at org.springframework.security.web.FilterChainProxy$VirtualFilterChain.doFilter(FilterChainProxy.java:374)
	at org.springframework.security.web.context.SecurityContextHolderFilter.doFilter(SecurityContextHolderFilter.java:82)
	at org.springframework.security.web.context.SecurityContextHolderFilter.doFilter(SecurityContextHolderFilter.java:69)
	at org.springframework.security.web.FilterChainProxy$VirtualFilterChain.doFilter(FilterChainProxy.java:374)
	at org.springframework.security.web.context.request.async.WebAsyncManagerIntegrationFilter.doFilterInternal(WebAsyncManagerIntegrationFilter.java:62)
	at org.springframework.web.filter.OncePerRequestFilter.doFilter(OncePerRequestFilter.java:116)
	at org.springframework.security.web.FilterChainProxy$VirtualFilterChain.doFilter(FilterChainProxy.java:374)
	at org.springframework.security.web.session.DisableEncodeUrlFilter.doFilterInternal(DisableEncodeUrlFilter.java:42)
	at org.springframework.web.filter.OncePerRequestFilter.doFilter(OncePerRequestFilter.java:116)
	at org.springframework.security.web.FilterChainProxy$VirtualFilterChain.doFilter(FilterChainProxy.java:374)
	at org.springframework.security.web.FilterChainProxy.doFilterInternal(FilterChainProxy.java:233)
	at org.springframework.security.web.FilterChainProxy.doFilter(FilterChainProxy.java:191)
	at org.springframework.web.filter.CompositeFilter$VirtualFilterChain.doFilter(CompositeFilter.java:113)
	at org.springframework.web.servlet.handler.HandlerMappingIntrospector.lambda$createCacheFilter$3(HandlerMappingIntrospector.java:243)
	at org.springframework.web.filter.CompositeFilter$VirtualFilterChain.doFilter(CompositeFilter.java:113)
	at org.springframework.web.filter.CompositeFilter.doFilter(CompositeFilter.java:74)
	at org.springframework.security.config.annotation.web.configuration.WebMvcSecurityConfiguration$CompositeFilterChainProxy.doFilter(WebMvcSecurityConfiguration.java:238)
	at org.springframework.web.filter.DelegatingFilterProxy.invokeDelegate(DelegatingFilterProxy.java:362)
	at org.springframework.web.filter.DelegatingFilterProxy.doFilter(DelegatingFilterProxy.java:278)
	at org.apache.catalina.core.ApplicationFilterChain.internalDoFilter(ApplicationFilterChain.java:164)
	at org.apache.catalina.core.ApplicationFilterChain.doFilter(ApplicationFilterChain.java:140)
	at org.springframework.web.filter.RequestContextFilter.doFilterInternal(RequestContextFilter.java:100)
	at org.springframework.web.filter.OncePerRequestFilter.doFilter(OncePerRequestFilter.java:116)
	at org.apache.catalina.core.ApplicationFilterChain.internalDoFilter(ApplicationFilterChain.java:164)
	at org.apache.catalina.core.ApplicationFilterChain.doFilter(ApplicationFilterChain.java:140)
	at org.springframework.web.filter.FormContentFilter.doFilterInternal(FormContentFilter.java:93)
	at org.springframework.web.filter.OncePerRequestFilter.doFilter(OncePerRequestFilter.java:116)
	at org.apache.catalina.core.ApplicationFilterChain.internalDoFilter(ApplicationFilterChain.java:164)
	at org.apache.catalina.core.ApplicationFilterChain.doFilter(ApplicationFilterChain.java:140)
	at org.springframework.web.filter.CharacterEncodingFilter.doFilterInternal(CharacterEncodingFilter.java:201)
	at org.springframework.web.filter.OncePerRequestFilter.doFilter(OncePerRequestFilter.java:116)
	at org.apache.catalina.core.ApplicationFilterChain.internalDoFilter(ApplicationFilterChain.java:164)
	at org.apache.catalina.core.ApplicationFilterChain.doFilter(ApplicationFilterChain.java:140)
	at org.apache.catalina.core.StandardWrapperValve.invoke(StandardWrapperValve.java:167)
	at org.apache.catalina.core.StandardContextValve.invoke(StandardContextValve.java:90)
	at org.apache.catalina.authenticator.AuthenticatorBase.invoke(AuthenticatorBase.java:483)
	at org.apache.catalina.core.StandardHostValve.invoke(StandardHostValve.java:115)
	at org.apache.catalina.valves.ErrorReportValve.invoke(ErrorReportValve.java:93)
	at org.apache.catalina.core.StandardEngineValve.invoke(StandardEngineValve.java:74)
	at org.apache.catalina.connector.CoyoteAdapter.service(CoyoteAdapter.java:344)
	at org.apache.coyote.http11.Http11Processor.service(Http11Processor.java:397)
	at org.apache.coyote.AbstractProcessorLight.process(AbstractProcessorLight.java:63)
	at org.apache.coyote.AbstractProtocol$ConnectionHandler.process(AbstractProtocol.java:905)
	at org.apache.tomcat.util.net.NioEndpoint$SocketProcessor.doRun(NioEndpoint.java:1743)
	at org.apache.tomcat.util.net.SocketProcessorBase.run(SocketProcessorBase.java:52)
	at org.apache.tomcat.util.threads.ThreadPoolExecutor.runWorker(ThreadPoolExecutor.java:1190)
	at org.apache.tomcat.util.threads.ThreadPoolExecutor$Worker.run(ThreadPoolExecutor.java:659)
	at org.apache.tomcat.util.threads.TaskThread$WrappingRunnable.run(TaskThread.java:63)
	at java.base/java.lang.Thread.run(Thread.java:840)
	Suppressed: org.springframework.web.context.request.async.AsyncRequestNotUsableException: Response not usable after response errors.
		at org.springframework.web.context.request.async.StandardServletAsyncWebRequest$LifecycleHttpServletResponse.obtainLockOrRaiseException(StandardServletAsyncWebRequest.java:338)
		at org.springframework.web.context.request.async.StandardServletAsyncWebRequest$LifecycleServletOutputStream.write(StandardServletAsyncWebRequest.java:399)
		at org.springframework.util.StreamUtils$NonClosingOutputStream.write(StreamUtils.java:263)
		at com.fasterxml.jackson.core.json.UTF8JsonGenerator._flushBuffer(UTF8JsonGenerator.java:2241)
		at com.fasterxml.jackson.core.json.UTF8JsonGenerator.close(UTF8JsonGenerator.java:1232)
		at org.springframework.http.converter.json.AbstractJackson2HttpMessageConverter.writeInternal(AbstractJackson2HttpMessageConverter.java:455)
		... 101 more
Caused by: org.apache.catalina.connector.ClientAbortException: java.io.IOException: Se ha anulado una conexión establecida por el software en su equipo host.
	at org.apache.catalina.connector.OutputBuffer.realWriteBytes(OutputBuffer.java:346)
	at org.apache.catalina.connector.OutputBuffer.flushByteBuffer(OutputBuffer.java:781)
	at org.apache.catalina.connector.OutputBuffer.append(OutputBuffer.java:678)
	at org.apache.catalina.connector.OutputBuffer.writeBytes(OutputBuffer.java:381)
	at org.apache.catalina.connector.OutputBuffer.write(OutputBuffer.java:359)
	at org.apache.catalina.connector.CoyoteOutputStream.write(CoyoteOutputStream.java:102)
	at org.springframework.security.web.util.OnCommittedResponseWrapper$SaveContextServletOutputStream.write(OnCommittedResponseWrapper.java:639)
	at org.springframework.web.context.request.async.StandardServletAsyncWebRequest$LifecycleServletOutputStream.write(StandardServletAsyncWebRequest.java:401)
	... 117 more
Caused by: java.io.IOException: Se ha anulado una conexión establecida por el software en su equipo host.
	at java.base/sun.nio.ch.SocketDispatcher.write0(Native Method)
	at java.base/sun.nio.ch.SocketDispatcher.write(SocketDispatcher.java:54)
	at java.base/sun.nio.ch.IOUtil.writeFromNativeBuffer(IOUtil.java:132)
	at java.base/sun.nio.ch.IOUtil.write(IOUtil.java:97)
	at java.base/sun.nio.ch.IOUtil.write(IOUtil.java:53)
	at java.base/sun.nio.ch.SocketChannelImpl.write(SocketChannelImpl.java:532)
	at org.apache.tomcat.util.net.NioChannel.write(NioChannel.java:122)
	at org.apache.tomcat.util.net.NioEndpoint$NioSocketWrapper.doWrite(NioEndpoint.java:1380)
	at org.apache.tomcat.util.net.SocketWrapperBase.doWrite(SocketWrapperBase.java:764)
	at org.apache.tomcat.util.net.SocketWrapperBase.writeBlocking(SocketWrapperBase.java:589)
	at org.apache.tomcat.util.net.SocketWrapperBase.write(SocketWrapperBase.java:533)
	at org.apache.coyote.http11.Http11OutputBuffer$SocketOutputBuffer.doWrite(Http11OutputBuffer.java:548)
	at org.apache.coyote.http11.filters.ChunkedOutputFilter.doWrite(ChunkedOutputFilter.java:111)
	at org.apache.coyote.http11.Http11OutputBuffer.doWrite(Http11OutputBuffer.java:193)
	at org.apache.coyote.Response.doWrite(Response.java:631)
	at org.apache.catalina.connector.OutputBuffer.realWriteBytes(OutputBuffer.java:334)
	... 124 more
Hibernate: 
    select
        ss1_0.id,
        ss1_0.config_group,
        ss1_0.config_key,
        ss1_0.config_value,
        ss1_0.created_at,
        ss1_0.description,
        ss1_0.is_active,
        ss1_0.updated_at 
    from
        store_settings ss1_0
Hibernate: 
    select
        au1_0.id,
        au1_0.created_at,
        au1_0.email,
        au1_0.first_name,
        au1_0.is_active,
        au1_0.last_login,
        au1_0.last_name,
        au1_0.password_hash,
        au1_0.role_id,
        au1_0.updated_at 
    from
        app_users au1_0 
    where
        au1_0.email=?
Hibernate: 
    select
        r1_0.id,
        r1_0.created_at,
        r1_0.description,
        r1_0.is_active,
        r1_0.name,
        r1_0.updated_at 
    from
        roles r1_0 
    where
        r1_0.id=?
Hibernate: 
    select
        au1_0.id,
        au1_0.created_at,
        au1_0.email,
        au1_0.first_name,
        au1_0.is_active,
        au1_0.last_login,
        au1_0.last_name,
        au1_0.password_hash,
        au1_0.role_id,
        au1_0.updated_at 
    from
        app_users au1_0 
    where
        au1_0.email=?
Hibernate: 
    select
        r1_0.id,
        r1_0.created_at,
        r1_0.description,
        r1_0.is_active,
        r1_0.name,
        r1_0.updated_at 
    from
        roles r1_0 
    where
        r1_0.id=?
Hibernate: 
    select
        o1_0.id,
        o1_0.bold_transaction_id,
        o1_0.created_at,
        o1_0.currency,
        o1_0.customer_id,
        o1_0.delivery_address,
        o1_0.delivery_city_id,
        o1_0.delivery_cost,
        o1_0.delivery_date,
        o1_0.delivery_instructions,
        o1_0.delivery_neighborhood,
        o1_0.delivery_time_range,
        o1_0.gift_message,
        o1_0.gift_receiver_name,
        o1_0.gift_sender_name,
        o1_0.is_active,
        o1_0.order_status_id,
        o1_0.payment_method,
        o1_0.payment_status,
        o1_0.subtotal_amount,
        o1_0.total_amount,
        o1_0.total_cost_amount,
        o1_0.tracking_code,
        o1_0.updated_at 
    from
        orders o1_0
Hibernate: 
    select
        ss1_0.id,
        ss1_0.config_group,
        ss1_0.config_key,
        ss1_0.config_value,
        ss1_0.created_at,
        ss1_0.description,
        ss1_0.is_active,
        ss1_0.updated_at 
    from
        store_settings ss1_0
Hibernate: 
    select
        au1_0.id,
        au1_0.created_at,
        au1_0.email,
        au1_0.first_name,
        au1_0.is_active,
        au1_0.last_login,
        au1_0.last_name,
        au1_0.password_hash,
        au1_0.role_id,
        au1_0.updated_at 
    from
        app_users au1_0 
    where
        au1_0.email=?
Hibernate: 
    select
        r1_0.id,
        r1_0.created_at,
        r1_0.description,
        r1_0.is_active,
        r1_0.name,
        r1_0.updated_at 
    from
        roles r1_0 
    where
        r1_0.id=?
Hibernate: 
    select
        o1_0.id,
        o1_0.bold_transaction_id,
        o1_0.created_at,
        o1_0.currency,
        o1_0.customer_id,
        o1_0.delivery_address,
        o1_0.delivery_city_id,
        o1_0.delivery_cost,
        o1_0.delivery_date,
        o1_0.delivery_instructions,
        o1_0.delivery_neighborhood,
        o1_0.delivery_time_range,
        o1_0.gift_message,
        o1_0.gift_receiver_name,
        o1_0.gift_sender_name,
        o1_0.is_active,
        o1_0.order_status_id,
        o1_0.payment_method,
        o1_0.payment_status,
        o1_0.subtotal_amount,
        o1_0.total_amount,
        o1_0.total_cost_amount,
        o1_0.tracking_code,
        o1_0.updated_at 
    from
        orders o1_0
Hibernate: 
    select
        au1_0.id,
        au1_0.created_at,
        au1_0.email,
        au1_0.first_name,
        au1_0.is_active,
        au1_0.last_login,
        au1_0.last_name,
        au1_0.password_hash,
        au1_0.role_id,
        au1_0.updated_at 
    from
        app_users au1_0 
    where
        au1_0.email=?
Hibernate: 
    select
        r1_0.id,
        r1_0.created_at,
        r1_0.description,
        r1_0.is_active,
        r1_0.name,
        r1_0.updated_at 
    from
        roles r1_0 
    where
        r1_0.id=?
Hibernate: 
    select
        o1_0.id,
        o1_0.bold_transaction_id,
        o1_0.created_at,
        o1_0.currency,
        o1_0.customer_id,
        o1_0.delivery_address,
        o1_0.delivery_city_id,
        o1_0.delivery_cost,
        o1_0.delivery_date,
        o1_0.delivery_instructions,
        o1_0.delivery_neighborhood,
        o1_0.delivery_time_range,
        o1_0.gift_message,
        o1_0.gift_receiver_name,
        o1_0.gift_sender_name,
        o1_0.is_active,
        o1_0.order_status_id,
        o1_0.payment_method,
        o1_0.payment_status,
        o1_0.subtotal_amount,
        o1_0.total_amount,
        o1_0.total_cost_amount,
        o1_0.tracking_code,
        o1_0.updated_at 
    from
        orders o1_0
Hibernate: 
    select
        p1_0.id,
        p1_0.category_id,
        p1_0.cost_price,
        p1_0.created_at,
        p1_0.description,
        p1_0.is_active,
        p1_0.name,
        p1_0.price,
        p1_0.stock,
        p1_0.supplier_id,
        p1_0.updated_at 
    from
        products p1_0 
    where
        p1_0.is_active=?
Hibernate: 
    select
        sb1_0.id,
        sb1_0.created_at,
        sb1_0.display_order,
        sb1_0.image_base64,
        sb1_0.is_active,
        sb1_0.subtitle,
        sb1_0.title 
    from
        store_banners sb1_0 
    where
        sb1_0.is_active=? 
    order by
        sb1_0.display_order
Hibernate: 
    select
        ss1_0.id,
        ss1_0.config_group,
        ss1_0.config_key,
        ss1_0.config_value,
        ss1_0.created_at,
        ss1_0.description,
        ss1_0.is_active,
        ss1_0.updated_at 
    from
        store_settings ss1_0
Hibernate: 
    select
        au1_0.id,
        au1_0.created_at,
        au1_0.email,
        au1_0.first_name,
        au1_0.is_active,
        au1_0.last_login,
        au1_0.last_name,
        au1_0.password_hash,
        au1_0.role_id,
        au1_0.updated_at 
    from
        app_users au1_0 
    where
        au1_0.email=?
Hibernate: 
    select
        r1_0.id,
        r1_0.created_at,
        r1_0.description,
        r1_0.is_active,
        r1_0.name,
        r1_0.updated_at 
    from
        roles r1_0 
    where
        r1_0.id=?
Hibernate: 
    select
        o1_0.id,
        o1_0.bold_transaction_id,
        o1_0.created_at,
        o1_0.currency,
        o1_0.customer_id,
        o1_0.delivery_address,
        o1_0.delivery_city_id,
        o1_0.delivery_cost,
        o1_0.delivery_date,
        o1_0.delivery_instructions,
        o1_0.delivery_neighborhood,
        o1_0.delivery_time_range,
        o1_0.gift_message,
        o1_0.gift_receiver_name,
        o1_0.gift_sender_name,
        o1_0.is_active,
        o1_0.order_status_id,
        o1_0.payment_method,
        o1_0.payment_status,
        o1_0.subtotal_amount,
        o1_0.total_amount,
        o1_0.total_cost_amount,
        o1_0.tracking_code,
        o1_0.updated_at 
    from
        orders o1_0
Hibernate: 
    select
        au1_0.id,
        au1_0.created_at,
        au1_0.email,
        au1_0.first_name,
        au1_0.is_active,
        au1_0.last_login,
        au1_0.last_name,
        au1_0.password_hash,
        au1_0.role_id,
        au1_0.updated_at 
    from
        app_users au1_0 
    where
        au1_0.email=?
Hibernate: 
    select
        r1_0.id,
        r1_0.created_at,
        r1_0.description,
        r1_0.is_active,
        r1_0.name,
        r1_0.updated_at 
    from
        roles r1_0 
    where
        r1_0.id=?
Hibernate: 
    select
        sb1_0.id,
        sb1_0.created_at,
        sb1_0.display_order,
        sb1_0.image_base64,
        sb1_0.is_active,
        sb1_0.subtitle,
        sb1_0.title 
    from
        store_banners sb1_0
Hibernate: 
    select
        au1_0.id,
        au1_0.created_at,
        au1_0.email,
        au1_0.first_name,
        au1_0.is_active,
        au1_0.last_login,
        au1_0.last_name,
        au1_0.password_hash,
        au1_0.role_id,
        au1_0.updated_at 
    from
        app_users au1_0 
    where
        au1_0.email=?
Hibernate: 
    select
        au1_0.id,
        au1_0.created_at,
        au1_0.email,
        au1_0.first_name,
        au1_0.is_active,
        au1_0.last_login,
        au1_0.last_name,
        au1_0.password_hash,
        au1_0.role_id,
        au1_0.updated_at 
    from
        app_users au1_0 
    where
        au1_0.email=?
Hibernate: 
    select
        au1_0.id,
        au1_0.created_at,
        au1_0.email,
        au1_0.first_name,
        au1_0.is_active,
        au1_0.last_login,
        au1_0.last_name,
        au1_0.password_hash,
        au1_0.role_id,
        au1_0.updated_at 
    from
        app_users au1_0 
    where
        au1_0.email=?
Hibernate: 
    select
        r1_0.id,
        r1_0.created_at,
        r1_0.description,
        r1_0.is_active,
        r1_0.name,
        r1_0.updated_at 
    from
        roles r1_0 
    where
        r1_0.id=?
Hibernate: 
    select
        r1_0.id,
        r1_0.created_at,
        r1_0.description,
        r1_0.is_active,
        r1_0.name,
        r1_0.updated_at 
    from
        roles r1_0 
    where
        r1_0.id=?
Hibernate: 
    select
        r1_0.id,
        r1_0.created_at,
        r1_0.description,
        r1_0.is_active,
        r1_0.name,
        r1_0.updated_at 
    from
        roles r1_0 
    where
        r1_0.id=?
Hibernate: 
    select
        p1_0.id,
        p1_0.category_id,
        p1_0.cost_price,
        p1_0.created_at,
        p1_0.description,
        p1_0.is_active,
        p1_0.name,
        p1_0.price,
        p1_0.stock,
        p1_0.supplier_id,
        p1_0.updated_at 
    from
        products p1_0
Hibernate: 
    select
        c1_0.id,
        c1_0.created_at,
        c1_0.description,
        c1_0.image_url,
        c1_0.is_active,
        c1_0.name,
        c1_0.updated_at 
    from
        categories c1_0
Hibernate: 
    select
        s1_0.id,
        s1_0.address,
        s1_0.contact_name,
        s1_0.created_at,
        s1_0.email,
        s1_0.is_active,
        s1_0.name,
        s1_0.phone,
        s1_0.updated_at 
    from
        suppliers s1_0
Hibernate: 
    select
        au1_0.id,
        au1_0.created_at,
        au1_0.email,
        au1_0.first_name,
        au1_0.is_active,
        au1_0.last_login,
        au1_0.last_name,
        au1_0.password_hash,
        au1_0.role_id,
        au1_0.updated_at 
    from
        app_users au1_0 
    where
        au1_0.email=?
Hibernate: 
    select
        r1_0.id,
        r1_0.created_at,
        r1_0.description,
        r1_0.is_active,
        r1_0.name,
        r1_0.updated_at 
    from
        roles r1_0 
    where
        r1_0.id=?
Hibernate: 
    select
        c1_0.id,
        c1_0.created_at,
        c1_0.description,
        c1_0.image_url,
        c1_0.is_active,
        c1_0.name,
        c1_0.updated_at 
    from
        categories c1_0
Hibernate: 
    select
        au1_0.id,
        au1_0.created_at,
        au1_0.email,
        au1_0.first_name,
        au1_0.is_active,
        au1_0.last_login,
        au1_0.last_name,
        au1_0.password_hash,
        au1_0.role_id,
        au1_0.updated_at 
    from
        app_users au1_0 
    where
        au1_0.email=?
Hibernate: 
    select
        r1_0.id,
        r1_0.created_at,
        r1_0.description,
        r1_0.is_active,
        r1_0.name,
        r1_0.updated_at 
    from
        roles r1_0 
    where
        r1_0.id=?
Hibernate: 
    select
        o1_0.id,
        o1_0.bold_transaction_id,
        o1_0.created_at,
        o1_0.currency,
        o1_0.customer_id,
        o1_0.delivery_address,
        o1_0.delivery_city_id,
        o1_0.delivery_cost,
        o1_0.delivery_date,
        o1_0.delivery_instructions,
        o1_0.delivery_neighborhood,
        o1_0.delivery_time_range,
        o1_0.gift_message,
        o1_0.gift_receiver_name,
        o1_0.gift_sender_name,
        o1_0.is_active,
        o1_0.order_status_id,
        o1_0.payment_method,
        o1_0.payment_status,
        o1_0.subtotal_amount,
        o1_0.total_amount,
        o1_0.total_cost_amount,
        o1_0.tracking_code,
        o1_0.updated_at 
    from
        orders o1_0
Hibernate: 
    select
        au1_0.id,
        au1_0.created_at,
        au1_0.email,
        au1_0.first_name,
        au1_0.is_active,
        au1_0.last_login,
        au1_0.last_name,
        au1_0.password_hash,
        au1_0.role_id,
        au1_0.updated_at 
    from
        app_users au1_0 
    where
        au1_0.email=?
Hibernate: 
    select
        r1_0.id,
        r1_0.created_at,
        r1_0.description,
        r1_0.is_active,
        r1_0.name,
        r1_0.updated_at 
    from
        roles r1_0 
    where
        r1_0.id=?
Hibernate: 
    select
        c1_0.id,
        c1_0.created_at,
        c1_0.description,
        c1_0.image_url,
        c1_0.is_active,
        c1_0.name,
        c1_0.updated_at 
    from
        categories c1_0
Hibernate: 
    select
        au1_0.id,
        au1_0.created_at,
        au1_0.email,
        au1_0.first_name,
        au1_0.is_active,
        au1_0.last_login,
        au1_0.last_name,
        au1_0.password_hash,
        au1_0.role_id,
        au1_0.updated_at 
    from
        app_users au1_0 
    where
        au1_0.email=?
Hibernate: 
    select
        r1_0.id,
        r1_0.created_at,
        r1_0.description,
        r1_0.is_active,
        r1_0.name,
        r1_0.updated_at 
    from
        roles r1_0 
    where
        r1_0.id=?
Hibernate: 
    insert 
    into
        categories
        (description, image_url, is_active, name) 
    values
        (?, ?, ?, ?)
Hibernate: 
    select
        au1_0.id,
        au1_0.created_at,
        au1_0.email,
        au1_0.first_name,
        au1_0.is_active,
        au1_0.last_login,
        au1_0.last_name,
        au1_0.password_hash,
        au1_0.role_id,
        au1_0.updated_at 
    from
        app_users au1_0 
    where
        au1_0.email=?
Hibernate: 
    select
        r1_0.id,
        r1_0.created_at,
        r1_0.description,
        r1_0.is_active,
        r1_0.name,
        r1_0.updated_at 
    from
        roles r1_0 
    where
        r1_0.id=?
Hibernate: 
    select
        c1_0.id,
        c1_0.created_at,
        c1_0.description,
        c1_0.image_url,
        c1_0.is_active,
        c1_0.name,
        c1_0.updated_at 
    from
        categories c1_0
Hibernate: 
    select
        au1_0.id,
        au1_0.created_at,
        au1_0.email,
        au1_0.first_name,
        au1_0.is_active,
        au1_0.last_login,
        au1_0.last_name,
        au1_0.password_hash,
        au1_0.role_id,
        au1_0.updated_at 
    from
        app_users au1_0 
    where
        au1_0.email=?
Hibernate: 
    select
        au1_0.id,
        au1_0.created_at,
        au1_0.email,
        au1_0.first_name,
        au1_0.is_active,
        au1_0.last_login,
        au1_0.last_name,
        au1_0.password_hash,
        au1_0.role_id,
        au1_0.updated_at 
    from
        app_users au1_0 
    where
        au1_0.email=?
Hibernate: 
    select
        au1_0.id,
        au1_0.created_at,
        au1_0.email,
        au1_0.first_name,
        au1_0.is_active,
        au1_0.last_login,
        au1_0.last_name,
        au1_0.password_hash,
        au1_0.role_id,
        au1_0.updated_at 
    from
        app_users au1_0 
    where
        au1_0.email=?
Hibernate: 
    select
        r1_0.id,
        r1_0.created_at,
        r1_0.description,
        r1_0.is_active,
        r1_0.name,
        r1_0.updated_at 
    from
        roles r1_0 
    where
        r1_0.id=?
Hibernate: 
    select
        r1_0.id,
        r1_0.created_at,
        r1_0.description,
        r1_0.is_active,
        r1_0.name,
        r1_0.updated_at 
    from
        roles r1_0 
    where
        r1_0.id=?
Hibernate: 
    select
        r1_0.id,
        r1_0.created_at,
        r1_0.description,
        r1_0.is_active,
        r1_0.name,
        r1_0.updated_at 
    from
        roles r1_0 
    where
        r1_0.id=?
Hibernate: 
    select
        p1_0.id,
        p1_0.category_id,
        p1_0.cost_price,
        p1_0.created_at,
        p1_0.description,
        p1_0.is_active,
        p1_0.name,
        p1_0.price,
        p1_0.stock,
        p1_0.supplier_id,
        p1_0.updated_at 
    from
        products p1_0
Hibernate: 
    select
        c1_0.id,
        c1_0.created_at,
        c1_0.description,
        c1_0.image_url,
        c1_0.is_active,
        c1_0.name,
        c1_0.updated_at 
    from
        categories c1_0
Hibernate: 
    select
        s1_0.id,
        s1_0.address,
        s1_0.contact_name,
        s1_0.created_at,
        s1_0.email,
        s1_0.is_active,
        s1_0.name,
        s1_0.phone,
        s1_0.updated_at 
    from
        suppliers s1_0
Hibernate: 
    select
        au1_0.id,
        au1_0.created_at,
        au1_0.email,
        au1_0.first_name,
        au1_0.is_active,
        au1_0.last_login,
        au1_0.last_name,
        au1_0.password_hash,
        au1_0.role_id,
        au1_0.updated_at 
    from
        app_users au1_0 
    where
        au1_0.email=?
Hibernate: 
    select
        r1_0.id,
        r1_0.created_at,
        r1_0.description,
        r1_0.is_active,
        r1_0.name,
        r1_0.updated_at 
    from
        roles r1_0 
    where
        r1_0.id=?
Hibernate: 
    select
        o1_0.id,
        o1_0.bold_transaction_id,
        o1_0.created_at,
        o1_0.currency,
        o1_0.customer_id,
        o1_0.delivery_address,
        o1_0.delivery_city_id,
        o1_0.delivery_cost,
        o1_0.delivery_date,
        o1_0.delivery_instructions,
        o1_0.delivery_neighborhood,
        o1_0.delivery_time_range,
        o1_0.gift_message,
        o1_0.gift_receiver_name,
        o1_0.gift_sender_name,
        o1_0.is_active,
        o1_0.order_status_id,
        o1_0.payment_method,
        o1_0.payment_status,
        o1_0.subtotal_amount,
        o1_0.total_amount,
        o1_0.total_cost_amount,
        o1_0.tracking_code,
        o1_0.updated_at 
    from
        orders o1_0
Hibernate: 
    select
        au1_0.id,
        au1_0.created_at,
        au1_0.email,
        au1_0.first_name,
        au1_0.is_active,
        au1_0.last_login,
        au1_0.last_name,
        au1_0.password_hash,
        au1_0.role_id,
        au1_0.updated_at 
    from
        app_users au1_0 
    where
        au1_0.email=?
Hibernate: 
    select
        r1_0.id,
        r1_0.created_at,
        r1_0.description,
        r1_0.is_active,
        r1_0.name,
        r1_0.updated_at 
    from
        roles r1_0 
    where
        r1_0.id=?
Hibernate: 
    select
        o1_0.id,
        o1_0.bold_transaction_id,
        o1_0.created_at,
        o1_0.currency,
        o1_0.customer_id,
        o1_0.delivery_address,
        o1_0.delivery_city_id,
        o1_0.delivery_cost,
        o1_0.delivery_date,
        o1_0.delivery_instructions,
        o1_0.delivery_neighborhood,
        o1_0.delivery_time_range,
        o1_0.gift_message,
        o1_0.gift_receiver_name,
        o1_0.gift_sender_name,
        o1_0.is_active,
        o1_0.order_status_id,
        o1_0.payment_method,
        o1_0.payment_status,
        o1_0.subtotal_amount,
        o1_0.total_amount,
        o1_0.total_cost_amount,
        o1_0.tracking_code,
        o1_0.updated_at 
    from
        orders o1_0
Hibernate: 
    select
        au1_0.id,
        au1_0.created_at,
        au1_0.email,
        au1_0.first_name,
        au1_0.is_active,
        au1_0.last_login,
        au1_0.last_name,
        au1_0.password_hash,
        au1_0.role_id,
        au1_0.updated_at 
    from
        app_users au1_0 
    where
        au1_0.email=?
Hibernate: 
    select
        r1_0.id,
        r1_0.created_at,
        r1_0.description,
        r1_0.is_active,
        r1_0.name,
        r1_0.updated_at 
    from
        roles r1_0 
    where
        r1_0.id=?
Hibernate: 
    select
        s1_0.id,
        s1_0.address,
        s1_0.contact_name,
        s1_0.created_at,
        s1_0.email,
        s1_0.is_active,
        s1_0.name,
        s1_0.phone,
        s1_0.updated_at 
    from
        suppliers s1_0
Hibernate: 
    select
        au1_0.id,
        au1_0.created_at,
        au1_0.email,
        au1_0.first_name,
        au1_0.is_active,
        au1_0.last_login,
        au1_0.last_name,
        au1_0.password_hash,
        au1_0.role_id,
        au1_0.updated_at 
    from
        app_users au1_0 
    where
        au1_0.email=?
Hibernate: 
    select
        r1_0.id,
        r1_0.created_at,
        r1_0.description,
        r1_0.is_active,
        r1_0.name,
        r1_0.updated_at 
    from
        roles r1_0 
    where
        r1_0.id=?
org.springframework.web.HttpRequestMethodNotSupportedException: Request method 'POST' is not supported
	at org.springframework.web.servlet.mvc.method.RequestMappingInfoHandlerMapping.handleNoMatch(RequestMappingInfoHandlerMapping.java:267)
	at org.springframework.web.servlet.handler.AbstractHandlerMethodMapping.lookupHandlerMethod(AbstractHandlerMethodMapping.java:441)
	at org.springframework.web.servlet.handler.AbstractHandlerMethodMapping.getHandlerInternal(AbstractHandlerMethodMapping.java:382)
	at org.springframework.web.servlet.mvc.method.RequestMappingInfoHandlerMapping.getHandlerInternal(RequestMappingInfoHandlerMapping.java:127)
	at org.springframework.web.servlet.mvc.method.RequestMappingInfoHandlerMapping.getHandlerInternal(RequestMappingInfoHandlerMapping.java:68)
	at org.springframework.web.servlet.handler.AbstractHandlerMapping.getHandler(AbstractHandlerMapping.java:509)
	at org.springframework.web.servlet.DispatcherServlet.getHandler(DispatcherServlet.java:1283)
	at org.springframework.web.servlet.DispatcherServlet.doDispatch(DispatcherServlet.java:1064)
	at org.springframework.web.servlet.DispatcherServlet.doService(DispatcherServlet.java:978)
	at org.springframework.web.servlet.FrameworkServlet.processRequest(FrameworkServlet.java:1014)
	at org.springframework.web.servlet.FrameworkServlet.doPost(FrameworkServlet.java:914)
	at jakarta.servlet.http.HttpServlet.service(HttpServlet.java:590)
	at org.springframework.web.servlet.FrameworkServlet.service(FrameworkServlet.java:885)
	at jakarta.servlet.http.HttpServlet.service(HttpServlet.java:658)
	at org.apache.catalina.core.ApplicationFilterChain.internalDoFilter(ApplicationFilterChain.java:195)
	at org.apache.catalina.core.ApplicationFilterChain.doFilter(ApplicationFilterChain.java:140)
	at org.apache.tomcat.websocket.server.WsFilter.doFilter(WsFilter.java:51)
	at org.apache.catalina.core.ApplicationFilterChain.internalDoFilter(ApplicationFilterChain.java:164)
	at org.apache.catalina.core.ApplicationFilterChain.doFilter(ApplicationFilterChain.java:140)
	at org.springframework.web.filter.OncePerRequestFilter.doFilter(OncePerRequestFilter.java:110)
	at org.apache.catalina.core.ApplicationFilterChain.internalDoFilter(ApplicationFilterChain.java:164)
	at org.apache.catalina.core.ApplicationFilterChain.doFilter(ApplicationFilterChain.java:140)
	at org.springframework.web.filter.CompositeFilter$VirtualFilterChain.doFilter(CompositeFilter.java:108)
	at org.springframework.security.web.FilterChainProxy.lambda$doFilterInternal$3(FilterChainProxy.java:231)
	at org.springframework.security.web.FilterChainProxy$VirtualFilterChain.doFilter(FilterChainProxy.java:365)
	at org.springframework.security.web.access.intercept.AuthorizationFilter.doFilter(AuthorizationFilter.java:101)
	at org.springframework.security.web.FilterChainProxy$VirtualFilterChain.doFilter(FilterChainProxy.java:374)
	at org.springframework.security.web.access.ExceptionTranslationFilter.doFilter(ExceptionTranslationFilter.java:126)
	at org.springframework.security.web.access.ExceptionTranslationFilter.doFilter(ExceptionTranslationFilter.java:120)
	at org.springframework.security.web.FilterChainProxy$VirtualFilterChain.doFilter(FilterChainProxy.java:374)
	at org.springframework.security.web.session.SessionManagementFilter.doFilter(SessionManagementFilter.java:131)
	at org.springframework.security.web.session.SessionManagementFilter.doFilter(SessionManagementFilter.java:85)
	at org.springframework.security.web.FilterChainProxy$VirtualFilterChain.doFilter(FilterChainProxy.java:374)
	at org.springframework.security.web.authentication.AnonymousAuthenticationFilter.doFilter(AnonymousAuthenticationFilter.java:100)
	at org.springframework.security.web.FilterChainProxy$VirtualFilterChain.doFilter(FilterChainProxy.java:374)
	at org.springframework.security.web.servletapi.SecurityContextHolderAwareRequestFilter.doFilter(SecurityContextHolderAwareRequestFilter.java:179)
	at org.springframework.security.web.FilterChainProxy$VirtualFilterChain.doFilter(FilterChainProxy.java:374)
	at org.springframework.security.web.savedrequest.RequestCacheAwareFilter.doFilter(RequestCacheAwareFilter.java:63)
	at org.springframework.security.web.FilterChainProxy$VirtualFilterChain.doFilter(FilterChainProxy.java:374)
	at com.regalos.back_regalos.config.JwtAuthenticationFilter.doFilterInternal(JwtAuthenticationFilter.java:50)
	at org.springframework.web.filter.OncePerRequestFilter.doFilter(OncePerRequestFilter.java:116)
	at org.springframework.security.web.FilterChainProxy$VirtualFilterChain.doFilter(FilterChainProxy.java:374)
	at org.springframework.security.web.authentication.logout.LogoutFilter.doFilter(LogoutFilter.java:107)
	at org.springframework.security.web.authentication.logout.LogoutFilter.doFilter(LogoutFilter.java:93)
	at org.springframework.security.web.FilterChainProxy$VirtualFilterChain.doFilter(FilterChainProxy.java:374)
	at org.springframework.web.filter.CorsFilter.doFilterInternal(CorsFilter.java:91)
	at org.springframework.web.filter.OncePerRequestFilter.doFilter(OncePerRequestFilter.java:116)
	at org.springframework.security.web.FilterChainProxy$VirtualFilterChain.doFilter(FilterChainProxy.java:374)
	at org.springframework.security.web.header.HeaderWriterFilter.doHeadersAfter(HeaderWriterFilter.java:90)
	at org.springframework.security.web.header.HeaderWriterFilter.doFilterInternal(HeaderWriterFilter.java:75)
	at org.springframework.web.filter.OncePerRequestFilter.doFilter(OncePerRequestFilter.java:116)
	at org.springframework.security.web.FilterChainProxy$VirtualFilterChain.doFilter(FilterChainProxy.java:374)
	at org.springframework.security.web.context.SecurityContextHolderFilter.doFilter(SecurityContextHolderFilter.java:82)
	at org.springframework.security.web.context.SecurityContextHolderFilter.doFilter(SecurityContextHolderFilter.java:69)
	at org.springframework.security.web.FilterChainProxy$VirtualFilterChain.doFilter(FilterChainProxy.java:374)
	at org.springframework.security.web.context.request.async.WebAsyncManagerIntegrationFilter.doFilterInternal(WebAsyncManagerIntegrationFilter.java:62)
	at org.springframework.web.filter.OncePerRequestFilter.doFilter(OncePerRequestFilter.java:116)
	at org.springframework.security.web.FilterChainProxy$VirtualFilterChain.doFilter(FilterChainProxy.java:374)
	at org.springframework.security.web.session.DisableEncodeUrlFilter.doFilterInternal(DisableEncodeUrlFilter.java:42)
	at org.springframework.web.filter.OncePerRequestFilter.doFilter(OncePerRequestFilter.java:116)
	at org.springframework.security.web.FilterChainProxy$VirtualFilterChain.doFilter(FilterChainProxy.java:374)
	at org.springframework.security.web.FilterChainProxy.doFilterInternal(FilterChainProxy.java:233)
	at org.springframework.security.web.FilterChainProxy.doFilter(FilterChainProxy.java:191)
	at org.springframework.web.filter.CompositeFilter$VirtualFilterChain.doFilter(CompositeFilter.java:113)
	at org.springframework.web.servlet.handler.HandlerMappingIntrospector.lambda$createCacheFilter$3(HandlerMappingIntrospector.java:243)
	at org.springframework.web.filter.CompositeFilter$VirtualFilterChain.doFilter(CompositeFilter.java:113)
	at org.springframework.web.filter.CompositeFilter.doFilter(CompositeFilter.java:74)
	at org.springframework.security.config.annotation.web.configuration.WebMvcSecurityConfiguration$CompositeFilterChainProxy.doFilter(WebMvcSecurityConfiguration.java:238)
	at org.springframework.web.filter.DelegatingFilterProxy.invokeDelegate(DelegatingFilterProxy.java:362)
	at org.springframework.web.filter.DelegatingFilterProxy.doFilter(DelegatingFilterProxy.java:278)
	at org.apache.catalina.core.ApplicationFilterChain.internalDoFilter(ApplicationFilterChain.java:164)
	at org.apache.catalina.core.ApplicationFilterChain.doFilter(ApplicationFilterChain.java:140)
	at org.springframework.web.filter.RequestContextFilter.doFilterInternal(RequestContextFilter.java:100)
	at org.springframework.web.filter.OncePerRequestFilter.doFilter(OncePerRequestFilter.java:116)
	at org.apache.catalina.core.ApplicationFilterChain.internalDoFilter(ApplicationFilterChain.java:164)
	at org.apache.catalina.core.ApplicationFilterChain.doFilter(ApplicationFilterChain.java:140)
	at org.springframework.web.filter.FormContentFilter.doFilterInternal(FormContentFilter.java:93)
	at org.springframework.web.filter.OncePerRequestFilter.doFilter(OncePerRequestFilter.java:116)
	at org.apache.catalina.core.ApplicationFilterChain.internalDoFilter(ApplicationFilterChain.java:164)
	at org.apache.catalina.core.ApplicationFilterChain.doFilter(ApplicationFilterChain.java:140)
	at org.springframework.web.filter.CharacterEncodingFilter.doFilterInternal(CharacterEncodingFilter.java:201)
	at org.springframework.web.filter.OncePerRequestFilter.doFilter(OncePerRequestFilter.java:116)
	at org.apache.catalina.core.ApplicationFilterChain.internalDoFilter(ApplicationFilterChain.java:164)
	at org.apache.catalina.core.ApplicationFilterChain.doFilter(ApplicationFilterChain.java:140)
	at org.apache.catalina.core.StandardWrapperValve.invoke(StandardWrapperValve.java:167)
	at org.apache.catalina.core.StandardContextValve.invoke(StandardContextValve.java:90)
	at org.apache.catalina.authenticator.AuthenticatorBase.invoke(AuthenticatorBase.java:483)
	at org.apache.catalina.core.StandardHostValve.invoke(StandardHostValve.java:115)
	at org.apache.catalina.valves.ErrorReportValve.invoke(ErrorReportValve.java:93)
	at org.apache.catalina.core.StandardEngineValve.invoke(StandardEngineValve.java:74)
	at org.apache.catalina.connector.CoyoteAdapter.service(CoyoteAdapter.java:344)
	at org.apache.coyote.http11.Http11Processor.service(Http11Processor.java:397)
	at org.apache.coyote.AbstractProcessorLight.process(AbstractProcessorLight.java:63)
	at org.apache.coyote.AbstractProtocol$ConnectionHandler.process(AbstractProtocol.java:905)
	at org.apache.tomcat.util.net.NioEndpoint$SocketProcessor.doRun(NioEndpoint.java:1743)
	at org.apache.tomcat.util.net.SocketProcessorBase.run(SocketProcessorBase.java:52)
	at org.apache.tomcat.util.threads.ThreadPoolExecutor.runWorker(ThreadPoolExecutor.java:1190)
	at org.apache.tomcat.util.threads.ThreadPoolExecutor$Worker.run(ThreadPoolExecutor.java:659)
	at org.apache.tomcat.util.threads.TaskThread$WrappingRunnable.run(TaskThread.java:63)
	at java.base/java.lang.Thread.run(Thread.java:840)
