Starting a Gradle Daemon, 5 busy and 2 incompatible and 2 stopped Daemons could not be reused, use --status for details
> Task :clean
> Task :compileJava
> Task :processResources
> Task :classes
> Task :resolveMainClassName

> Task :bootRun

  .   ____          _            __ _ _
 /\\ / ___'_ __ _ _(_)_ __  __ _ \ \ \ \
( ( )\___ | '_ | '_| | '_ \/ _` | \ \ \ \
 \\/  ___)| |_)| | | | | || (_| |  ) ) ) )
  '  |____| .__|_| |_|_| |_\__, | / / / /
 =========|_|==============|___/=/_/_/_/

 :: Spring Boot ::                (v3.4.3)

2026-03-15T09:39:50.598-05:00  INFO 15164 --- [back-regalos] [           main] c.r.back_regalos.BackRegalosApplication  : Starting BackRegalosApplication using Java 17.0.17 with PID 15164 (D:\Documentos\Accelwolf\Downloads\Tienda\back-regalos\build\classes\java\main started by accelwolf in D:\Documentos\Accelwolf\Downloads\Tienda\back-regalos)
2026-03-15T09:39:50.600-05:00  INFO 15164 --- [back-regalos] [           main] c.r.back_regalos.BackRegalosApplication  : No active profile set, falling back to 1 default profile: "default"
2026-03-15T09:39:51.281-05:00  INFO 15164 --- [back-regalos] [           main] .s.d.r.c.RepositoryConfigurationDelegate : Bootstrapping Spring Data JPA repositories in DEFAULT mode.
2026-03-15T09:39:51.364-05:00  INFO 15164 --- [back-regalos] [           main] .s.d.r.c.RepositoryConfigurationDelegate : Finished Spring Data repository scanning in 76 ms. Found 17 JPA repository interfaces.
2026-03-15T09:39:51.866-05:00  INFO 15164 --- [back-regalos] [           main] o.s.b.w.embedded.tomcat.TomcatWebServer  : Tomcat initialized with port 8080 (http)
2026-03-15T09:39:51.881-05:00  INFO 15164 --- [back-regalos] [           main] o.apache.catalina.core.StandardService   : Starting service [Tomcat]
2026-03-15T09:39:51.881-05:00  INFO 15164 --- [back-regalos] [           main] o.apache.catalina.core.StandardEngine    : Starting Servlet engine: [Apache Tomcat/10.1.36]
2026-03-15T09:39:51.941-05:00  INFO 15164 --- [back-regalos] [           main] o.a.c.c.C.[Tomcat].[localhost].[/]       : Initializing Spring embedded WebApplicationContext
2026-03-15T09:39:51.942-05:00  INFO 15164 --- [back-regalos] [           main] w.s.c.ServletWebServerApplicationContext : Root WebApplicationContext: initialization completed in 1301 ms
2026-03-15T09:39:52.048-05:00  INFO 15164 --- [back-regalos] [           main] o.hibernate.jpa.internal.util.LogHelper  : HHH000204: Processing PersistenceUnitInfo [name: default]
2026-03-15T09:39:52.097-05:00  INFO 15164 --- [back-regalos] [           main] org.hibernate.Version                    : HHH000412: Hibernate ORM core version 6.6.8.Final
2026-03-15T09:39:52.127-05:00  INFO 15164 --- [back-regalos] [           main] o.h.c.internal.RegionFactoryInitiator    : HHH000026: Second-level cache disabled
2026-03-15T09:39:52.368-05:00  INFO 15164 --- [back-regalos] [           main] o.s.o.j.p.SpringPersistenceUnitInfo      : No LoadTimeWeaver setup: ignoring JPA class transformer
2026-03-15T09:39:52.396-05:00  INFO 15164 --- [back-regalos] [           main] com.zaxxer.hikari.HikariDataSource       : HikariPool-1 - Starting...
2026-03-15T09:39:54.474-05:00  INFO 15164 --- [back-regalos] [           main] com.zaxxer.hikari.HikariDataSource       : HikariPool-1 - Start completed.
2026-03-15T09:39:55.729-05:00  WARN 15164 --- [back-regalos] [           main] org.hibernate.orm.deprecation            : HHH90000025: PostgreSQLDialect does not need to be specified explicitly using 'hibernate.dialect' (remove the property setting and it will be selected by default)
2026-03-15T09:39:56.025-05:00  INFO 15164 --- [back-regalos] [           main] org.hibernate.orm.connections.pooling    : HHH10001005: Database info:
	Database JDBC URL [Connecting through datasource 'HikariDataSource (HikariPool-1)']
	Database driver: undefined/unknown
	Database version: 18.3
	Autocommit mode: undefined/unknown
	Isolation level: undefined/unknown
	Minimum pool size: undefined/unknown
	Maximum pool size: undefined/unknown
2026-03-15T09:39:57.202-05:00  INFO 15164 --- [back-regalos] [           main] o.h.e.t.j.p.i.JtaPlatformInitiator       : HHH000489: No JTA platform available (set 'hibernate.transaction.jta.platform' to enable JTA platform integration)
2026-03-15T09:39:57.205-05:00  INFO 15164 --- [back-regalos] [           main] j.LocalContainerEntityManagerFactoryBean : Initialized JPA EntityManagerFactory for persistence unit 'default'
2026-03-15T09:39:57.610-05:00  INFO 15164 --- [back-regalos] [           main] eAuthenticationProviderManagerConfigurer : Global AuthenticationManager configured with AuthenticationProvider bean with name authenticationProvider
2026-03-15T09:39:57.610-05:00  WARN 15164 --- [back-regalos] [           main] r$InitializeUserDetailsManagerConfigurer : Global AuthenticationManager configured with an AuthenticationProvider bean. UserDetailsService beans will not be used by Spring Security for automatically configuring username/password login. Consider removing the AuthenticationProvider bean. Alternatively, consider using the UserDetailsService in a manually instantiated DaoAuthenticationProvider. If the current configuration is intentional, to turn off this warning, increase the logging level of 'org.springframework.security.config.annotation.authentication.configuration.InitializeUserDetailsBeanManagerConfigurer' to ERROR
2026-03-15T09:39:57.718-05:00  WARN 15164 --- [back-regalos] [           main] JpaBaseConfiguration$JpaWebConfiguration : spring.jpa.open-in-view is enabled by default. Therefore, database queries may be performed during view rendering. Explicitly configure spring.jpa.open-in-view to disable this warning
2026-03-15T09:39:58.172-05:00  INFO 15164 --- [back-regalos] [           main] o.s.d.j.r.query.QueryEnhancerFactory     : Hibernate is in classpath; If applicable, HQL parser will be used.
2026-03-15T09:39:58.580-05:00  INFO 15164 --- [back-regalos] [           main] o.s.b.w.embedded.tomcat.TomcatWebServer  : Tomcat started on port 8080 (http) with context path '/'
2026-03-15T09:39:58.589-05:00  INFO 15164 --- [back-regalos] [           main] c.r.back_regalos.BackRegalosApplication  : Started BackRegalosApplication in 8.34 seconds (process running for 8.671)
? Starting Data Initialization...
? Table store_banners verified.
Hibernate: 
    select
        count(*) 
    from
        roles r1_0
Hibernate: 
    select
        au1_0.id,
        au1_0.created_at,
        au1_0.email,
        au1_0.first_name,
        au1_0.is_active,
        au1_0.last_login,
        au1_0.last_name,
        au1_0.password_hash,
        au1_0.role_id,
        au1_0.updated_at 
    from
        app_users au1_0 
    where
        au1_0.email=?
Hibernate: 
    select
        r1_0.id,
        r1_0.created_at,
        r1_0.description,
        r1_0.is_active,
        r1_0.name,
        r1_0.updated_at 
    from
        roles r1_0 
    where
        r1_0.id=?
Hibernate: 
    select
        r1_0.id,
        r1_0.created_at,
        r1_0.description,
        r1_0.is_active,
        r1_0.name,
        r1_0.updated_at 
    from
        roles r1_0 
    where
        r1_0.name=?
Hibernate: 
    select
        au1_0.id,
        au1_0.created_at,
        au1_0.email,
        au1_0.first_name,
        au1_0.is_active,
        au1_0.last_login,
        au1_0.last_name,
        au1_0.password_hash,
        r1_0.id,
        r1_0.created_at,
        r1_0.description,
        r1_0.is_active,
        r1_0.name,
        r1_0.updated_at,
        au1_0.updated_at 
    from
        app_users au1_0 
    left join
        roles r1_0 
            on r1_0.id=au1_0.role_id 
    where
        au1_0.id=?
Hibernate: 
    update
        app_users 
    set
        email=?,
        first_name=?,
        is_active=?,
        last_login=?,
        last_name=?,
        password_hash=?,
        role_id=? 
    where
        id=?
? User admin1@regalos.com password reset successfully to: admin123
Hibernate: 
    select
        au1_0.id,
        au1_0.created_at,
        au1_0.email,
        au1_0.first_name,
        au1_0.is_active,
        au1_0.last_login,
        au1_0.last_name,
        au1_0.password_hash,
        au1_0.role_id,
        au1_0.updated_at 
    from
        app_users au1_0 
    where
        au1_0.email=?
Hibernate: 
    select
        r1_0.id,
        r1_0.created_at,
        r1_0.description,
        r1_0.is_active,
        r1_0.name,
        r1_0.updated_at 
    from
        roles r1_0 
    where
        r1_0.id=?
Hibernate: 
    select
        r1_0.id,
        r1_0.created_at,
        r1_0.description,
        r1_0.is_active,
        r1_0.name,
        r1_0.updated_at 
    from
        roles r1_0 
    where
        r1_0.name=?
Hibernate: 
    select
        au1_0.id,
        au1_0.created_at,
        au1_0.email,
        au1_0.first_name,
        au1_0.is_active,
        au1_0.last_login,
        au1_0.last_name,
        au1_0.password_hash,
        r1_0.id,
        r1_0.created_at,
        r1_0.description,
        r1_0.is_active,
        r1_0.name,
        r1_0.updated_at,
        au1_0.updated_at 
    from
        app_users au1_0 
    left join
        roles r1_0 
            on r1_0.id=au1_0.role_id 
    where
        au1_0.id=?
Hibernate: 
    update
        app_users 
    set
        email=?,
        first_name=?,
        is_active=?,
        last_login=?,
        last_name=?,
        password_hash=?,
        role_id=? 
    where
        id=?
? User admin2@regalos.com password reset successfully to: admin123
Hibernate: 
    select
        count(*) 
    from
        store_settings ss1_0
? Data Initialization Finished.
2026-03-15T10:05:28.838-05:00  INFO 15164 --- [back-regalos] [nio-8080-exec-1] o.a.c.c.C.[Tomcat].[localhost].[/]       : Initializing Spring DispatcherServlet 'dispatcherServlet'
2026-03-15T10:05:28.838-05:00  INFO 15164 --- [back-regalos] [nio-8080-exec-1] o.s.web.servlet.DispatcherServlet        : Initializing Servlet 'dispatcherServlet'
2026-03-15T10:05:28.839-05:00  INFO 15164 --- [back-regalos] [nio-8080-exec-1] o.s.web.servlet.DispatcherServlet        : Completed initialization in 1 ms
Hibernate: 
    select
        au1_0.id,
        au1_0.created_at,
        au1_0.email,
        au1_0.first_name,
        au1_0.is_active,
        au1_0.last_login,
        au1_0.last_name,
        au1_0.password_hash,
        au1_0.role_id,
        au1_0.updated_at 
    from
        app_users au1_0 
    where
        au1_0.email=?
Hibernate: 
    select
        r1_0.id,
        r1_0.created_at,
        r1_0.description,
        r1_0.is_active,
        r1_0.name,
        r1_0.updated_at 
    from
        roles r1_0 
    where
        r1_0.id=?
Hibernate: 
    insert 
    into
        suppliers
        (address, contact_name, email, is_active, name, phone) 
    values
        (?, ?, ?, ?, ?, ?)
Hibernate: 
    select
        au1_0.id,
        au1_0.created_at,
        au1_0.email,
        au1_0.first_name,
        au1_0.is_active,
        au1_0.last_login,
        au1_0.last_name,
        au1_0.password_hash,
        au1_0.role_id,
        au1_0.updated_at 
    from
        app_users au1_0 
    where
        au1_0.email=?
Hibernate: 
    select
        r1_0.id,
        r1_0.created_at,
        r1_0.description,
        r1_0.is_active,
        r1_0.name,
        r1_0.updated_at 
    from
        roles r1_0 
    where
        r1_0.id=?
Hibernate: 
    select
        s1_0.id,
        s1_0.address,
        s1_0.contact_name,
        s1_0.created_at,
        s1_0.email,
        s1_0.is_active,
        s1_0.name,
        s1_0.phone,
        s1_0.updated_at 
    from
        suppliers s1_0
Hibernate: 
    select
        au1_0.id,
        au1_0.created_at,
        au1_0.email,
        au1_0.first_name,
        au1_0.is_active,
        au1_0.last_login,
        au1_0.last_name,
        au1_0.password_hash,
        au1_0.role_id,
        au1_0.updated_at 
    from
        app_users au1_0 
    where
        au1_0.email=?
Hibernate: 
    select
        r1_0.id,
        r1_0.created_at,
        r1_0.description,
        r1_0.is_active,
        r1_0.name,
        r1_0.updated_at 
    from
        roles r1_0 
    where
        r1_0.id=?
Hibernate: 
    select
        o1_0.id,
        o1_0.bold_transaction_id,
        o1_0.created_at,
        o1_0.currency,
        o1_0.customer_id,
        o1_0.delivery_address,
        o1_0.delivery_city_id,
        o1_0.delivery_cost,
        o1_0.delivery_date,
        o1_0.delivery_instructions,
        o1_0.delivery_neighborhood,
        o1_0.delivery_time_range,
        o1_0.gift_message,
        o1_0.gift_receiver_name,
        o1_0.gift_sender_name,
        o1_0.is_active,
        o1_0.order_status_id,
        o1_0.payment_method,
        o1_0.payment_status,
        o1_0.subtotal_amount,
        o1_0.total_amount,
        o1_0.total_cost_amount,
        o1_0.tracking_code,
        o1_0.updated_at 
    from
        orders o1_0
Hibernate: 
    select
        au1_0.id,
        au1_0.created_at,
        au1_0.email,
        au1_0.first_name,
        au1_0.is_active,
        au1_0.last_login,
        au1_0.last_name,
        au1_0.password_hash,
        au1_0.role_id,
        au1_0.updated_at 
    from
        app_users au1_0 
    where
        au1_0.email=?
Hibernate: 
    select
        r1_0.id,
        r1_0.created_at,
        r1_0.description,
        r1_0.is_active,
        r1_0.name,
        r1_0.updated_at 
    from
        roles r1_0 
    where
        r1_0.id=?
Hibernate: 
    select
        ss1_0.id,
        ss1_0.config_group,
        ss1_0.config_key,
        ss1_0.config_value,
        ss1_0.created_at,
        ss1_0.description,
        ss1_0.is_active,
        ss1_0.updated_at 
    from
        store_settings ss1_0
Hibernate: 
    select
        au1_0.id,
        au1_0.created_at,
        au1_0.email,
        au1_0.first_name,
        au1_0.is_active,
        au1_0.last_login,
        au1_0.last_name,
        au1_0.password_hash,
        au1_0.role_id,
        au1_0.updated_at 
    from
        app_users au1_0 
    where
        au1_0.email=?
Hibernate: 
    select
        r1_0.id,
        r1_0.created_at,
        r1_0.description,
        r1_0.is_active,
        r1_0.name,
        r1_0.updated_at 
    from
        roles r1_0 
    where
        r1_0.id=?
Hibernate: 
    select
        ss1_0.id,
        ss1_0.config_group,
        ss1_0.config_key,
        ss1_0.config_value,
        ss1_0.created_at,
        ss1_0.description,
        ss1_0.is_active,
        ss1_0.updated_at 
    from
        store_settings ss1_0 
    where
        ss1_0.config_key=?
Hibernate: 
    update
        store_settings 
    set
        config_group=?,
        config_key=?,
        config_value=?,
        description=?,
        is_active=? 
    where
        id=?
Hibernate: 
    select
        ss1_0.id,
        ss1_0.config_group,
        ss1_0.config_key,
        ss1_0.config_value,
        ss1_0.created_at,
        ss1_0.description,
        ss1_0.is_active,
        ss1_0.updated_at 
    from
        store_settings ss1_0 
    where
        ss1_0.config_key=?
Hibernate: 
    select
        ss1_0.id,
        ss1_0.config_group,
        ss1_0.config_key,
        ss1_0.config_value,
        ss1_0.created_at,
        ss1_0.description,
        ss1_0.is_active,
        ss1_0.updated_at 
    from
        store_settings ss1_0 
    where
        ss1_0.config_key=?
Hibernate: 
    select
        ss1_0.id,
        ss1_0.config_group,
        ss1_0.config_key,
        ss1_0.config_value,
        ss1_0.created_at,
        ss1_0.description,
        ss1_0.is_active,
        ss1_0.updated_at 
    from
        store_settings ss1_0 
    where
        ss1_0.config_key=?
Hibernate: 
    select
        ss1_0.id,
        ss1_0.config_group,
        ss1_0.config_key,
        ss1_0.config_value,
        ss1_0.created_at,
        ss1_0.description,
        ss1_0.is_active,
        ss1_0.updated_at 
    from
        store_settings ss1_0 
    where
        ss1_0.config_key=?
Hibernate: 
    select
        ss1_0.id,
        ss1_0.config_group,
        ss1_0.config_key,
        ss1_0.config_value,
        ss1_0.created_at,
        ss1_0.description,
        ss1_0.is_active,
        ss1_0.updated_at 
    from
        store_settings ss1_0 
    where
        ss1_0.config_key=?
Hibernate: 
    select
        ss1_0.id,
        ss1_0.config_group,
        ss1_0.config_key,
        ss1_0.config_value,
        ss1_0.created_at,
        ss1_0.description,
        ss1_0.is_active,
        ss1_0.updated_at 
    from
        store_settings ss1_0 
    where
        ss1_0.config_key=?
Hibernate: 
    select
        ss1_0.id,
        ss1_0.config_group,
        ss1_0.config_key,
        ss1_0.config_value,
        ss1_0.created_at,
        ss1_0.description,
        ss1_0.is_active,
        ss1_0.updated_at 
    from
        store_settings ss1_0 
    where
        ss1_0.config_key=?
Hibernate: 
    select
        ss1_0.id,
        ss1_0.config_group,
        ss1_0.config_key,
        ss1_0.config_value,
        ss1_0.created_at,
        ss1_0.description,
        ss1_0.is_active,
        ss1_0.updated_at 
    from
        store_settings ss1_0 
    where
        ss1_0.config_key=?
Hibernate: 
    select
        p1_0.id,
        p1_0.category_id,
        p1_0.cost_price,
        p1_0.created_at,
        p1_0.description,
        p1_0.is_active,
        p1_0.name,
        p1_0.price,
        p1_0.stock,
        p1_0.supplier_id,
        p1_0.updated_at 
    from
        products p1_0 
    where
        p1_0.is_active=?
Hibernate: 
    select
        sb1_0.id,
        sb1_0.created_at,
        sb1_0.display_order,
        sb1_0.image_base64,
        sb1_0.is_active,
        sb1_0.subtitle,
        sb1_0.title 
    from
        store_banners sb1_0 
    where
        sb1_0.is_active=? 
    order by
        sb1_0.display_order
Hibernate: 
    select
        ss1_0.id,
        ss1_0.config_group,
        ss1_0.config_key,
        ss1_0.config_value,
        ss1_0.created_at,
        ss1_0.description,
        ss1_0.is_active,
        ss1_0.updated_at 
    from
        store_settings ss1_0
Hibernate: 
    select
        au1_0.id,
        au1_0.created_at,
        au1_0.email,
        au1_0.first_name,
        au1_0.is_active,
        au1_0.last_login,
        au1_0.last_name,
        au1_0.password_hash,
        au1_0.role_id,
        au1_0.updated_at 
    from
        app_users au1_0 
    where
        au1_0.email=?
Hibernate: 
    select
        r1_0.id,
        r1_0.created_at,
        r1_0.description,
        r1_0.is_active,
        r1_0.name,
        r1_0.updated_at 
    from
        roles r1_0 
    where
        r1_0.id=?
Hibernate: 
    select
        o1_0.id,
        o1_0.bold_transaction_id,
        o1_0.created_at,
        o1_0.currency,
        o1_0.customer_id,
        o1_0.delivery_address,
        o1_0.delivery_city_id,
        o1_0.delivery_cost,
        o1_0.delivery_date,
        o1_0.delivery_instructions,
        o1_0.delivery_neighborhood,
        o1_0.delivery_time_range,
        o1_0.gift_message,
        o1_0.gift_receiver_name,
        o1_0.gift_sender_name,
        o1_0.is_active,
        o1_0.order_status_id,
        o1_0.payment_method,
        o1_0.payment_status,
        o1_0.subtotal_amount,
        o1_0.total_amount,
        o1_0.total_cost_amount,
        o1_0.tracking_code,
        o1_0.updated_at 
    from
        orders o1_0
Hibernate: 
    select
        au1_0.id,
        au1_0.created_at,
        au1_0.email,
        au1_0.first_name,
        au1_0.is_active,
        au1_0.last_login,
        au1_0.last_name,
        au1_0.password_hash,
        au1_0.role_id,
        au1_0.updated_at 
    from
        app_users au1_0 
    where
        au1_0.email=?
Hibernate: 
    select
        r1_0.id,
        r1_0.created_at,
        r1_0.description,
        r1_0.is_active,
        r1_0.name,
        r1_0.updated_at 
    from
        roles r1_0 
    where
        r1_0.id=?
Hibernate: 
    select
        p1_0.id,
        p1_0.category_id,
        p1_0.cost_price,
        p1_0.created_at,
        p1_0.description,
        p1_0.is_active,
        p1_0.name,
        p1_0.price,
        p1_0.stock,
        p1_0.supplier_id,
        p1_0.updated_at 
    from
        products p1_0
Hibernate: 
    select
        au1_0.id,
        au1_0.created_at,
        au1_0.email,
        au1_0.first_name,
        au1_0.is_active,
        au1_0.last_login,
        au1_0.last_name,
        au1_0.password_hash,
        au1_0.role_id,
        au1_0.updated_at 
    from
        app_users au1_0 
    where
        au1_0.email=?
Hibernate: 
    select
        au1_0.id,
        au1_0.created_at,
        au1_0.email,
        au1_0.first_name,
        au1_0.is_active,
        au1_0.last_login,
        au1_0.last_name,
        au1_0.password_hash,
        au1_0.role_id,
        au1_0.updated_at 
    from
        app_users au1_0 
    where
        au1_0.email=?
Hibernate: 
    select
        r1_0.id,
        r1_0.created_at,
        r1_0.description,
        r1_0.is_active,
        r1_0.name,
        r1_0.updated_at 
    from
        roles r1_0 
    where
        r1_0.id=?
Hibernate: 
    select
        r1_0.id,
        r1_0.created_at,
        r1_0.description,
        r1_0.is_active,
        r1_0.name,
        r1_0.updated_at 
    from
        roles r1_0 
    where
        r1_0.id=?
Hibernate: 
    select
        s1_0.id,
        s1_0.address,
        s1_0.contact_name,
        s1_0.created_at,
        s1_0.email,
        s1_0.is_active,
        s1_0.name,
        s1_0.phone,
        s1_0.updated_at 
    from
        suppliers s1_0
Hibernate: 
    select
        c1_0.id,
        c1_0.created_at,
        c1_0.description,
        c1_0.image_url,
        c1_0.is_active,
        c1_0.name,
        c1_0.updated_at 
    from
        categories c1_0
Hibernate: 
    select
        au1_0.id,
        au1_0.created_at,
        au1_0.email,
        au1_0.first_name,
        au1_0.is_active,
        au1_0.last_login,
        au1_0.last_name,
        au1_0.password_hash,
        au1_0.role_id,
        au1_0.updated_at 
    from
        app_users au1_0 
    where
        au1_0.email=?
Hibernate: 
    select
        r1_0.id,
        r1_0.created_at,
        r1_0.description,
        r1_0.is_active,
        r1_0.name,
        r1_0.updated_at 
    from
        roles r1_0 
    where
        r1_0.id=?
Hibernate: 
    insert 
    into
        products
        (category_id, cost_price, description, is_active, name, price, stock, supplier_id) 
    values
        (?, ?, ?, ?, ?, ?, ?, ?)
Hibernate: 
    insert 
    into
        product_images
        (display_order, image_base64, is_active, is_main, product_id) 
    values
        (?, ?, ?, ?, ?)
Hibernate: 
    select
        au1_0.id,
        au1_0.created_at,
        au1_0.email,
        au1_0.first_name,
        au1_0.is_active,
        au1_0.last_login,
        au1_0.last_name,
        au1_0.password_hash,
        au1_0.role_id,
        au1_0.updated_at 
    from
        app_users au1_0 
    where
        au1_0.email=?
Hibernate: 
    select
        r1_0.id,
        r1_0.created_at,
        r1_0.description,
        r1_0.is_active,
        r1_0.name,
        r1_0.updated_at 
    from
        roles r1_0 
    where
        r1_0.id=?
Hibernate: 
    select
        p1_0.id,
        p1_0.category_id,
        p1_0.cost_price,
        p1_0.created_at,
        p1_0.description,
        p1_0.is_active,
        p1_0.name,
        p1_0.price,
        p1_0.stock,
        p1_0.supplier_id,
        p1_0.updated_at 
    from
        products p1_0
Hibernate: 
    select
        i1_0.product_id,
        i1_0.id,
        i1_0.created_at,
        i1_0.display_order,
        i1_0.image_base64,
        i1_0.is_active,
        i1_0.is_main 
    from
        product_images i1_0 
    where
        i1_0.product_id=?
Hibernate: 
    select
        c1_0.id,
        c1_0.created_at,
        c1_0.description,
        c1_0.image_url,
        c1_0.is_active,
        c1_0.name,
        c1_0.updated_at 
    from
        categories c1_0 
    where
        c1_0.id=?
Hibernate: 
    select
        s1_0.id,
        s1_0.address,
        s1_0.contact_name,
        s1_0.created_at,
        s1_0.email,
        s1_0.is_active,
        s1_0.name,
        s1_0.phone,
        s1_0.updated_at 
    from
        suppliers s1_0 
    where
        s1_0.id=?
Hibernate: 
    select
        p1_0.id,
        p1_0.category_id,
        p1_0.cost_price,
        p1_0.created_at,
        p1_0.description,
        p1_0.is_active,
        p1_0.name,
        p1_0.price,
        p1_0.stock,
        p1_0.supplier_id,
        p1_0.updated_at 
    from
        products p1_0 
    where
        p1_0.is_active=?
Hibernate: 
    select
        sb1_0.id,
        sb1_0.created_at,
        sb1_0.display_order,
        sb1_0.image_base64,
        sb1_0.is_active,
        sb1_0.subtitle,
        sb1_0.title 
    from
        store_banners sb1_0 
    where
        sb1_0.is_active=? 
    order by
        sb1_0.display_order
Hibernate: 
    select
        ss1_0.id,
        ss1_0.config_group,
        ss1_0.config_key,
        ss1_0.config_value,
        ss1_0.created_at,
        ss1_0.description,
        ss1_0.is_active,
        ss1_0.updated_at 
    from
        store_settings ss1_0
Hibernate: 
    select
        i1_0.product_id,
        i1_0.id,
        i1_0.created_at,
        i1_0.display_order,
        i1_0.image_base64,
        i1_0.is_active,
        i1_0.is_main 
    from
        product_images i1_0 
    where
        i1_0.product_id=?
Hibernate: 
    select
        c1_0.id,
        c1_0.created_at,
        c1_0.description,
        c1_0.image_url,
        c1_0.is_active,
        c1_0.name,
        c1_0.updated_at 
    from
        categories c1_0 
    where
        c1_0.id=?
Hibernate: 
    select
        s1_0.id,
        s1_0.address,
        s1_0.contact_name,
        s1_0.created_at,
        s1_0.email,
        s1_0.is_active,
        s1_0.name,
        s1_0.phone,
        s1_0.updated_at 
    from
        suppliers s1_0 
    where
        s1_0.id=?
Hibernate: 
    select
        sb1_0.id,
        sb1_0.created_at,
        sb1_0.display_order,
        sb1_0.image_base64,
        sb1_0.is_active,
        sb1_0.subtitle,
        sb1_0.title 
    from
        store_banners sb1_0 
    where
        sb1_0.is_active=? 
    order by
        sb1_0.display_order
Hibernate: 
    select
        p1_0.id,
        p1_0.category_id,
        p1_0.cost_price,
        p1_0.created_at,
        p1_0.description,
        p1_0.is_active,
        p1_0.name,
        p1_0.price,
        p1_0.stock,
        p1_0.supplier_id,
        p1_0.updated_at 
    from
        products p1_0 
    where
        p1_0.is_active=?
Hibernate: 
    select
        ss1_0.id,
        ss1_0.config_group,
        ss1_0.config_key,
        ss1_0.config_value,
        ss1_0.created_at,
        ss1_0.description,
        ss1_0.is_active,
        ss1_0.updated_at 
    from
        store_settings ss1_0
Hibernate: 
    select
        i1_0.product_id,
        i1_0.id,
        i1_0.created_at,
        i1_0.display_order,
        i1_0.image_base64,
        i1_0.is_active,
        i1_0.is_main 
    from
        product_images i1_0 
    where
        i1_0.product_id=?
Hibernate: 
    select
        c1_0.id,
        c1_0.created_at,
        c1_0.description,
        c1_0.image_url,
        c1_0.is_active,
        c1_0.name,
        c1_0.updated_at 
    from
        categories c1_0 
    where
        c1_0.id=?
Hibernate: 
    select
        s1_0.id,
        s1_0.address,
        s1_0.contact_name,
        s1_0.created_at,
        s1_0.email,
        s1_0.is_active,
        s1_0.name,
        s1_0.phone,
        s1_0.updated_at 
    from
        suppliers s1_0 
    where
        s1_0.id=?
Hibernate: 
    select
        sb1_0.id,
        sb1_0.created_at,
        sb1_0.display_order,
        sb1_0.image_base64,
        sb1_0.is_active,
        sb1_0.subtitle,
        sb1_0.title 
    from
        store_banners sb1_0 
    where
        sb1_0.is_active=? 
    order by
        sb1_0.display_order
Hibernate: 
    select
        p1_0.id,
        p1_0.category_id,
        p1_0.cost_price,
        p1_0.created_at,
        p1_0.description,
        p1_0.is_active,
        p1_0.name,
        p1_0.price,
        p1_0.stock,
        p1_0.supplier_id,
        p1_0.updated_at 
    from
        products p1_0 
    where
        p1_0.is_active=?
Hibernate: 
    select
        ss1_0.id,
        ss1_0.config_group,
        ss1_0.config_key,
        ss1_0.config_value,
        ss1_0.created_at,
        ss1_0.description,
        ss1_0.is_active,
        ss1_0.updated_at 
    from
        store_settings ss1_0
Hibernate: 
    select
        i1_0.product_id,
        i1_0.id,
        i1_0.created_at,
        i1_0.display_order,
        i1_0.image_base64,
        i1_0.is_active,
        i1_0.is_main 
    from
        product_images i1_0 
    where
        i1_0.product_id=?
Hibernate: 
    select
        c1_0.id,
        c1_0.created_at,
        c1_0.description,
        c1_0.image_url,
        c1_0.is_active,
        c1_0.name,
        c1_0.updated_at 
    from
        categories c1_0 
    where
        c1_0.id=?
Hibernate: 
    select
        s1_0.id,
        s1_0.address,
        s1_0.contact_name,
        s1_0.created_at,
        s1_0.email,
        s1_0.is_active,
        s1_0.name,
        s1_0.phone,
        s1_0.updated_at 
    from
        suppliers s1_0 
    where
        s1_0.id=?
Hibernate: 
    select
        p1_0.id,
        p1_0.category_id,
        p1_0.cost_price,
        p1_0.created_at,
        p1_0.description,
        p1_0.is_active,
        p1_0.name,
        p1_0.price,
        p1_0.stock,
        p1_0.supplier_id,
        p1_0.updated_at,
        i1_0.product_id,
        i1_0.id,
        i1_0.created_at,
        i1_0.display_order,
        i1_0.image_base64,
        i1_0.is_active,
        i1_0.is_main 
    from
        products p1_0 
    left join
        product_images i1_0 
            on p1_0.id=i1_0.product_id 
    where
        p1_0.id=?
Hibernate: 
    select
        dc1_0.id,
        dc1_0.created_at,
        dc1_0.delivery_cost,
        dc1_0.department,
        dc1_0.is_active,
        dc1_0.name,
        dc1_0.updated_at 
    from
        delivery_cities dc1_0 
    where
        dc1_0.id=?
Hibernate: 
    select
        ss1_0.id,
        ss1_0.config_group,
        ss1_0.config_key,
        ss1_0.config_value,
        ss1_0.created_at,
        ss1_0.description,
        ss1_0.is_active,
        ss1_0.updated_at 
    from
        store_settings ss1_0 
    where
        ss1_0.config_key=?
Hibernate: 
    select
        ss1_0.id,
        ss1_0.config_group,
        ss1_0.config_key,
        ss1_0.config_value,
        ss1_0.created_at,
        ss1_0.description,
        ss1_0.is_active,
        ss1_0.updated_at 
    from
        store_settings ss1_0 
    where
        ss1_0.config_key=?
Hibernate: 
    select
        p1_0.id,
        p1_0.category_id,
        p1_0.cost_price,
        p1_0.created_at,
        p1_0.description,
        p1_0.is_active,
        p1_0.name,
        p1_0.price,
        p1_0.stock,
        p1_0.supplier_id,
        p1_0.updated_at 
    from
        products p1_0 
    where
        p1_0.is_active=?
Hibernate: 
    select
        sb1_0.id,
        sb1_0.created_at,
        sb1_0.display_order,
        sb1_0.image_base64,
        sb1_0.is_active,
        sb1_0.subtitle,
        sb1_0.title 
    from
        store_banners sb1_0 
    where
        sb1_0.is_active=? 
    order by
        sb1_0.display_order
Hibernate: 
    select
        ss1_0.id,
        ss1_0.config_group,
        ss1_0.config_key,
        ss1_0.config_value,
        ss1_0.created_at,
        ss1_0.description,
        ss1_0.is_active,
        ss1_0.updated_at 
    from
        store_settings ss1_0
Hibernate: 
    select
        i1_0.product_id,
        i1_0.id,
        i1_0.created_at,
        i1_0.display_order,
        i1_0.image_base64,
        i1_0.is_active,
        i1_0.is_main 
    from
        product_images i1_0 
    where
        i1_0.product_id=?
Hibernate: 
    select
        c1_0.id,
        c1_0.created_at,
        c1_0.description,
        c1_0.image_url,
        c1_0.is_active,
        c1_0.name,
        c1_0.updated_at 
    from
        categories c1_0 
    where
        c1_0.id=?
Hibernate: 
    select
        s1_0.id,
        s1_0.address,
        s1_0.contact_name,
        s1_0.created_at,
        s1_0.email,
        s1_0.is_active,
        s1_0.name,
        s1_0.phone,
        s1_0.updated_at 
    from
        suppliers s1_0 
    where
        s1_0.id=?
Hibernate: 
    select
        sb1_0.id,
        sb1_0.created_at,
        sb1_0.display_order,
        sb1_0.image_base64,
        sb1_0.is_active,
        sb1_0.subtitle,
        sb1_0.title 
    from
        store_banners sb1_0 
    where
        sb1_0.is_active=? 
    order by
        sb1_0.display_order
Hibernate: 
    select
        p1_0.id,
        p1_0.category_id,
        p1_0.cost_price,
        p1_0.created_at,
        p1_0.description,
        p1_0.is_active,
        p1_0.name,
        p1_0.price,
        p1_0.stock,
        p1_0.supplier_id,
        p1_0.updated_at 
    from
        products p1_0 
    where
        p1_0.is_active=?
Hibernate: 
    select
        ss1_0.id,
        ss1_0.config_group,
        ss1_0.config_key,
        ss1_0.config_value,
        ss1_0.created_at,
        ss1_0.description,
        ss1_0.is_active,
        ss1_0.updated_at 
    from
        store_settings ss1_0
Hibernate: 
    select
        i1_0.product_id,
        i1_0.id,
        i1_0.created_at,
        i1_0.display_order,
        i1_0.image_base64,
        i1_0.is_active,
        i1_0.is_main 
    from
        product_images i1_0 
    where
        i1_0.product_id=?
Hibernate: 
    select
        c1_0.id,
        c1_0.created_at,
        c1_0.description,
        c1_0.image_url,
        c1_0.is_active,
        c1_0.name,
        c1_0.updated_at 
    from
        categories c1_0 
    where
        c1_0.id=?
Hibernate: 
    select
        s1_0.id,
        s1_0.address,
        s1_0.contact_name,
        s1_0.created_at,
        s1_0.email,
        s1_0.is_active,
        s1_0.name,
        s1_0.phone,
        s1_0.updated_at 
    from
        suppliers s1_0 
    where
        s1_0.id=?
